<?xml version="1.0" encoding="UTF-8"?>
<coverage generated="1768501088441" clover="3.2.0">
  <project timestamp="1768501088441" name="All files">
    <metrics statements="43" coveredstatements="34" conditionals="10" coveredconditionals="7" methods="9" coveredmethods="6" elements="62" coveredelements="47" complexity="0" loc="43" ncloc="43" packages="1" files="1" classes="1"/>
    <file name="LabelingAndMarkingScreen.tsx" path="/Users/codyschexnider/Documents/Technergetics/refactor/haz/src/screens/preparer/LabelingAndMarkingScreen.tsx">
      <metrics statements="43" coveredstatements="34" conditionals="10" coveredconditionals="7" methods="9" coveredmethods="6"/>
      <line num="24" count="1" type="stmt"/>
      <line num="34" count="8" type="stmt"/>
      <line num="35" count="8" type="stmt"/>
      <line num="37" count="8" type="stmt"/>
      <line num="38" count="8" type="stmt"/>
      <line num="40" count="8" type="stmt"/>
      <line num="41" count="8" type="stmt"/>
      <line num="42" count="8" type="stmt"/>
      <line num="43" count="8" type="cond" truecount="1" falsecount="1"/>
      <line num="46" count="8" type="stmt"/>
      <line num="47" count="8" type="stmt"/>
      <line num="48" count="8" type="stmt"/>
      <line num="63" count="8" type="stmt"/>
      <line num="64" count="0" type="stmt"/>
      <line num="68" count="8" type="stmt"/>
      <line num="70" count="0" type="stmt"/>
      <line num="71" count="0" type="cond" truecount="0" falsecount="2"/>
      <line num="72" count="0" type="stmt"/>
      <line num="73" count="0" type="stmt"/>
      <line num="74" count="0" type="stmt"/>
      <line num="78" count="0" type="stmt"/>
      <line num="79" count="0" type="stmt"/>
      <line num="84" count="8" type="stmt"/>
      <line num="85" count="1" type="stmt"/>
      <line num="86" count="1" type="stmt"/>
      <line num="87" count="1" type="stmt"/>
      <line num="90" count="8" type="stmt"/>
      <line num="91" count="1" type="stmt"/>
      <line num="92" count="1" type="stmt"/>
      <line num="95" count="8" type="stmt"/>
      <line num="96" count="1" type="stmt"/>
      <line num="100" count="1" type="stmt"/>
      <line num="104" count="8" type="stmt"/>
      <line num="105" count="8" type="cond" truecount="2" falsecount="0"/>
      <line num="106" count="1" type="stmt"/>
      <line num="110" count="8" type="cond" truecount="2" falsecount="0"/>
      <line num="111" count="1" type="stmt"/>
      <line num="115" count="7" type="stmt"/>
      <line num="134" count="7" type="cond" truecount="2" falsecount="0"/>
      <line num="135" count="1" type="stmt"/>
      <line num="146" count="6" type="stmt"/>
      <line num="161" count="0" type="stmt"/>
      <line num="169" count="1" type="stmt"/>
    </file>
  </project>
</coverage>
