{"/Users/codyschexnider/Documents/Technergetics/refactor/haz/src/services/sddg/templateExtractor.ts": {"path":"/Users/codyschexnider/Documents/Technergetics/refactor/haz/src/services/sddg/templateExtractor.ts","statementMap":{"0":{"start":{"line":87,"column":2},"end":{"line":87,"column":25}},"1":{"start":{"line":106,"column":20},"end":{"line":106,"column":30}},"2":{"start":{"line":107,"column":27},"end":{"line":107,"column":29}},"3":{"start":{"line":108,"column":29},"end":{"line":108,"column":31}},"4":{"start":{"line":109,"column":48},"end":{"line":109,"column":50}},"5":{"start":{"line":111,"column":2},"end":{"line":498,"column":3}},"6":{"start":{"line":113,"column":21},"end":{"line":113,"column":60}},"7":{"start":{"line":114,"column":4},"end":{"line":116,"column":5}},"8":{"start":{"line":115,"column":6},"end":{"line":115,"column":57}},"9":{"start":{"line":118,"column":4},"end":{"line":139,"column":5}},"10":{"start":{"line":119,"column":6},"end":{"line":119,"column":64}},"11":{"start":{"line":120,"column":6},"end":{"line":120,"column":61}},"12":{"start":{"line":121,"column":6},"end":{"line":121,"column":43}},"13":{"start":{"line":122,"column":6},"end":{"line":122,"column":45}},"14":{"start":{"line":123,"column":6},"end":{"line":123,"column":66}},"15":{"start":{"line":124,"column":6},"end":{"line":124,"column":64}},"16":{"start":{"line":126,"column":6},"end":{"line":128,"column":7}},"17":{"start":{"line":127,"column":8},"end":{"line":127,"column":79}},"18":{"start":{"line":129,"column":6},"end":{"line":134,"column":7}},"19":{"start":{"line":130,"column":8},"end":{"line":133,"column":10}},"20":{"start":{"line":136,"column":6},"end":{"line":136,"column":59}},"21":{"start":{"line":137,"column":6},"end":{"line":137,"column":43}},"22":{"start":{"line":138,"column":6},"end":{"line":138,"column":45}},"23":{"start":{"line":142,"column":30},"end":{"line":146,"column":5}},"24":{"start":{"line":149,"column":30},"end":{"line":149,"column":56}},"25":{"start":{"line":150,"column":22},"end":{"line":153,"column":5}},"26":{"start":{"line":155,"column":4},"end":{"line":157,"column":6}},"27":{"start":{"line":158,"column":4},"end":{"line":162,"column":5}},"28":{"start":{"line":159,"column":6},"end":{"line":161,"column":8}},"29":{"start":{"line":165,"column":31},"end":{"line":165,"column":48}},"30":{"start":{"line":166,"column":58},"end":{"line":166,"column":62}},"31":{"start":{"line":168,"column":4},"end":{"line":178,"column":5}},"32":{"start":{"line":169,"column":6},"end":{"line":169,"column":61}},"33":{"start":{"line":170,"column":6},"end":{"line":173,"column":8}},"34":{"start":{"line":174,"column":6},"end":{"line":174,"column":53}},"35":{"start":{"line":175,"column":6},"end":{"line":177,"column":8}},"36":{"start":{"line":181,"column":32},"end":{"line":190,"column":5}},"37":{"start":{"line":192,"column":26},"end":{"line":192,"column":34}},"38":{"start":{"line":194,"column":4},"end":{"line":265,"column":5}},"39":{"start":{"line":195,"column":6},"end":{"line":195,"column":60}},"40":{"start":{"line":197,"column":6},"end":{"line":264,"column":7}},"41":{"start":{"line":198,"column":27},"end":{"line":198,"column":66}},"42":{"start":{"line":199,"column":8},"end":{"line":199,"column":47}},"43":{"start":{"line":200,"column":8},"end":{"line":200,"column":78}},"44":{"start":{"line":202,"column":8},"end":{"line":204,"column":9}},"45":{"start":{"line":203,"column":10},"end":{"line":203,"column":83}},"46":{"start":{"line":206,"column":8},"end":{"line":261,"column":9}},"47":{"start":{"line":207,"column":10},"end":{"line":209,"column":12}},"48":{"start":{"line":211,"column":30},"end":{"line":213,"column":11}},"49":{"start":{"line":214,"column":29},"end":{"line":218,"column":13}},"50":{"start":{"line":214,"column":69},"end":{"line":218,"column":11}},"51":{"start":{"line":220,"column":34},"end":{"line":225,"column":11}},"52":{"start":{"line":227,"column":10},"end":{"line":227,"column":66}},"53":{"start":{"line":228,"column":10},"end":{"line":228,"column":78}},"54":{"start":{"line":229,"column":10},"end":{"line":229,"column":72}},"55":{"start":{"line":230,"column":10},"end":{"line":230,"column":73}},"56":{"start":{"line":231,"column":10},"end":{"line":232,"column":47}},"57":{"start":{"line":233,"column":10},"end":{"line":234,"column":49}},"58":{"start":{"line":236,"column":10},"end":{"line":253,"column":11}},"59":{"start":{"line":237,"column":12},"end":{"line":240,"column":14}},"60":{"start":{"line":241,"column":12},"end":{"line":243,"column":14}},"61":{"start":{"line":244,"column":12},"end":{"line":248,"column":14}},"62":{"start":{"line":250,"column":12},"end":{"line":252,"column":14}},"63":{"start":{"line":255,"column":10},"end":{"line":257,"column":12}},"64":{"start":{"line":258,"column":10},"end":{"line":260,"column":11}},"65":{"start":{"line":259,"column":12},"end":{"line":259,"column":58}},"66":{"start":{"line":263,"column":8},"end":{"line":263,"column":56}},"67":{"start":{"line":272,"column":4},"end":{"line":335,"column":5}},"68":{"start":{"line":277,"column":6},"end":{"line":277,"column":73}},"69":{"start":{"line":279,"column":6},"end":{"line":330,"column":7}},"70":{"start":{"line":280,"column":32},"end":{"line":286,"column":9}},"71":{"start":{"line":288,"column":8},"end":{"line":288,"column":46}},"72":{"start":{"line":290,"column":8},"end":{"line":290,"column":42}},"73":{"start":{"line":290,"column":24},"end":{"line":290,"column":42}},"74":{"start":{"line":293,"column":27},"end":{"line":297,"column":9}},"75":{"start":{"line":299,"column":8},"end":{"line":310,"column":9}},"76":{"start":{"line":300,"column":10},"end":{"line":300,"column":60}},"77":{"start":{"line":301,"column":10},"end":{"line":304,"column":12}},"78":{"start":{"line":306,"column":10},"end":{"line":306,"column":78}},"79":{"start":{"line":307,"column":10},"end":{"line":309,"column":11}},"80":{"start":{"line":308,"column":12},"end":{"line":308,"column":63}},"81":{"start":{"line":312,"column":8},"end":{"line":312,"column":51}},"82":{"start":{"line":313,"column":8},"end":{"line":313,"column":59}},"83":{"start":{"line":316,"column":8},"end":{"line":329,"column":10}},"84":{"start":{"line":331,"column":11},"end":{"line":335,"column":5}},"85":{"start":{"line":332,"column":6},"end":{"line":334,"column":8}},"86":{"start":{"line":338,"column":27},"end":{"line":343,"column":5}},"87":{"start":{"line":346,"column":23},"end":{"line":346,"column":59}},"88":{"start":{"line":347,"column":27},"end":{"line":347,"column":62}},"89":{"start":{"line":348,"column":18},"end":{"line":348,"column":19}},"90":{"start":{"line":349,"column":18},"end":{"line":349,"column":59}},"91":{"start":{"line":352,"column":4},"end":{"line":385,"column":5}},"92":{"start":{"line":353,"column":6},"end":{"line":353,"column":16}},"93":{"start":{"line":354,"column":6},"end":{"line":356,"column":7}},"94":{"start":{"line":355,"column":8},"end":{"line":355,"column":52}},"95":{"start":{"line":358,"column":6},"end":{"line":384,"column":7}},"96":{"start":{"line":359,"column":23},"end":{"line":366,"column":9}},"97":{"start":{"line":369,"column":29},"end":{"line":369,"column":62}},"98":{"start":{"line":371,"column":8},"end":{"line":377,"column":11}},"99":{"start":{"line":380,"column":8},"end":{"line":380,"column":48}},"100":{"start":{"line":382,"column":8},"end":{"line":382,"column":59}},"101":{"start":{"line":383,"column":8},"end":{"line":383,"column":66}},"102":{"start":{"line":388,"column":4},"end":{"line":415,"column":5}},"103":{"start":{"line":389,"column":6},"end":{"line":389,"column":16}},"104":{"start":{"line":390,"column":6},"end":{"line":392,"column":7}},"105":{"start":{"line":391,"column":8},"end":{"line":391,"column":52}},"106":{"start":{"line":394,"column":6},"end":{"line":414,"column":7}},"107":{"start":{"line":395,"column":26},"end":{"line":399,"column":10}},"108":{"start":{"line":401,"column":8},"end":{"line":407,"column":11}},"109":{"start":{"line":410,"column":8},"end":{"line":410,"column":56}},"110":{"start":{"line":412,"column":8},"end":{"line":412,"column":68}},"111":{"start":{"line":413,"column":8},"end":{"line":413,"column":69}},"112":{"start":{"line":419,"column":4},"end":{"line":437,"column":5}},"113":{"start":{"line":420,"column":29},"end":{"line":423,"column":7}},"114":{"start":{"line":424,"column":6},"end":{"line":436,"column":7}},"115":{"start":{"line":425,"column":8},"end":{"line":427,"column":10}},"116":{"start":{"line":428,"column":8},"end":{"line":428,"column":45}},"117":{"start":{"line":430,"column":28},"end":{"line":432,"column":9}},"118":{"start":{"line":431,"column":15},"end":{"line":431,"column":63}},"119":{"start":{"line":433,"column":8},"end":{"line":435,"column":9}},"120":{"start":{"line":434,"column":10},"end":{"line":434,"column":45}},"121":{"start":{"line":440,"column":4},"end":{"line":440,"column":48}},"122":{"start":{"line":441,"column":29},"end":{"line":441,"column":65}},"123":{"start":{"line":444,"column":4},"end":{"line":444,"column":75}},"124":{"start":{"line":444,"column":63},"end":{"line":444,"column":72}},"125":{"start":{"line":446,"column":4},"end":{"line":448,"column":6}},"126":{"start":{"line":449,"column":4},"end":{"line":451,"column":6}},"127":{"start":{"line":454,"column":32},"end":{"line":456,"column":17}},"128":{"start":{"line":458,"column":4},"end":{"line":494,"column":6}},"129":{"start":{"line":496,"column":4},"end":{"line":496,"column":47}},"130":{"start":{"line":497,"column":4},"end":{"line":497,"column":16}},"131":{"start":{"line":518,"column":23},"end":{"line":524,"column":3}},"132":{"start":{"line":528,"column":21},"end":{"line":528,"column":22}},"133":{"start":{"line":530,"column":2},"end":{"line":549,"column":3}},"134":{"start":{"line":532,"column":22},"end":{"line":532,"column":72}},"135":{"start":{"line":535,"column":22},"end":{"line":535,"column":53}},"136":{"start":{"line":536,"column":25},"end":{"line":536,"column":41}},"137":{"start":{"line":537,"column":25},"end":{"line":537,"column":42}},"138":{"start":{"line":539,"column":23},"end":{"line":539,"column":24}},"139":{"start":{"line":540,"column":4},"end":{"line":546,"column":5}},"140":{"start":{"line":541,"column":6},"end":{"line":545,"column":7}},"141":{"start":{"line":542,"column":8},"end":{"line":542,"column":78}},"142":{"start":{"line":543,"column":13},"end":{"line":545,"column":7}},"143":{"start":{"line":544,"column":8},"end":{"line":544,"column":78}},"144":{"start":{"line":548,"column":4},"end":{"line":548,"column":46}},"145":{"start":{"line":552,"column":2},"end":{"line":552,"column":45}},"146":{"start":{"line":553,"column":2},"end":{"line":557,"column":4}},"147":{"start":{"line":558,"column":2},"end":{"line":560,"column":4}},"148":{"start":{"line":561,"column":2},"end":{"line":567,"column":4}},"149":{"start":{"line":568,"column":2},"end":{"line":568,"column":46}},"150":{"start":{"line":571,"column":21},"end":{"line":576,"column":3}},"151":{"start":{"line":579,"column":19},"end":{"line":579,"column":21}},"152":{"start":{"line":581,"column":2},"end":{"line":585,"column":3}},"153":{"start":{"line":582,"column":22},"end":{"line":582,"column":47}},"154":{"start":{"line":583,"column":4},"end":{"line":583,"column":65}},"155":{"start":{"line":584,"column":4},"end":{"line":584,"column":30}},"156":{"start":{"line":587,"column":2},"end":{"line":591,"column":3}},"157":{"start":{"line":588,"column":22},"end":{"line":588,"column":47}},"158":{"start":{"line":589,"column":4},"end":{"line":589,"column":65}},"159":{"start":{"line":590,"column":4},"end":{"line":590,"column":30}},"160":{"start":{"line":594,"column":2},"end":{"line":596,"column":3}},"161":{"start":{"line":595,"column":4},"end":{"line":595,"column":54}},"162":{"start":{"line":597,"column":2},"end":{"line":599,"column":3}},"163":{"start":{"line":598,"column":4},"end":{"line":598,"column":55}},"164":{"start":{"line":602,"column":2},"end":{"line":612,"column":3}},"165":{"start":{"line":603,"column":4},"end":{"line":605,"column":6}},"166":{"start":{"line":606,"column":4},"end":{"line":611,"column":6}},"167":{"start":{"line":615,"column":19},"end":{"line":615,"column":59}},"168":{"start":{"line":618,"column":2},"end":{"line":638,"column":3}},"169":{"start":{"line":619,"column":38},"end":{"line":623,"column":5}},"170":{"start":{"line":624,"column":4},"end":{"line":624,"column":47}},"171":{"start":{"line":627,"column":4},"end":{"line":637,"column":5}},"172":{"start":{"line":630,"column":6},"end":{"line":630,"column":74}},"173":{"start":{"line":631,"column":6},"end":{"line":636,"column":8}},"174":{"start":{"line":641,"column":20},"end":{"line":641,"column":49}},"175":{"start":{"line":644,"column":20},"end":{"line":647,"column":35}},"176":{"start":{"line":650,"column":2},"end":{"line":656,"column":4}},"177":{"start":{"line":657,"column":2},"end":{"line":657,"column":52}},"178":{"start":{"line":658,"column":2},"end":{"line":658,"column":66}},"179":{"start":{"line":660,"column":2},"end":{"line":665,"column":4}},"180":{"start":{"line":672,"column":2},"end":{"line":672,"column":25}},"181":{"start":{"line":672,"column":13},"end":{"line":672,"column":25}},"182":{"start":{"line":675,"column":2},"end":{"line":678,"column":3}},"183":{"start":{"line":676,"column":4},"end":{"line":676,"column":44}},"184":{"start":{"line":677,"column":4},"end":{"line":677,"column":23}},"185":{"start":{"line":681,"column":2},"end":{"line":684,"column":3}},"186":{"start":{"line":682,"column":4},"end":{"line":682,"column":46}},"187":{"start":{"line":683,"column":4},"end":{"line":683,"column":23}},"188":{"start":{"line":687,"column":2},"end":{"line":692,"column":3}},"189":{"start":{"line":688,"column":4},"end":{"line":688,"column":46}},"190":{"start":{"line":689,"column":4},"end":{"line":689,"column":56}},"191":{"start":{"line":690,"column":4},"end":{"line":690,"column":46}},"192":{"start":{"line":691,"column":4},"end":{"line":691,"column":23}},"193":{"start":{"line":695,"column":2},"end":{"line":701,"column":3}},"194":{"start":{"line":696,"column":4},"end":{"line":698,"column":5}},"195":{"start":{"line":697,"column":6},"end":{"line":697,"column":16}},"196":{"start":{"line":699,"column":4},"end":{"line":699,"column":64}},"197":{"start":{"line":700,"column":4},"end":{"line":700,"column":23}},"198":{"start":{"line":704,"column":2},"end":{"line":717,"column":3}},"199":{"start":{"line":705,"column":4},"end":{"line":708,"column":6}},"200":{"start":{"line":709,"column":4},"end":{"line":709,"column":78}},"201":{"start":{"line":711,"column":4},"end":{"line":711,"column":80}},"202":{"start":{"line":712,"column":4},"end":{"line":712,"column":45}},"203":{"start":{"line":713,"column":4},"end":{"line":713,"column":46}},"204":{"start":{"line":714,"column":4},"end":{"line":714,"column":23}},"205":{"start":{"line":716,"column":4},"end":{"line":716,"column":36}},"206":{"start":{"line":720,"column":2},"end":{"line":731,"column":3}},"207":{"start":{"line":721,"column":4},"end":{"line":724,"column":6}},"208":{"start":{"line":725,"column":4},"end":{"line":728,"column":6}},"209":{"start":{"line":729,"column":4},"end":{"line":729,"column":66}},"210":{"start":{"line":730,"column":4},"end":{"line":730,"column":23}},"211":{"start":{"line":734,"column":2},"end":{"line":746,"column":3}},"212":{"start":{"line":735,"column":4},"end":{"line":738,"column":6}},"213":{"start":{"line":739,"column":4},"end":{"line":742,"column":6}},"214":{"start":{"line":743,"column":4},"end":{"line":743,"column":68}},"215":{"start":{"line":744,"column":4},"end":{"line":744,"column":67}},"216":{"start":{"line":745,"column":4},"end":{"line":745,"column":23}},"217":{"start":{"line":751,"column":2},"end":{"line":763,"column":3}},"218":{"start":{"line":756,"column":4},"end":{"line":759,"column":6}},"219":{"start":{"line":761,"column":4},"end":{"line":761,"column":78}},"220":{"start":{"line":762,"column":4},"end":{"line":762,"column":23}},"221":{"start":{"line":766,"column":2},"end":{"line":769,"column":3}},"222":{"start":{"line":767,"column":4},"end":{"line":767,"column":78}},"223":{"start":{"line":768,"column":4},"end":{"line":768,"column":23}},"224":{"start":{"line":772,"column":2},"end":{"line":775,"column":3}},"225":{"start":{"line":773,"column":4},"end":{"line":773,"column":49}},"226":{"start":{"line":774,"column":4},"end":{"line":774,"column":23}},"227":{"start":{"line":778,"column":2},"end":{"line":781,"column":3}},"228":{"start":{"line":779,"column":4},"end":{"line":779,"column":61}},"229":{"start":{"line":780,"column":4},"end":{"line":780,"column":23}},"230":{"start":{"line":783,"column":2},"end":{"line":783,"column":14}},"231":{"start":{"line":792,"column":63},"end":{"line":792,"column":65}},"232":{"start":{"line":795,"column":4},"end":{"line":812,"column":5}},"233":{"start":{"line":796,"column":20},"end":{"line":796,"column":28}},"234":{"start":{"line":797,"column":26},"end":{"line":797,"column":55}},"235":{"start":{"line":800,"column":6},"end":{"line":811,"column":7}},"236":{"start":{"line":806,"column":8},"end":{"line":806,"column":73}},"237":{"start":{"line":809,"column":11},"end":{"line":811,"column":7}},"238":{"start":{"line":810,"column":8},"end":{"line":810,"column":37}},"239":{"start":{"line":815,"column":2},"end":{"line":815,"column":29}},"240":{"start":{"line":816,"column":2},"end":{"line":816,"column":16}},"241":{"start":{"line":825,"column":63},"end":{"line":825,"column":65}},"242":{"start":{"line":828,"column":4},"end":{"line":845,"column":5}},"243":{"start":{"line":829,"column":20},"end":{"line":829,"column":28}},"244":{"start":{"line":830,"column":26},"end":{"line":830,"column":55}},"245":{"start":{"line":833,"column":6},"end":{"line":844,"column":7}},"246":{"start":{"line":839,"column":8},"end":{"line":839,"column":73}},"247":{"start":{"line":842,"column":11},"end":{"line":844,"column":7}},"248":{"start":{"line":843,"column":8},"end":{"line":843,"column":37}},"249":{"start":{"line":848,"column":2},"end":{"line":848,"column":29}},"250":{"start":{"line":849,"column":2},"end":{"line":849,"column":16}},"251":{"start":{"line":858,"column":46},"end":{"line":881,"column":3}},"252":{"start":{"line":883,"column":20},"end":{"line":883,"column":62}},"253":{"start":{"line":884,"column":2},"end":{"line":891,"column":3}},"254":{"start":{"line":886,"column":4},"end":{"line":890,"column":5}},"255":{"start":{"line":887,"column":6},"end":{"line":887,"column":40}},"256":{"start":{"line":888,"column":11},"end":{"line":890,"column":5}},"257":{"start":{"line":889,"column":6},"end":{"line":889,"column":29}},"258":{"start":{"line":905,"column":23},"end":{"line":909,"column":3}},"259":{"start":{"line":910,"column":21},"end":{"line":910,"column":61}},"260":{"start":{"line":911,"column":20},"end":{"line":911,"column":49}},"261":{"start":{"line":914,"column":15},"end":{"line":914,"column":50}},"262":{"start":{"line":915,"column":2},"end":{"line":915,"column":72}},"263":{"start":{"line":933,"column":2},"end":{"line":933,"column":58}},"264":{"start":{"line":933,"column":36},"end":{"line":933,"column":58}},"265":{"start":{"line":936,"column":23},"end":{"line":938,"column":35}},"266":{"start":{"line":941,"column":19},"end":{"line":943,"column":3}},"267":{"start":{"line":942,"column":12},"end":{"line":942,"column":65}},"268":{"start":{"line":945,"column":2},"end":{"line":947,"column":3}},"269":{"start":{"line":946,"column":4},"end":{"line":946,"column":26}},"270":{"start":{"line":949,"column":24},"end":{"line":949,"column":51}},"271":{"start":{"line":950,"column":22},"end":{"line":950,"column":43}},"272":{"start":{"line":953,"column":2},"end":{"line":955,"column":3}},"273":{"start":{"line":954,"column":4},"end":{"line":954,"column":26}},"274":{"start":{"line":958,"column":50},"end":{"line":965,"column":3}},"275":{"start":{"line":969,"column":24},"end":{"line":969,"column":49}},"276":{"start":{"line":970,"column":26},"end":{"line":970,"column":53}},"277":{"start":{"line":973,"column":2},"end":{"line":981,"column":3}},"278":{"start":{"line":977,"column":4},"end":{"line":979,"column":6}},"279":{"start":{"line":980,"column":4},"end":{"line":980,"column":25}},"280":{"start":{"line":984,"column":2},"end":{"line":998,"column":3}},"281":{"start":{"line":985,"column":36},"end":{"line":985,"column":58}},"282":{"start":{"line":986,"column":40},"end":{"line":986,"column":64}},"283":{"start":{"line":988,"column":4},"end":{"line":997,"column":5}},"284":{"start":{"line":993,"column":6},"end":{"line":995,"column":8}},"285":{"start":{"line":996,"column":6},"end":{"line":996,"column":27}},"286":{"start":{"line":1002,"column":2},"end":{"line":1002,"column":24}}},"fnMap":{"0":{"name":"shouldAttemptAutoAlignment","decl":{"start":{"line":84,"column":16},"end":{"line":84,"column":42}},"loc":{"start":{"line":86,"column":11},"end":{"line":88,"column":1}},"line":86},"1":{"name":"extractFormData","decl":{"start":{"line":94,"column":22},"end":{"line":94,"column":37}},"loc":{"start":{"line":105,"column":44},"end":{"line":499,"column":1}},"line":105},"2":{"name":"(anonymous_2)","decl":{"start":{"line":214,"column":52},"end":{"line":214,"column":53}},"loc":{"start":{"line":214,"column":69},"end":{"line":218,"column":11}},"line":214},"3":{"name":"(anonymous_3)","decl":{"start":{"line":431,"column":10},"end":{"line":431,"column":11}},"loc":{"start":{"line":431,"column":15},"end":{"line":431,"column":63}},"line":431},"4":{"name":"(anonymous_4)","decl":{"start":{"line":444,"column":51},"end":{"line":444,"column":52}},"loc":{"start":{"line":444,"column":63},"end":{"line":444,"column":72}},"line":444},"5":{"name":"extractFieldValue","decl":{"start":{"line":504,"column":15},"end":{"line":504,"column":32}},"loc":{"start":{"line":516,"column":3},"end":{"line":666,"column":1}},"line":516},"6":{"name":"cleanFieldText","decl":{"start":{"line":671,"column":9},"end":{"line":671,"column":23}},"loc":{"start":{"line":671,"column":65},"end":{"line":784,"column":1}},"line":671},"7":{"name":"getTextFieldRegions","decl":{"start":{"line":789,"column":9},"end":{"line":789,"column":28}},"loc":{"start":{"line":791,"column":48},"end":{"line":817,"column":1}},"line":791},"8":{"name":"traverse","decl":{"start":{"line":794,"column":11},"end":{"line":794,"column":19}},"loc":{"start":{"line":794,"column":49},"end":{"line":813,"column":3}},"line":794},"9":{"name":"getCheckboxRegions","decl":{"start":{"line":822,"column":9},"end":{"line":822,"column":27}},"loc":{"start":{"line":824,"column":48},"end":{"line":850,"column":1}},"line":824},"10":{"name":"traverse","decl":{"start":{"line":827,"column":11},"end":{"line":827,"column":19}},"loc":{"start":{"line":827,"column":49},"end":{"line":846,"column":3}},"line":827},"11":{"name":"setFieldValue","decl":{"start":{"line":856,"column":9},"end":{"line":856,"column":22}},"loc":{"start":{"line":856,"column":62},"end":{"line":892,"column":1}},"line":856},"12":{"name":"extractCheckboxValue","decl":{"start":{"line":897,"column":15},"end":{"line":897,"column":35}},"loc":{"start":{"line":901,"column":20},"end":{"line":916,"column":1}},"line":901},"13":{"name":"correctClassDivisionFromHazmatDb","decl":{"start":{"line":929,"column":9},"end":{"line":929,"column":41}},"loc":{"start":{"line":932,"column":10},"end":{"line":1003,"column":1}},"line":932},"14":{"name":"(anonymous_14)","decl":{"start":{"line":942,"column":4},"end":{"line":942,"column":5}},"loc":{"start":{"line":942,"column":12},"end":{"line":942,"column":65}},"line":942}},"branchMap":{"0":{"loc":{"start":{"line":96,"column":2},"end":{"line":96,"column":35}},"type":"default-arg","locations":[{"start":{"line":96,"column":21},"end":{"line":96,"column":35}}],"line":96},"1":{"loc":{"start":{"line":102,"column":2},"end":{"line":102,"column":73}},"type":"default-arg","locations":[{"start":{"line":102,"column":45},"end":{"line":102,"column":73}}],"line":102},"2":{"loc":{"start":{"line":103,"column":2},"end":{"line":103,"column":61}},"type":"default-arg","locations":[{"start":{"line":103,"column":37},"end":{"line":103,"column":61}}],"line":103},"3":{"loc":{"start":{"line":113,"column":21},"end":{"line":113,"column":60}},"type":"binary-expr","locations":[{"start":{"line":113,"column":21},"end":{"line":113,"column":35}},{"start":{"line":113,"column":39},"end":{"line":113,"column":60}}],"line":113},"4":{"loc":{"start":{"line":114,"column":4},"end":{"line":116,"column":5}},"type":"if","locations":[{"start":{"line":114,"column":4},"end":{"line":116,"column":5}},{"start":{},"end":{}}],"line":114},"5":{"loc":{"start":{"line":118,"column":4},"end":{"line":139,"column":5}},"type":"if","locations":[{"start":{"line":118,"column":4},"end":{"line":139,"column":5}},{"start":{"line":135,"column":11},"end":{"line":139,"column":5}}],"line":118},"6":{"loc":{"start":{"line":126,"column":6},"end":{"line":128,"column":7}},"type":"if","locations":[{"start":{"line":126,"column":6},"end":{"line":128,"column":7}},{"start":{},"end":{}}],"line":126},"7":{"loc":{"start":{"line":129,"column":6},"end":{"line":134,"column":7}},"type":"if","locations":[{"start":{"line":129,"column":6},"end":{"line":134,"column":7}},{"start":{},"end":{}}],"line":129},"8":{"loc":{"start":{"line":158,"column":4},"end":{"line":162,"column":5}},"type":"if","locations":[{"start":{"line":158,"column":4},"end":{"line":162,"column":5}},{"start":{},"end":{}}],"line":158},"9":{"loc":{"start":{"line":168,"column":4},"end":{"line":178,"column":5}},"type":"if","locations":[{"start":{"line":168,"column":4},"end":{"line":178,"column":5}},{"start":{},"end":{}}],"line":168},"10":{"loc":{"start":{"line":194,"column":4},"end":{"line":265,"column":5}},"type":"if","locations":[{"start":{"line":194,"column":4},"end":{"line":265,"column":5}},{"start":{},"end":{}}],"line":194},"11":{"loc":{"start":{"line":200,"column":45},"end":{"line":200,"column":77}},"type":"binary-expr","locations":[{"start":{"line":200,"column":45},"end":{"line":200,"column":68}},{"start":{"line":200,"column":72},"end":{"line":200,"column":77}}],"line":200},"12":{"loc":{"start":{"line":202,"column":8},"end":{"line":204,"column":9}},"type":"if","locations":[{"start":{"line":202,"column":8},"end":{"line":204,"column":9}},{"start":{},"end":{}}],"line":202},"13":{"loc":{"start":{"line":206,"column":8},"end":{"line":261,"column":9}},"type":"if","locations":[{"start":{"line":206,"column":8},"end":{"line":261,"column":9}},{"start":{"line":254,"column":15},"end":{"line":261,"column":9}}],"line":206},"14":{"loc":{"start":{"line":206,"column":12},"end":{"line":206,"column":63}},"type":"binary-expr","locations":[{"start":{"line":206,"column":12},"end":{"line":206,"column":30}},{"start":{"line":206,"column":34},"end":{"line":206,"column":63}}],"line":206},"15":{"loc":{"start":{"line":217,"column":24},"end":{"line":217,"column":47}},"type":"binary-expr","locations":[{"start":{"line":217,"column":24},"end":{"line":217,"column":40}},{"start":{"line":217,"column":44},"end":{"line":217,"column":47}}],"line":217},"16":{"loc":{"start":{"line":232,"column":12},"end":{"line":232,"column":46}},"type":"binary-expr","locations":[{"start":{"line":232,"column":12},"end":{"line":232,"column":41}},{"start":{"line":232,"column":45},"end":{"line":232,"column":46}}],"line":232},"17":{"loc":{"start":{"line":234,"column":12},"end":{"line":234,"column":48}},"type":"binary-expr","locations":[{"start":{"line":234,"column":12},"end":{"line":234,"column":43}},{"start":{"line":234,"column":47},"end":{"line":234,"column":48}}],"line":234},"18":{"loc":{"start":{"line":236,"column":10},"end":{"line":253,"column":11}},"type":"if","locations":[{"start":{"line":236,"column":10},"end":{"line":253,"column":11}},{"start":{"line":249,"column":17},"end":{"line":253,"column":11}}],"line":236},"19":{"loc":{"start":{"line":258,"column":10},"end":{"line":260,"column":11}},"type":"if","locations":[{"start":{"line":258,"column":10},"end":{"line":260,"column":11}},{"start":{},"end":{}}],"line":258},"20":{"loc":{"start":{"line":272,"column":4},"end":{"line":335,"column":5}},"type":"if","locations":[{"start":{"line":272,"column":4},"end":{"line":335,"column":5}},{"start":{"line":331,"column":11},"end":{"line":335,"column":5}}],"line":272},"21":{"loc":{"start":{"line":273,"column":6},"end":{"line":275,"column":21}},"type":"binary-expr","locations":[{"start":{"line":273,"column":6},"end":{"line":273,"column":29}},{"start":{"line":274,"column":6},"end":{"line":274,"column":33}},{"start":{"line":275,"column":6},"end":{"line":275,"column":21}}],"line":273},"22":{"loc":{"start":{"line":290,"column":8},"end":{"line":290,"column":42}},"type":"if","locations":[{"start":{"line":290,"column":8},"end":{"line":290,"column":42}},{"start":{},"end":{}}],"line":290},"23":{"loc":{"start":{"line":299,"column":8},"end":{"line":310,"column":9}},"type":"if","locations":[{"start":{"line":299,"column":8},"end":{"line":310,"column":9}},{"start":{"line":305,"column":15},"end":{"line":310,"column":9}}],"line":299},"24":{"loc":{"start":{"line":299,"column":12},"end":{"line":299,"column":49}},"type":"binary-expr","locations":[{"start":{"line":299,"column":12},"end":{"line":299,"column":28}},{"start":{"line":299,"column":32},"end":{"line":299,"column":49}}],"line":299},"25":{"loc":{"start":{"line":307,"column":10},"end":{"line":309,"column":11}},"type":"if","locations":[{"start":{"line":307,"column":10},"end":{"line":309,"column":11}},{"start":{},"end":{}}],"line":307},"26":{"loc":{"start":{"line":331,"column":11},"end":{"line":335,"column":5}},"type":"if","locations":[{"start":{"line":331,"column":11},"end":{"line":335,"column":5}},{"start":{},"end":{}}],"line":331},"27":{"loc":{"start":{"line":354,"column":6},"end":{"line":356,"column":7}},"type":"if","locations":[{"start":{"line":354,"column":6},"end":{"line":356,"column":7}},{"start":{},"end":{}}],"line":354},"28":{"loc":{"start":{"line":390,"column":6},"end":{"line":392,"column":7}},"type":"if","locations":[{"start":{"line":390,"column":6},"end":{"line":392,"column":7}},{"start":{},"end":{}}],"line":390},"29":{"loc":{"start":{"line":403,"column":17},"end":{"line":403,"column":52}},"type":"cond-expr","locations":[{"start":{"line":403,"column":29},"end":{"line":403,"column":38}},{"start":{"line":403,"column":41},"end":{"line":403,"column":52}}],"line":403},"30":{"loc":{"start":{"line":419,"column":4},"end":{"line":437,"column":5}},"type":"if","locations":[{"start":{"line":419,"column":4},"end":{"line":437,"column":5}},{"start":{},"end":{}}],"line":419},"31":{"loc":{"start":{"line":419,"column":8},"end":{"line":419,"column":45}},"type":"binary-expr","locations":[{"start":{"line":419,"column":8},"end":{"line":419,"column":22}},{"start":{"line":419,"column":26},"end":{"line":419,"column":45}}],"line":419},"32":{"loc":{"start":{"line":424,"column":6},"end":{"line":436,"column":7}},"type":"if","locations":[{"start":{"line":424,"column":6},"end":{"line":436,"column":7}},{"start":{},"end":{}}],"line":424},"33":{"loc":{"start":{"line":433,"column":8},"end":{"line":435,"column":9}},"type":"if","locations":[{"start":{"line":433,"column":8},"end":{"line":435,"column":9}},{"start":{},"end":{}}],"line":433},"34":{"loc":{"start":{"line":454,"column":32},"end":{"line":456,"column":17}},"type":"cond-expr","locations":[{"start":{"line":455,"column":8},"end":{"line":455,"column":23}},{"start":{"line":456,"column":8},"end":{"line":456,"column":17}}],"line":454},"35":{"loc":{"start":{"line":480,"column":27},"end":{"line":480,"column":75}},"type":"binary-expr","locations":[{"start":{"line":480,"column":27},"end":{"line":480,"column":70}},{"start":{"line":480,"column":74},"end":{"line":480,"column":75}}],"line":480},"36":{"loc":{"start":{"line":481,"column":33},"end":{"line":481,"column":77}},"type":"binary-expr","locations":[{"start":{"line":481,"column":33},"end":{"line":481,"column":71}},{"start":{"line":481,"column":75},"end":{"line":481,"column":77}}],"line":481},"37":{"loc":{"start":{"line":482,"column":23},"end":{"line":482,"column":77}},"type":"binary-expr","locations":[{"start":{"line":482,"column":23},"end":{"line":482,"column":46}},{"start":{"line":482,"column":50},"end":{"line":482,"column":77}}],"line":482},"38":{"loc":{"start":{"line":483,"column":25},"end":{"line":483,"column":60}},"type":"binary-expr","locations":[{"start":{"line":483,"column":25},"end":{"line":483,"column":42}},{"start":{"line":483,"column":46},"end":{"line":483,"column":60}}],"line":483},"39":{"loc":{"start":{"line":484,"column":29},"end":{"line":484,"column":55}},"type":"binary-expr","locations":[{"start":{"line":484,"column":29},"end":{"line":484,"column":50}},{"start":{"line":484,"column":54},"end":{"line":484,"column":55}}],"line":484},"40":{"loc":{"start":{"line":510,"column":2},"end":{"line":510,"column":35}},"type":"default-arg","locations":[{"start":{"line":510,"column":30},"end":{"line":510,"column":35}}],"line":510},"41":{"loc":{"start":{"line":530,"column":2},"end":{"line":549,"column":3}},"type":"if","locations":[{"start":{"line":530,"column":2},"end":{"line":549,"column":3}},{"start":{},"end":{}}],"line":530},"42":{"loc":{"start":{"line":540,"column":4},"end":{"line":546,"column":5}},"type":"if","locations":[{"start":{"line":540,"column":4},"end":{"line":546,"column":5}},{"start":{},"end":{}}],"line":540},"43":{"loc":{"start":{"line":541,"column":6},"end":{"line":545,"column":7}},"type":"if","locations":[{"start":{"line":541,"column":6},"end":{"line":545,"column":7}},{"start":{"line":543,"column":13},"end":{"line":545,"column":7}}],"line":541},"44":{"loc":{"start":{"line":543,"column":13},"end":{"line":545,"column":7}},"type":"if","locations":[{"start":{"line":543,"column":13},"end":{"line":545,"column":7}},{"start":{},"end":{}}],"line":543},"45":{"loc":{"start":{"line":555,"column":6},"end":{"line":555,"column":68}},"type":"cond-expr","locations":[{"start":{"line":555,"column":25},"end":{"line":555,"column":43}},{"start":{"line":555,"column":46},"end":{"line":555,"column":68}}],"line":555},"46":{"loc":{"start":{"line":581,"column":2},"end":{"line":585,"column":3}},"type":"if","locations":[{"start":{"line":581,"column":2},"end":{"line":585,"column":3}},{"start":{},"end":{}}],"line":581},"47":{"loc":{"start":{"line":587,"column":2},"end":{"line":591,"column":3}},"type":"if","locations":[{"start":{"line":587,"column":2},"end":{"line":591,"column":3}},{"start":{},"end":{}}],"line":587},"48":{"loc":{"start":{"line":594,"column":2},"end":{"line":596,"column":3}},"type":"if","locations":[{"start":{"line":594,"column":2},"end":{"line":596,"column":3}},{"start":{},"end":{}}],"line":594},"49":{"loc":{"start":{"line":597,"column":2},"end":{"line":599,"column":3}},"type":"if","locations":[{"start":{"line":597,"column":2},"end":{"line":599,"column":3}},{"start":{},"end":{}}],"line":597},"50":{"loc":{"start":{"line":602,"column":2},"end":{"line":612,"column":3}},"type":"if","locations":[{"start":{"line":602,"column":2},"end":{"line":612,"column":3}},{"start":{},"end":{}}],"line":602},"51":{"loc":{"start":{"line":602,"column":6},"end":{"line":602,"column":60}},"type":"binary-expr","locations":[{"start":{"line":602,"column":6},"end":{"line":602,"column":31}},{"start":{"line":602,"column":35},"end":{"line":602,"column":60}}],"line":602},"52":{"loc":{"start":{"line":618,"column":2},"end":{"line":638,"column":3}},"type":"if","locations":[{"start":{"line":618,"column":2},"end":{"line":638,"column":3}},{"start":{},"end":{}}],"line":618},"53":{"loc":{"start":{"line":618,"column":6},"end":{"line":618,"column":66}},"type":"binary-expr","locations":[{"start":{"line":618,"column":6},"end":{"line":618,"column":33}},{"start":{"line":618,"column":37},"end":{"line":618,"column":66}}],"line":618},"54":{"loc":{"start":{"line":627,"column":4},"end":{"line":637,"column":5}},"type":"if","locations":[{"start":{"line":627,"column":4},"end":{"line":637,"column":5}},{"start":{},"end":{}}],"line":627},"55":{"loc":{"start":{"line":672,"column":2},"end":{"line":672,"column":25}},"type":"if","locations":[{"start":{"line":672,"column":2},"end":{"line":672,"column":25}},{"start":{},"end":{}}],"line":672},"56":{"loc":{"start":{"line":675,"column":2},"end":{"line":678,"column":3}},"type":"if","locations":[{"start":{"line":675,"column":2},"end":{"line":678,"column":3}},{"start":{},"end":{}}],"line":675},"57":{"loc":{"start":{"line":681,"column":2},"end":{"line":684,"column":3}},"type":"if","locations":[{"start":{"line":681,"column":2},"end":{"line":684,"column":3}},{"start":{},"end":{}}],"line":681},"58":{"loc":{"start":{"line":687,"column":2},"end":{"line":692,"column":3}},"type":"if","locations":[{"start":{"line":687,"column":2},"end":{"line":692,"column":3}},{"start":{},"end":{}}],"line":687},"59":{"loc":{"start":{"line":695,"column":2},"end":{"line":701,"column":3}},"type":"if","locations":[{"start":{"line":695,"column":2},"end":{"line":701,"column":3}},{"start":{},"end":{}}],"line":695},"60":{"loc":{"start":{"line":696,"column":4},"end":{"line":698,"column":5}},"type":"if","locations":[{"start":{"line":696,"column":4},"end":{"line":698,"column":5}},{"start":{},"end":{}}],"line":696},"61":{"loc":{"start":{"line":704,"column":2},"end":{"line":717,"column":3}},"type":"if","locations":[{"start":{"line":704,"column":2},"end":{"line":717,"column":3}},{"start":{},"end":{}}],"line":704},"62":{"loc":{"start":{"line":720,"column":2},"end":{"line":731,"column":3}},"type":"if","locations":[{"start":{"line":720,"column":2},"end":{"line":731,"column":3}},{"start":{},"end":{}}],"line":720},"63":{"loc":{"start":{"line":734,"column":2},"end":{"line":746,"column":3}},"type":"if","locations":[{"start":{"line":734,"column":2},"end":{"line":746,"column":3}},{"start":{},"end":{}}],"line":734},"64":{"loc":{"start":{"line":751,"column":2},"end":{"line":763,"column":3}},"type":"if","locations":[{"start":{"line":751,"column":2},"end":{"line":763,"column":3}},{"start":{},"end":{}}],"line":751},"65":{"loc":{"start":{"line":766,"column":2},"end":{"line":769,"column":3}},"type":"if","locations":[{"start":{"line":766,"column":2},"end":{"line":769,"column":3}},{"start":{},"end":{}}],"line":766},"66":{"loc":{"start":{"line":772,"column":2},"end":{"line":775,"column":3}},"type":"if","locations":[{"start":{"line":772,"column":2},"end":{"line":775,"column":3}},{"start":{},"end":{}}],"line":772},"67":{"loc":{"start":{"line":778,"column":2},"end":{"line":781,"column":3}},"type":"if","locations":[{"start":{"line":778,"column":2},"end":{"line":781,"column":3}},{"start":{},"end":{}}],"line":778},"68":{"loc":{"start":{"line":794,"column":30},"end":{"line":794,"column":47}},"type":"default-arg","locations":[{"start":{"line":794,"column":45},"end":{"line":794,"column":47}}],"line":794},"69":{"loc":{"start":{"line":797,"column":26},"end":{"line":797,"column":55}},"type":"cond-expr","locations":[{"start":{"line":797,"column":33},"end":{"line":797,"column":49}},{"start":{"line":797,"column":52},"end":{"line":797,"column":55}}],"line":797},"70":{"loc":{"start":{"line":800,"column":6},"end":{"line":811,"column":7}},"type":"if","locations":[{"start":{"line":800,"column":6},"end":{"line":811,"column":7}},{"start":{"line":809,"column":11},"end":{"line":811,"column":7}}],"line":800},"71":{"loc":{"start":{"line":801,"column":8},"end":{"line":804,"column":38}},"type":"binary-expr","locations":[{"start":{"line":801,"column":8},"end":{"line":801,"column":13}},{"start":{"line":802,"column":8},"end":{"line":802,"column":33}},{"start":{"line":803,"column":8},"end":{"line":803,"column":28}},{"start":{"line":804,"column":8},"end":{"line":804,"column":38}}],"line":801},"72":{"loc":{"start":{"line":809,"column":11},"end":{"line":811,"column":7}},"type":"if","locations":[{"start":{"line":809,"column":11},"end":{"line":811,"column":7}},{"start":{},"end":{}}],"line":809},"73":{"loc":{"start":{"line":809,"column":15},"end":{"line":809,"column":76}},"type":"binary-expr","locations":[{"start":{"line":809,"column":15},"end":{"line":809,"column":20}},{"start":{"line":809,"column":24},"end":{"line":809,"column":49}},{"start":{"line":809,"column":53},"end":{"line":809,"column":76}}],"line":809},"74":{"loc":{"start":{"line":827,"column":30},"end":{"line":827,"column":47}},"type":"default-arg","locations":[{"start":{"line":827,"column":45},"end":{"line":827,"column":47}}],"line":827},"75":{"loc":{"start":{"line":830,"column":26},"end":{"line":830,"column":55}},"type":"cond-expr","locations":[{"start":{"line":830,"column":33},"end":{"line":830,"column":49}},{"start":{"line":830,"column":52},"end":{"line":830,"column":55}}],"line":830},"76":{"loc":{"start":{"line":833,"column":6},"end":{"line":844,"column":7}},"type":"if","locations":[{"start":{"line":833,"column":6},"end":{"line":844,"column":7}},{"start":{"line":842,"column":11},"end":{"line":844,"column":7}}],"line":833},"77":{"loc":{"start":{"line":834,"column":8},"end":{"line":837,"column":38}},"type":"binary-expr","locations":[{"start":{"line":834,"column":8},"end":{"line":834,"column":13}},{"start":{"line":835,"column":8},"end":{"line":835,"column":33}},{"start":{"line":836,"column":8},"end":{"line":836,"column":28}},{"start":{"line":837,"column":8},"end":{"line":837,"column":38}}],"line":834},"78":{"loc":{"start":{"line":842,"column":11},"end":{"line":844,"column":7}},"type":"if","locations":[{"start":{"line":842,"column":11},"end":{"line":844,"column":7}},{"start":{},"end":{}}],"line":842},"79":{"loc":{"start":{"line":842,"column":15},"end":{"line":842,"column":76}},"type":"binary-expr","locations":[{"start":{"line":842,"column":15},"end":{"line":842,"column":20}},{"start":{"line":842,"column":24},"end":{"line":842,"column":49}},{"start":{"line":842,"column":53},"end":{"line":842,"column":76}}],"line":842},"80":{"loc":{"start":{"line":883,"column":20},"end":{"line":883,"column":62}},"type":"binary-expr","locations":[{"start":{"line":883,"column":20},"end":{"line":883,"column":37}},{"start":{"line":883,"column":41},"end":{"line":883,"column":62}}],"line":883},"81":{"loc":{"start":{"line":884,"column":2},"end":{"line":891,"column":3}},"type":"if","locations":[{"start":{"line":884,"column":2},"end":{"line":891,"column":3}},{"start":{},"end":{}}],"line":884},"82":{"loc":{"start":{"line":886,"column":4},"end":{"line":890,"column":5}},"type":"if","locations":[{"start":{"line":886,"column":4},"end":{"line":890,"column":5}},{"start":{"line":888,"column":11},"end":{"line":890,"column":5}}],"line":886},"83":{"loc":{"start":{"line":886,"column":8},"end":{"line":886,"column":45}},"type":"binary-expr","locations":[{"start":{"line":886,"column":8},"end":{"line":886,"column":24}},{"start":{"line":886,"column":28},"end":{"line":886,"column":45}}],"line":886},"84":{"loc":{"start":{"line":888,"column":11},"end":{"line":890,"column":5}},"type":"if","locations":[{"start":{"line":888,"column":11},"end":{"line":890,"column":5}},{"start":{},"end":{}}],"line":888},"85":{"loc":{"start":{"line":915,"column":9},"end":{"line":915,"column":71}},"type":"binary-expr","locations":[{"start":{"line":915,"column":9},"end":{"line":915,"column":27}},{"start":{"line":915,"column":31},"end":{"line":915,"column":49}},{"start":{"line":915,"column":53},"end":{"line":915,"column":71}}],"line":915},"86":{"loc":{"start":{"line":933,"column":2},"end":{"line":933,"column":58}},"type":"if","locations":[{"start":{"line":933,"column":2},"end":{"line":933,"column":58}},{"start":{},"end":{}}],"line":933},"87":{"loc":{"start":{"line":933,"column":6},"end":{"line":933,"column":34}},"type":"binary-expr","locations":[{"start":{"line":933,"column":6},"end":{"line":933,"column":15}},{"start":{"line":933,"column":19},"end":{"line":933,"column":34}}],"line":933},"88":{"loc":{"start":{"line":936,"column":23},"end":{"line":938,"column":35}},"type":"cond-expr","locations":[{"start":{"line":937,"column":6},"end":{"line":937,"column":28}},{"start":{"line":938,"column":6},"end":{"line":938,"column":35}}],"line":936},"89":{"loc":{"start":{"line":942,"column":12},"end":{"line":942,"column":65}},"type":"binary-expr","locations":[{"start":{"line":942,"column":12},"end":{"line":942,"column":21}},{"start":{"line":942,"column":25},"end":{"line":942,"column":65}}],"line":942},"90":{"loc":{"start":{"line":945,"column":2},"end":{"line":947,"column":3}},"type":"if","locations":[{"start":{"line":945,"column":2},"end":{"line":947,"column":3}},{"start":{},"end":{}}],"line":945},"91":{"loc":{"start":{"line":945,"column":6},"end":{"line":945,"column":40}},"type":"binary-expr","locations":[{"start":{"line":945,"column":6},"end":{"line":945,"column":15}},{"start":{"line":945,"column":19},"end":{"line":945,"column":40}}],"line":945},"92":{"loc":{"start":{"line":953,"column":2},"end":{"line":955,"column":3}},"type":"if","locations":[{"start":{"line":953,"column":2},"end":{"line":955,"column":3}},{"start":{},"end":{}}],"line":953},"93":{"loc":{"start":{"line":973,"column":2},"end":{"line":981,"column":3}},"type":"if","locations":[{"start":{"line":973,"column":2},"end":{"line":981,"column":3}},{"start":{},"end":{}}],"line":973},"94":{"loc":{"start":{"line":974,"column":4},"end":{"line":975,"column":59}},"type":"binary-expr","locations":[{"start":{"line":974,"column":4},"end":{"line":974,"column":59}},{"start":{"line":975,"column":4},"end":{"line":975,"column":59}}],"line":974},"95":{"loc":{"start":{"line":984,"column":2},"end":{"line":998,"column":3}},"type":"if","locations":[{"start":{"line":984,"column":2},"end":{"line":998,"column":3}},{"start":{},"end":{}}],"line":984},"96":{"loc":{"start":{"line":984,"column":6},"end":{"line":984,"column":62}},"type":"binary-expr","locations":[{"start":{"line":984,"column":6},"end":{"line":984,"column":31}},{"start":{"line":984,"column":35},"end":{"line":984,"column":62}}],"line":984},"97":{"loc":{"start":{"line":988,"column":4},"end":{"line":997,"column":5}},"type":"if","locations":[{"start":{"line":988,"column":4},"end":{"line":997,"column":5}},{"start":{},"end":{}}],"line":988},"98":{"loc":{"start":{"line":989,"column":6},"end":{"line":991,"column":58}},"type":"binary-expr","locations":[{"start":{"line":989,"column":6},"end":{"line":989,"column":31}},{"start":{"line":990,"column":7},"end":{"line":990,"column":56}},{"start":{"line":991,"column":8},"end":{"line":991,"column":57}}],"line":989}},"s":{"0":51,"1":50,"2":50,"3":50,"4":50,"5":50,"6":50,"7":50,"8":1,"9":49,"10":38,"11":38,"12":38,"13":38,"14":38,"15":38,"16":38,"17":13,"18":38,"19":7,"20":11,"21":11,"22":11,"23":49,"24":48,"25":48,"26":48,"27":48,"28":1,"29":48,"30":48,"31":48,"32":47,"33":47,"34":47,"35":47,"36":48,"37":48,"38":48,"39":10,"40":10,"41":10,"42":9,"43":9,"44":9,"45":1,"46":9,"47":1,"48":1,"49":1,"50":0,"51":1,"52":1,"53":1,"54":1,"55":1,"56":1,"57":1,"58":1,"59":1,"60":1,"61":1,"62":0,"63":8,"64":8,"65":0,"66":1,"67":48,"68":5,"69":5,"70":5,"71":4,"72":4,"73":0,"74":4,"75":4,"76":3,"77":3,"78":1,"79":1,"80":1,"81":1,"82":1,"83":1,"84":43,"85":38,"86":48,"87":48,"88":48,"89":48,"90":48,"91":48,"92":53,"93":53,"94":2,"95":53,"96":53,"97":50,"98":50,"99":50,"100":3,"101":3,"102":48,"103":5,"104":5,"105":1,"106":5,"107":5,"108":5,"109":5,"110":0,"111":0,"112":48,"113":5,"114":5,"115":2,"116":2,"117":2,"118":4,"119":2,"120":2,"121":48,"122":48,"123":48,"124":0,"125":48,"126":48,"127":48,"128":48,"129":2,"130":2,"131":53,"132":53,"133":53,"134":7,"135":7,"136":7,"137":7,"138":7,"139":7,"140":7,"141":0,"142":7,"143":0,"144":7,"145":53,"146":53,"147":53,"148":53,"149":53,"150":53,"151":53,"152":53,"153":0,"154":0,"155":0,"156":53,"157":0,"158":0,"159":0,"160":53,"161":0,"162":53,"163":0,"164":53,"165":0,"166":0,"167":53,"168":53,"169":52,"170":52,"171":52,"172":1,"173":1,"174":52,"175":49,"176":49,"177":49,"178":49,"179":49,"180":50,"181":2,"182":48,"183":17,"184":17,"185":48,"186":2,"187":2,"188":48,"189":2,"190":2,"191":2,"192":2,"193":48,"194":4,"195":1,"196":3,"197":3,"198":47,"199":2,"200":2,"201":2,"202":2,"203":2,"204":2,"205":2,"206":47,"207":1,"208":1,"209":1,"210":1,"211":47,"212":1,"213":1,"214":1,"215":1,"216":1,"217":47,"218":2,"219":2,"220":2,"221":47,"222":1,"223":1,"224":47,"225":1,"226":1,"227":47,"228":1,"229":1,"230":47,"231":48,"232":71,"233":81,"234":81,"235":81,"236":53,"237":28,"238":23,"239":48,"240":48,"241":48,"242":71,"243":81,"244":81,"245":81,"246":5,"247":76,"248":23,"249":48,"250":48,"251":55,"252":55,"253":55,"254":55,"255":5,"256":50,"257":47,"258":5,"259":5,"260":5,"261":5,"262":5,"263":5,"264":0,"265":5,"266":5,"267":16,"268":5,"269":2,"270":3,"271":3,"272":3,"273":1,"274":2,"275":2,"276":2,"277":2,"278":2,"279":2,"280":0,"281":0,"282":0,"283":0,"284":0,"285":0,"286":0},"f":{"0":51,"1":50,"2":0,"3":4,"4":0,"5":53,"6":50,"7":48,"8":71,"9":48,"10":71,"11":55,"12":5,"13":5,"14":16},"b":{"0":[3],"1":[5],"2":[5],"3":[50,12],"4":[1,49],"5":[38,11],"6":[13,25],"7":[7,31],"8":[1,47],"9":[47,1],"10":[10,38],"11":[9,8],"12":[1,8],"13":[1,8],"14":[9,9],"15":[0,0],"16":[1,0],"17":[1,0],"18":[1,0],"19":[0,8],"20":[5,43],"21":[48,7,7],"22":[0,4],"23":[3,1],"24":[4,3],"25":[1,0],"26":[38,5],"27":[2,51],"28":[1,4],"29":[3,2],"30":[5,43],"31":[48,7],"32":[2,3],"33":[2,0],"34":[1,47],"35":[48,1],"36":[48,1],"37":[48,7],"38":[48,43],"39":[48,44],"40":[0],"41":[7,46],"42":[7,0],"43":[0,7],"44":[0,7],"45":[46,7],"46":[0,53],"47":[0,53],"48":[0,53],"49":[0,53],"50":[0,53],"51":[53,53],"52":[52,1],"53":[53,52],"54":[1,51],"55":[2,48],"56":[17,31],"57":[2,46],"58":[2,46],"59":[4,44],"60":[1,3],"61":[2,45],"62":[1,46],"63":[1,46],"64":[2,45],"65":[1,46],"66":[1,46],"67":[1,46],"68":[48],"69":[30,51],"70":[53,28],"71":[81,81,81,58],"72":[23,5],"73":[28,28,28],"74":[48],"75":[30,51],"76":[5,76],"77":[81,81,81,58],"78":[23,53],"79":[76,76,76],"80":[55,0],"81":[55,0],"82":[5,50],"83":[55,52],"84":[47,3],"85":[5,3,3],"86":[0,5],"87":[5,5],"88":[4,1],"89":[16,16],"90":[2,3],"91":[5,3],"92":[1,2],"93":[2,0],"94":[2,0],"95":[0,0],"96":[0,0],"97":[0,0],"98":[0,0,0]},"_coverageSchema":"1a1c01bbd47fc00a2c39e90264f33305004495a9","hash":"6c5e3aedbd53eff4df21ceff304e27cae683c29e"}
}
