{"/Users/codyschexnider/Documents/Technergetics/refactor/haz/src/components/ui/RadioGroup.tsx": {"path":"/Users/codyschexnider/Documents/Technergetics/refactor/haz/src/components/ui/RadioGroup.tsx","statementMap":{"0":{"start":{"line":21,"column":53},"end":{"line":53,"column":1}},"1":{"start":{"line":30,"column":2},"end":{"line":52,"column":4}},"2":{"start":{"line":38,"column":10},"end":{"line":48,"column":29}},"3":{"start":{"line":41,"column":27},"end":{"line":41,"column":49}},"4":{"start":{"line":55,"column":15},"end":{"line":105,"column":2}}},"fnMap":{"0":{"name":"(anonymous_0)","decl":{"start":{"line":21,"column":53},"end":{"line":21,"column":54}},"loc":{"start":{"line":29,"column":6},"end":{"line":53,"column":1}},"line":29},"1":{"name":"(anonymous_1)","decl":{"start":{"line":37,"column":21},"end":{"line":37,"column":22}},"loc":{"start":{"line":38,"column":10},"end":{"line":48,"column":29}},"line":38},"2":{"name":"(anonymous_2)","decl":{"start":{"line":41,"column":21},"end":{"line":41,"column":22}},"loc":{"start":{"line":41,"column":27},"end":{"line":41,"column":49}},"line":41}},"branchMap":{"0":{"loc":{"start":{"line":26,"column":2},"end":{"line":26,"column":18}},"type":"default-arg","locations":[{"start":{"line":26,"column":13},"end":{"line":26,"column":18}}],"line":26},"1":{"loc":{"start":{"line":27,"column":2},"end":{"line":27,"column":20}},"type":"default-arg","locations":[{"start":{"line":27,"column":15},"end":{"line":27,"column":20}}],"line":27},"2":{"loc":{"start":{"line":34,"column":9},"end":{"line":34,"column":59}},"type":"binary-expr","locations":[{"start":{"line":34,"column":9},"end":{"line":34,"column":17}},{"start":{"line":34,"column":21},"end":{"line":34,"column":59}}],"line":34},"3":{"loc":{"start":{"line":36,"column":45},"end":{"line":36,"column":76}},"type":"binary-expr","locations":[{"start":{"line":36,"column":45},"end":{"line":36,"column":55}},{"start":{"line":36,"column":59},"end":{"line":36,"column":76}}],"line":36},"4":{"loc":{"start":{"line":45,"column":15},"end":{"line":45,"column":75}},"type":"binary-expr","locations":[{"start":{"line":45,"column":15},"end":{"line":45,"column":37}},{"start":{"line":45,"column":41},"end":{"line":45,"column":75}}],"line":45}},"s":{"0":1,"1":4,"2":12,"3":1,"4":1},"f":{"0":4,"1":12,"2":1},"b":{"0":[3],"1":[4],"2":[4,1],"3":[4,0],"4":[12,0]},"_coverageSchema":"1a1c01bbd47fc00a2c39e90264f33305004495a9","hash":"103fb59f318db887f1591a53d315f07bb6f7f003"}
}
