{"total": {"lines":{"total":28132,"covered":4029,"skipped":0,"pct":14.32},"statements":{"total":29374,"covered":4199,"skipped":0,"pct":14.29},"functions":{"total":6189,"covered":660,"skipped":0,"pct":10.66},"branches":{"total":23800,"covered":2987,"skipped":0,"pct":12.55},"branchesTrue":{"total":0,"covered":0,"skipped":0,"pct":100}}
,"/Users/codyschexnider/Documents/Technergetics/refactor/haz/src/App.tsx": {"lines":{"total":85,"covered":0,"skipped":0,"pct":0},"functions":{"total":19,"covered":0,"skipped":0,"pct":0},"statements":{"total":88,"covered":0,"skipped":0,"pct":0},"branches":{"total":37,"covered":0,"skipped":0,"pct":0}}
,"/Users/codyschexnider/Documents/Technergetics/refactor/haz/src/generateFromSchema.ts": {"lines":{"total":11,"covered":0,"skipped":0,"pct":0},"functions":{"total":1,"covered":0,"skipped":0,"pct":0},"statements":{"total":11,"covered":0,"skipped":0,"pct":0},"branches":{"total":0,"covered":0,"skipped":0,"pct":100}}
,"/Users/codyschexnider/Documents/Technergetics/refactor/haz/src/code-generators/generate-query-resolvers.ts": {"lines":{"total":24,"covered":0,"skipped":0,"pct":0},"functions":{"total":6,"covered":0,"skipped":0,"pct":0},"statements":{"total":24,"covered":0,"skipped":0,"pct":0},"branches":{"total":8,"covered":0,"skipped":0,"pct":0}}
,"/Users/codyschexnider/Documents/Technergetics/refactor/haz/src/code-generators/generate-valtio-store.ts": {"lines":{"total":29,"covered":0,"skipped":0,"pct":0},"functions":{"total":9,"covered":0,"skipped":0,"pct":0},"statements":{"total":33,"covered":0,"skipped":0,"pct":0},"branches":{"total":8,"covered":0,"skipped":0,"pct":0}}
,"/Users/codyschexnider/Documents/Technergetics/refactor/haz/src/code-generators/generate-valtio-types.ts": {"lines":{"total":437,"covered":0,"skipped":0,"pct":0},"functions":{"total":88,"covered":0,"skipped":0,"pct":0},"statements":{"total":470,"covered":0,"skipped":0,"pct":0},"branches":{"total":371,"covered":0,"skipped":0,"pct":0}}
,"/Users/codyschexnider/Documents/Technergetics/refactor/haz/src/code-generators/generate-ydoc-types.ts": {"lines":{"total":163,"covered":0,"skipped":0,"pct":0},"functions":{"total":41,"covered":0,"skipped":0,"pct":0},"statements":{"total":170,"covered":0,"skipped":0,"pct":0},"branches":{"total":114,"covered":0,"skipped":0,"pct":0}}
,"/Users/codyschexnider/Documents/Technergetics/refactor/haz/src/code-generators/generated-entity-sync-paths.ts": {"lines":{"total":18,"covered":0,"skipped":0,"pct":0},"functions":{"total":8,"covered":0,"skipped":0,"pct":0},"statements":{"total":23,"covered":0,"skipped":0,"pct":0},"branches":{"total":10,"covered":0,"skipped":0,"pct":0}}
,"/Users/codyschexnider/Documents/Technergetics/refactor/haz/src/components/A8_5PackagingWizard.tsx": {"lines":{"total":46,"covered":0,"skipped":0,"pct":0},"functions":{"total":16,"covered":0,"skipped":0,"pct":0},"statements":{"total":50,"covered":0,"skipped":0,"pct":0},"branches":{"total":77,"covered":0,"skipped":0,"pct":0}}
,"/Users/codyschexnider/Documents/Technergetics/refactor/haz/src/components/AccessorialHazardEntry.tsx": {"lines":{"total":24,"covered":0,"skipped":0,"pct":0},"functions":{"total":9,"covered":0,"skipped":0,"pct":0},"statements":{"total":28,"covered":0,"skipped":0,"pct":0},"branches":{"total":26,"covered":0,"skipped":0,"pct":0}}
,"/Users/codyschexnider/Documents/Technergetics/refactor/haz/src/components/AccessorialHazardsScreen.tsx": {"lines":{"total":95,"covered":30,"skipped":0,"pct":31.57},"functions":{"total":29,"covered":6,"skipped":0,"pct":20.68},"statements":{"total":97,"covered":30,"skipped":0,"pct":30.92},"branches":{"total":111,"covered":16,"skipped":0,"pct":14.41}}
,"/Users/codyschexnider/Documents/Technergetics/refactor/haz/src/components/AccessorialQuantityEntry.tsx": {"lines":{"total":70,"covered":0,"skipped":0,"pct":0},"functions":{"total":16,"covered":0,"skipped":0,"pct":0},"statements":{"total":71,"covered":0,"skipped":0,"pct":0},"branches":{"total":34,"covered":0,"skipped":0,"pct":0}}
,"/Users/codyschexnider/Documents/Technergetics/refactor/haz/src/components/AcknowledgementScreen.tsx": {"lines":{"total":21,"covered":12,"skipped":0,"pct":57.14},"functions":{"total":7,"covered":4,"skipped":0,"pct":57.14},"statements":{"total":21,"covered":12,"skipped":0,"pct":57.14},"branches":{"total":27,"covered":16,"skipped":0,"pct":59.25}}
,"/Users/codyschexnider/Documents/Technergetics/refactor/haz/src/components/Capacitors.tsx": {"lines":{"total":76,"covered":0,"skipped":0,"pct":0},"functions":{"total":30,"covered":0,"skipped":0,"pct":0},"statements":{"total":79,"covered":0,"skipped":0,"pct":0},"branches":{"total":83,"covered":0,"skipped":0,"pct":0}}
,"/Users/codyschexnider/Documents/Technergetics/refactor/haz/src/components/ChevronHeaderCell.tsx": {"lines":{"total":44,"covered":0,"skipped":0,"pct":0},"functions":{"total":13,"covered":0,"skipped":0,"pct":0},"statements":{"total":45,"covered":0,"skipped":0,"pct":0},"branches":{"total":48,"covered":0,"skipped":0,"pct":0}}
,"/Users/codyschexnider/Documents/Technergetics/refactor/haz/src/components/CoeAndCaaScreen.tsx": {"lines":{"total":161,"covered":0,"skipped":0,"pct":0},"functions":{"total":32,"covered":0,"skipped":0,"pct":0},"statements":{"total":165,"covered":0,"skipped":0,"pct":0},"branches":{"total":110,"covered":0,"skipped":0,"pct":0}}
,"/Users/codyschexnider/Documents/Technergetics/refactor/haz/src/components/CompatibilitySegregationModal.tsx": {"lines":{"total":356,"covered":69,"skipped":0,"pct":19.38},"functions":{"total":104,"covered":10,"skipped":0,"pct":9.61},"statements":{"total":365,"covered":69,"skipped":0,"pct":18.9},"branches":{"total":374,"covered":38,"skipped":0,"pct":10.16}}
,"/Users/codyschexnider/Documents/Technergetics/refactor/haz/src/components/CustomDrawerContent.tsx": {"lines":{"total":7,"covered":0,"skipped":0,"pct":0},"functions":{"total":3,"covered":0,"skipped":0,"pct":0},"statements":{"total":7,"covered":0,"skipped":0,"pct":0},"branches":{"total":0,"covered":0,"skipped":0,"pct":100}}
,"/Users/codyschexnider/Documents/Technergetics/refactor/haz/src/components/CylinderEntryScreen.tsx": {"lines":{"total":274,"covered":0,"skipped":0,"pct":0},"functions":{"total":72,"covered":0,"skipped":0,"pct":0},"statements":{"total":282,"covered":0,"skipped":0,"pct":0},"branches":{"total":245,"covered":0,"skipped":0,"pct":0}}
,"/Users/codyschexnider/Documents/Technergetics/refactor/haz/src/components/CylinderMarkingExample.tsx": {"lines":{"total":4,"covered":0,"skipped":0,"pct":0},"functions":{"total":1,"covered":0,"skipped":0,"pct":0},"statements":{"total":4,"covered":0,"skipped":0,"pct":0},"branches":{"total":0,"covered":0,"skipped":0,"pct":100}}
,"/Users/codyschexnider/Documents/Technergetics/refactor/haz/src/components/DangerousGoods.tsx": {"lines":{"total":123,"covered":0,"skipped":0,"pct":0},"functions":{"total":37,"covered":0,"skipped":0,"pct":0},"statements":{"total":126,"covered":0,"skipped":0,"pct":0},"branches":{"total":138,"covered":0,"skipped":0,"pct":0}}
,"/Users/codyschexnider/Documents/Technergetics/refactor/haz/src/components/Data.tsx": {"lines":{"total":18,"covered":18,"skipped":0,"pct":100},"functions":{"total":4,"covered":4,"skipped":0,"pct":100},"statements":{"total":20,"covered":19,"skipped":0,"pct":95},"branches":{"total":10,"covered":9,"skipped":0,"pct":90}}
,"/Users/codyschexnider/Documents/Technergetics/refactor/haz/src/components/DataSectionWithImage.tsx": {"lines":{"total":2,"covered":0,"skipped":0,"pct":0},"functions":{"total":1,"covered":0,"skipped":0,"pct":0},"statements":{"total":2,"covered":0,"skipped":0,"pct":0},"branches":{"total":5,"covered":0,"skipped":0,"pct":0}}
,"/Users/codyschexnider/Documents/Technergetics/refactor/haz/src/components/DatabaseErrorDisplay.tsx": {"lines":{"total":28,"covered":0,"skipped":0,"pct":0},"functions":{"total":5,"covered":0,"skipped":0,"pct":0},"statements":{"total":30,"covered":0,"skipped":0,"pct":0},"branches":{"total":34,"covered":0,"skipped":0,"pct":0}}
,"/Users/codyschexnider/Documents/Technergetics/refactor/haz/src/components/DotSpScreen.tsx": {"lines":{"total":116,"covered":0,"skipped":0,"pct":0},"functions":{"total":26,"covered":0,"skipped":0,"pct":0},"statements":{"total":119,"covered":0,"skipped":0,"pct":0},"branches":{"total":63,"covered":0,"skipped":0,"pct":0}}
,"/Users/codyschexnider/Documents/Technergetics/refactor/haz/src/components/DryIceCalculator.tsx": {"lines":{"total":199,"covered":0,"skipped":0,"pct":0},"functions":{"total":25,"covered":0,"skipped":0,"pct":0},"statements":{"total":203,"covered":0,"skipped":0,"pct":0},"branches":{"total":142,"covered":0,"skipped":0,"pct":0}}
,"/Users/codyschexnider/Documents/Technergetics/refactor/haz/src/components/DryIcePreparationScreen.tsx": {"lines":{"total":21,"covered":0,"skipped":0,"pct":0},"functions":{"total":9,"covered":0,"skipped":0,"pct":0},"statements":{"total":21,"covered":0,"skipped":0,"pct":0},"branches":{"total":30,"covered":0,"skipped":0,"pct":0}}
,"/Users/codyschexnider/Documents/Technergetics/refactor/haz/src/components/ErrorBoundary.tsx": {"lines":{"total":11,"covered":0,"skipped":0,"pct":0},"functions":{"total":5,"covered":0,"skipped":0,"pct":0},"statements":{"total":11,"covered":0,"skipped":0,"pct":0},"branches":{"total":4,"covered":0,"skipped":0,"pct":0}}
,"/Users/codyschexnider/Documents/Technergetics/refactor/haz/src/components/ExampleLiquidPopMarking.tsx": {"lines":{"total":3,"covered":0,"skipped":0,"pct":0},"functions":{"total":1,"covered":0,"skipped":0,"pct":0},"statements":{"total":3,"covered":0,"skipped":0,"pct":0},"branches":{"total":4,"covered":0,"skipped":0,"pct":0}}
,"/Users/codyschexnider/Documents/Technergetics/refactor/haz/src/components/ExampleSolidPopMarking.tsx": {"lines":{"total":3,"covered":0,"skipped":0,"pct":0},"functions":{"total":1,"covered":0,"skipped":0,"pct":0},"statements":{"total":3,"covered":0,"skipped":0,"pct":0},"branches":{"total":4,"covered":0,"skipped":0,"pct":0}}
,"/Users/codyschexnider/Documents/Technergetics/refactor/haz/src/components/ExceptedQuantityConfirmationScreen.tsx": {"lines":{"total":17,"covered":0,"skipped":0,"pct":0},"functions":{"total":5,"covered":0,"skipped":0,"pct":0},"statements":{"total":17,"covered":0,"skipped":0,"pct":0},"branches":{"total":6,"covered":0,"skipped":0,"pct":0}}
,"/Users/codyschexnider/Documents/Technergetics/refactor/haz/src/components/ExceptedQuantityMarkingPreview.tsx": {"lines":{"total":13,"covered":0,"skipped":0,"pct":0},"functions":{"total":3,"covered":0,"skipped":0,"pct":0},"statements":{"total":13,"covered":0,"skipped":0,"pct":0},"branches":{"total":9,"covered":0,"skipped":0,"pct":0}}
,"/Users/codyschexnider/Documents/Technergetics/refactor/haz/src/components/ExceptedQuantityPackagingGuidance.tsx": {"lines":{"total":8,"covered":0,"skipped":0,"pct":0},"functions":{"total":2,"covered":0,"skipped":0,"pct":0},"statements":{"total":8,"covered":0,"skipped":0,"pct":0},"branches":{"total":4,"covered":0,"skipped":0,"pct":0}}
,"/Users/codyschexnider/Documents/Technergetics/refactor/haz/src/components/ExplosiveDetailsWizardNew.tsx": {"lines":{"total":107,"covered":0,"skipped":0,"pct":0},"functions":{"total":38,"covered":0,"skipped":0,"pct":0},"statements":{"total":113,"covered":0,"skipped":0,"pct":0},"branches":{"total":89,"covered":0,"skipped":0,"pct":0}}
,"/Users/codyschexnider/Documents/Technergetics/refactor/haz/src/components/GasCalculatorTool.tsx": {"lines":{"total":87,"covered":0,"skipped":0,"pct":0},"functions":{"total":20,"covered":0,"skipped":0,"pct":0},"statements":{"total":89,"covered":0,"skipped":0,"pct":0},"branches":{"total":87,"covered":0,"skipped":0,"pct":0}}
,"/Users/codyschexnider/Documents/Technergetics/refactor/haz/src/components/GasQuantityCalculatorModal.tsx": {"lines":{"total":97,"covered":0,"skipped":0,"pct":0},"functions":{"total":26,"covered":0,"skipped":0,"pct":0},"statements":{"total":98,"covered":0,"skipped":0,"pct":0},"branches":{"total":102,"covered":0,"skipped":0,"pct":0}}
,"/Users/codyschexnider/Documents/Technergetics/refactor/haz/src/components/GeneralPackagingAcknowledgementScreen.tsx": {"lines":{"total":70,"covered":0,"skipped":0,"pct":0},"functions":{"total":6,"covered":0,"skipped":0,"pct":0},"statements":{"total":71,"covered":0,"skipped":0,"pct":0},"branches":{"total":52,"covered":0,"skipped":0,"pct":0}}
,"/Users/codyschexnider/Documents/Technergetics/refactor/haz/src/components/GeneticallyModifiedOrganisms.tsx": {"lines":{"total":111,"covered":0,"skipped":0,"pct":0},"functions":{"total":30,"covered":0,"skipped":0,"pct":0},"statements":{"total":114,"covered":0,"skipped":0,"pct":0},"branches":{"total":141,"covered":0,"skipped":0,"pct":0}}
,"/Users/codyschexnider/Documents/Technergetics/refactor/haz/src/components/GrandfatheredExplosivePackagingReferenceViewer.tsx": {"lines":{"total":76,"covered":0,"skipped":0,"pct":0},"functions":{"total":24,"covered":0,"skipped":0,"pct":0},"statements":{"total":79,"covered":0,"skipped":0,"pct":0},"branches":{"total":185,"covered":0,"skipped":0,"pct":0}}
,"/Users/codyschexnider/Documents/Technergetics/refactor/haz/src/components/GrandfatheredPackagingReferenceScreen.tsx": {"lines":{"total":12,"covered":0,"skipped":0,"pct":0},"functions":{"total":6,"covered":0,"skipped":0,"pct":0},"statements":{"total":12,"covered":0,"skipped":0,"pct":0},"branches":{"total":2,"covered":0,"skipped":0,"pct":0}}
,"/Users/codyschexnider/Documents/Technergetics/refactor/haz/src/components/GrandfatheredWizard.tsx": {"lines":{"total":523,"covered":0,"skipped":0,"pct":0},"functions":{"total":90,"covered":0,"skipped":0,"pct":0},"statements":{"total":529,"covered":0,"skipped":0,"pct":0},"branches":{"total":653,"covered":0,"skipped":0,"pct":0}}
,"/Users/codyschexnider/Documents/Technergetics/refactor/haz/src/components/InformativeAndWorkflowModifiersAcknowledgementScreen.tsx": {"lines":{"total":98,"covered":0,"skipped":0,"pct":0},"functions":{"total":16,"covered":0,"skipped":0,"pct":0},"statements":{"total":100,"covered":0,"skipped":0,"pct":0},"branches":{"total":81,"covered":0,"skipped":0,"pct":0}}
,"/Users/codyschexnider/Documents/Technergetics/refactor/haz/src/components/InnerPackagingWizard.tsx": {"lines":{"total":52,"covered":0,"skipped":0,"pct":0},"functions":{"total":8,"covered":0,"skipped":0,"pct":0},"statements":{"total":55,"covered":0,"skipped":0,"pct":0},"branches":{"total":57,"covered":0,"skipped":0,"pct":0}}
,"/Users/codyschexnider/Documents/Technergetics/refactor/haz/src/components/LimitedQuantityPackagingGuidance.tsx": {"lines":{"total":8,"covered":0,"skipped":0,"pct":0},"functions":{"total":2,"covered":0,"skipped":0,"pct":0},"statements":{"total":8,"covered":0,"skipped":0,"pct":0},"branches":{"total":2,"covered":0,"skipped":0,"pct":0}}
,"/Users/codyschexnider/Documents/Technergetics/refactor/haz/src/components/LiquidPopMarking.tsx": {"lines":{"total":22,"covered":0,"skipped":0,"pct":0},"functions":{"total":4,"covered":0,"skipped":0,"pct":0},"statements":{"total":22,"covered":0,"skipped":0,"pct":0},"branches":{"total":17,"covered":0,"skipped":0,"pct":0}}
,"/Users/codyschexnider/Documents/Technergetics/refactor/haz/src/components/LoginScreen.tsx": {"lines":{"total":39,"covered":0,"skipped":0,"pct":0},"functions":{"total":11,"covered":0,"skipped":0,"pct":0},"statements":{"total":41,"covered":0,"skipped":0,"pct":0},"branches":{"total":26,"covered":0,"skipped":0,"pct":0}}
,"/Users/codyschexnider/Documents/Technergetics/refactor/haz/src/components/MagnetizedMaterialsPrepScreen.tsx": {"lines":{"total":53,"covered":0,"skipped":0,"pct":0},"functions":{"total":26,"covered":0,"skipped":0,"pct":0},"statements":{"total":55,"covered":0,"skipped":0,"pct":0},"branches":{"total":94,"covered":0,"skipped":0,"pct":0}}
,"/Users/codyschexnider/Documents/Technergetics/refactor/haz/src/components/MainLayout.tsx": {"lines":{"total":59,"covered":0,"skipped":0,"pct":0},"functions":{"total":22,"covered":0,"skipped":0,"pct":0},"statements":{"total":64,"covered":0,"skipped":0,"pct":0},"branches":{"total":66,"covered":0,"skipped":0,"pct":0}}
,"/Users/codyschexnider/Documents/Technergetics/refactor/haz/src/components/MainLayoutNavigator.tsx": {"lines":{"total":9,"covered":0,"skipped":0,"pct":0},"functions":{"total":3,"covered":0,"skipped":0,"pct":0},"statements":{"total":9,"covered":0,"skipped":0,"pct":0},"branches":{"total":0,"covered":0,"skipped":0,"pct":100}}
,"/Users/codyschexnider/Documents/Technergetics/refactor/haz/src/components/ManualEntryPackagingTypeSelection.tsx": {"lines":{"total":54,"covered":0,"skipped":0,"pct":0},"functions":{"total":12,"covered":0,"skipped":0,"pct":0},"statements":{"total":57,"covered":0,"skipped":0,"pct":0},"branches":{"total":46,"covered":0,"skipped":0,"pct":0}}
,"/Users/codyschexnider/Documents/Technergetics/refactor/haz/src/components/POPMarkingDataEntry.tsx": {"lines":{"total":209,"covered":0,"skipped":0,"pct":0},"functions":{"total":31,"covered":0,"skipped":0,"pct":0},"statements":{"total":211,"covered":0,"skipped":0,"pct":0},"branches":{"total":178,"covered":0,"skipped":0,"pct":0}}
,"/Users/codyschexnider/Documents/Technergetics/refactor/haz/src/components/POPScanResultsScreen.tsx": {"lines":{"total":89,"covered":0,"skipped":0,"pct":0},"functions":{"total":11,"covered":0,"skipped":0,"pct":0},"statements":{"total":93,"covered":0,"skipped":0,"pct":0},"branches":{"total":83,"covered":0,"skipped":0,"pct":0}}
,"/Users/codyschexnider/Documents/Technergetics/refactor/haz/src/components/POPScannerScreen.tsx": {"lines":{"total":61,"covered":0,"skipped":0,"pct":0},"functions":{"total":4,"covered":0,"skipped":0,"pct":0},"statements":{"total":62,"covered":0,"skipped":0,"pct":0},"branches":{"total":30,"covered":0,"skipped":0,"pct":0}}
,"/Users/codyschexnider/Documents/Technergetics/refactor/haz/src/components/PackagingScreen.tsx": {"lines":{"total":65,"covered":0,"skipped":0,"pct":0},"functions":{"total":8,"covered":0,"skipped":0,"pct":0},"statements":{"total":67,"covered":0,"skipped":0,"pct":0},"branches":{"total":42,"covered":0,"skipped":0,"pct":0}}
,"/Users/codyschexnider/Documents/Technergetics/refactor/haz/src/components/PackagingWizardV2.tsx": {"lines":{"total":168,"covered":0,"skipped":0,"pct":0},"functions":{"total":43,"covered":0,"skipped":0,"pct":0},"statements":{"total":176,"covered":0,"skipped":0,"pct":0},"branches":{"total":155,"covered":0,"skipped":0,"pct":0}}
,"/Users/codyschexnider/Documents/Technergetics/refactor/haz/src/components/PhoneNumberInput.tsx": {"lines":{"total":69,"covered":4,"skipped":0,"pct":5.79},"functions":{"total":13,"covered":0,"skipped":0,"pct":0},"statements":{"total":72,"covered":4,"skipped":0,"pct":5.55},"branches":{"total":85,"covered":0,"skipped":0,"pct":0}}
,"/Users/codyschexnider/Documents/Technergetics/refactor/haz/src/components/PlacardingTool.tsx": {"lines":{"total":69,"covered":0,"skipped":0,"pct":0},"functions":{"total":14,"covered":0,"skipped":0,"pct":0},"statements":{"total":70,"covered":0,"skipped":0,"pct":0},"branches":{"total":84,"covered":0,"skipped":0,"pct":0}}
,"/Users/codyschexnider/Documents/Technergetics/refactor/haz/src/components/SDDGComplianceValidation.tsx": {"lines":{"total":183,"covered":0,"skipped":0,"pct":0},"functions":{"total":34,"covered":0,"skipped":0,"pct":0},"statements":{"total":186,"covered":0,"skipped":0,"pct":0},"branches":{"total":148,"covered":0,"skipped":0,"pct":0}}
,"/Users/codyschexnider/Documents/Technergetics/refactor/haz/src/components/SDDGFormFieldVisual.tsx": {"lines":{"total":9,"covered":0,"skipped":0,"pct":0},"functions":{"total":2,"covered":0,"skipped":0,"pct":0},"statements":{"total":9,"covered":0,"skipped":0,"pct":0},"branches":{"total":35,"covered":0,"skipped":0,"pct":0}}
,"/Users/codyschexnider/Documents/Technergetics/refactor/haz/src/components/SDDGFrustrationSummary.tsx": {"lines":{"total":98,"covered":0,"skipped":0,"pct":0},"functions":{"total":16,"covered":0,"skipped":0,"pct":0},"statements":{"total":99,"covered":0,"skipped":0,"pct":0},"branches":{"total":41,"covered":0,"skipped":0,"pct":0}}
,"/Users/codyschexnider/Documents/Technergetics/refactor/haz/src/components/SDDGInspectionCompleteScreen.tsx": {"lines":{"total":33,"covered":0,"skipped":0,"pct":0},"functions":{"total":7,"covered":0,"skipped":0,"pct":0},"statements":{"total":33,"covered":0,"skipped":0,"pct":0},"branches":{"total":8,"covered":0,"skipped":0,"pct":0}}
,"/Users/codyschexnider/Documents/Technergetics/refactor/haz/src/components/SDDGUploadAndParse.tsx": {"lines":{"total":878,"covered":0,"skipped":0,"pct":0},"functions":{"total":64,"covered":0,"skipped":0,"pct":0},"statements":{"total":892,"covered":0,"skipped":0,"pct":0},"branches":{"total":762,"covered":0,"skipped":0,"pct":0}}
,"/Users/codyschexnider/Documents/Technergetics/refactor/haz/src/components/SDDGVerificationScreen.tsx": {"lines":{"total":202,"covered":56,"skipped":0,"pct":27.72},"functions":{"total":77,"covered":5,"skipped":0,"pct":6.49},"statements":{"total":206,"covered":57,"skipped":0,"pct":27.66},"branches":{"total":274,"covered":50,"skipped":0,"pct":18.24}}
,"/Users/codyschexnider/Documents/Technergetics/refactor/haz/src/components/SafetyDevices.tsx": {"lines":{"total":56,"covered":0,"skipped":0,"pct":0},"functions":{"total":23,"covered":0,"skipped":0,"pct":0},"statements":{"total":57,"covered":0,"skipped":0,"pct":0},"branches":{"total":43,"covered":0,"skipped":0,"pct":0}}
,"/Users/codyschexnider/Documents/Technergetics/refactor/haz/src/components/ShippersDeclarationForm.tsx": {"lines":{"total":57,"covered":32,"skipped":0,"pct":56.14},"functions":{"total":11,"covered":5,"skipped":0,"pct":45.45},"statements":{"total":57,"covered":32,"skipped":0,"pct":56.14},"branches":{"total":106,"covered":43,"skipped":0,"pct":40.56}}
,"/Users/codyschexnider/Documents/Technergetics/refactor/haz/src/components/SignatureModal.tsx": {"lines":{"total":13,"covered":3,"skipped":0,"pct":23.07},"functions":{"total":4,"covered":0,"skipped":0,"pct":0},"statements":{"total":13,"covered":3,"skipped":0,"pct":23.07},"branches":{"total":0,"covered":0,"skipped":0,"pct":100}}
,"/Users/codyschexnider/Documents/Technergetics/refactor/haz/src/components/SimplePdfToImageConverter.tsx": {"lines":{"total":26,"covered":0,"skipped":0,"pct":0},"functions":{"total":5,"covered":0,"skipped":0,"pct":0},"statements":{"total":26,"covered":0,"skipped":0,"pct":0},"branches":{"total":6,"covered":0,"skipped":0,"pct":0}}
,"/Users/codyschexnider/Documents/Technergetics/refactor/haz/src/components/SolidPopMarking.tsx": {"lines":{"total":15,"covered":0,"skipped":0,"pct":0},"functions":{"total":4,"covered":0,"skipped":0,"pct":0},"statements":{"total":15,"covered":0,"skipped":0,"pct":0},"branches":{"total":16,"covered":0,"skipped":0,"pct":0}}
,"/Users/codyschexnider/Documents/Technergetics/refactor/haz/src/components/SpecialAuthorizationAttestationScreen.tsx": {"lines":{"total":38,"covered":0,"skipped":0,"pct":0},"functions":{"total":7,"covered":0,"skipped":0,"pct":0},"statements":{"total":39,"covered":0,"skipped":0,"pct":0},"branches":{"total":27,"covered":0,"skipped":0,"pct":0}}
,"/Users/codyschexnider/Documents/Technergetics/refactor/haz/src/components/SpecialAuthorizationPackingDataScreen.tsx": {"lines":{"total":65,"covered":0,"skipped":0,"pct":0},"functions":{"total":11,"covered":0,"skipped":0,"pct":0},"statements":{"total":70,"covered":0,"skipped":0,"pct":0},"branches":{"total":70,"covered":0,"skipped":0,"pct":0}}
,"/Users/codyschexnider/Documents/Technergetics/refactor/haz/src/components/SubstepRow.tsx": {"lines":{"total":35,"covered":0,"skipped":0,"pct":0},"functions":{"total":7,"covered":0,"skipped":0,"pct":0},"statements":{"total":38,"covered":0,"skipped":0,"pct":0},"branches":{"total":43,"covered":0,"skipped":0,"pct":0}}
,"/Users/codyschexnider/Documents/Technergetics/refactor/haz/src/components/TopNavBar.tsx": {"lines":{"total":27,"covered":0,"skipped":0,"pct":0},"functions":{"total":9,"covered":0,"skipped":0,"pct":0},"statements":{"total":27,"covered":0,"skipped":0,"pct":0},"branches":{"total":3,"covered":0,"skipped":0,"pct":0}}
,"/Users/codyschexnider/Documents/Technergetics/refactor/haz/src/components/UnauthorizedCylinderSpecification.tsx": {"lines":{"total":6,"covered":0,"skipped":0,"pct":0},"functions":{"total":2,"covered":0,"skipped":0,"pct":0},"statements":{"total":6,"covered":0,"skipped":0,"pct":0},"branches":{"total":2,"covered":0,"skipped":0,"pct":0}}
,"/Users/codyschexnider/Documents/Technergetics/refactor/haz/src/components/UnauthorizedPopMarking.tsx": {"lines":{"total":13,"covered":0,"skipped":0,"pct":0},"functions":{"total":4,"covered":0,"skipped":0,"pct":0},"statements":{"total":13,"covered":0,"skipped":0,"pct":0},"branches":{"total":11,"covered":0,"skipped":0,"pct":0}}
,"/Users/codyschexnider/Documents/Technergetics/refactor/haz/src/components/UnitConversionTool.tsx": {"lines":{"total":64,"covered":0,"skipped":0,"pct":0},"functions":{"total":15,"covered":0,"skipped":0,"pct":0},"statements":{"total":64,"covered":0,"skipped":0,"pct":0},"branches":{"total":24,"covered":0,"skipped":0,"pct":0}}
,"/Users/codyschexnider/Documents/Technergetics/refactor/haz/src/components/Wizard.tsx": {"lines":{"total":103,"covered":0,"skipped":0,"pct":0},"functions":{"total":26,"covered":0,"skipped":0,"pct":0},"statements":{"total":107,"covered":0,"skipped":0,"pct":0},"branches":{"total":100,"covered":0,"skipped":0,"pct":0}}
,"/Users/codyschexnider/Documents/Technergetics/refactor/haz/src/components/WorkflowChevron.tsx": {"lines":{"total":67,"covered":0,"skipped":0,"pct":0},"functions":{"total":4,"covered":0,"skipped":0,"pct":0},"statements":{"total":68,"covered":0,"skipped":0,"pct":0},"branches":{"total":76,"covered":0,"skipped":0,"pct":0}}
,"/Users/codyschexnider/Documents/Technergetics/refactor/haz/src/components/WorkflowRow.tsx": {"lines":{"total":6,"covered":0,"skipped":0,"pct":0},"functions":{"total":3,"covered":0,"skipped":0,"pct":0},"statements":{"total":6,"covered":0,"skipped":0,"pct":0},"branches":{"total":2,"covered":0,"skipped":0,"pct":0}}
,"/Users/codyschexnider/Documents/Technergetics/refactor/haz/src/components/Inspector/AuthorizationDocumentViewer.tsx": {"lines":{"total":76,"covered":0,"skipped":0,"pct":0},"functions":{"total":11,"covered":0,"skipped":0,"pct":0},"statements":{"total":87,"covered":0,"skipped":0,"pct":0},"branches":{"total":68,"covered":0,"skipped":0,"pct":0}}
,"/Users/codyschexnider/Documents/Technergetics/refactor/haz/src/components/Inspector/Form1015CheckboxWithStatus.tsx": {"lines":{"total":7,"covered":2,"skipped":0,"pct":28.57},"functions":{"total":1,"covered":0,"skipped":0,"pct":0},"statements":{"total":7,"covered":2,"skipped":0,"pct":28.57},"branches":{"total":12,"covered":0,"skipped":0,"pct":0}}
,"/Users/codyschexnider/Documents/Technergetics/refactor/haz/src/components/Inspector/Form1015Viewer.tsx": {"lines":{"total":158,"covered":2,"skipped":0,"pct":1.26},"functions":{"total":33,"covered":0,"skipped":0,"pct":0},"statements":{"total":161,"covered":2,"skipped":0,"pct":1.24},"branches":{"total":162,"covered":0,"skipped":0,"pct":0}}
,"/Users/codyschexnider/Documents/Technergetics/refactor/haz/src/components/Inspector/InspectorChecklistItem.tsx": {"lines":{"total":40,"covered":0,"skipped":0,"pct":0},"functions":{"total":5,"covered":0,"skipped":0,"pct":0},"statements":{"total":40,"covered":0,"skipped":0,"pct":0},"branches":{"total":28,"covered":0,"skipped":0,"pct":0}}
,"/Users/codyschexnider/Documents/Technergetics/refactor/haz/src/components/Inspector/InspectorChevronHeaderCell.tsx": {"lines":{"total":51,"covered":0,"skipped":0,"pct":0},"functions":{"total":14,"covered":0,"skipped":0,"pct":0},"statements":{"total":52,"covered":0,"skipped":0,"pct":0},"branches":{"total":64,"covered":0,"skipped":0,"pct":0}}
,"/Users/codyschexnider/Documents/Technergetics/refactor/haz/src/components/Inspector/InspectorForm1015LabelingAndMarkingChecklist.tsx": {"lines":{"total":37,"covered":0,"skipped":0,"pct":0},"functions":{"total":17,"covered":0,"skipped":0,"pct":0},"statements":{"total":39,"covered":0,"skipped":0,"pct":0},"branches":{"total":21,"covered":0,"skipped":0,"pct":0}}
,"/Users/codyschexnider/Documents/Technergetics/refactor/haz/src/components/Inspector/InspectorForm1015PackagingChecklist.tsx": {"lines":{"total":34,"covered":0,"skipped":0,"pct":0},"functions":{"total":16,"covered":0,"skipped":0,"pct":0},"statements":{"total":36,"covered":0,"skipped":0,"pct":0},"branches":{"total":21,"covered":0,"skipped":0,"pct":0}}
,"/Users/codyschexnider/Documents/Technergetics/refactor/haz/src/components/Inspector/InspectorFormSDDGChecklist.tsx": {"lines":{"total":34,"covered":0,"skipped":0,"pct":0},"functions":{"total":16,"covered":0,"skipped":0,"pct":0},"statements":{"total":36,"covered":0,"skipped":0,"pct":0},"branches":{"total":21,"covered":0,"skipped":0,"pct":0}}
,"/Users/codyschexnider/Documents/Technergetics/refactor/haz/src/components/Inspector/InspectorInitialQuestioningChecklist.tsx": {"lines":{"total":14,"covered":0,"skipped":0,"pct":0},"functions":{"total":8,"covered":0,"skipped":0,"pct":0},"statements":{"total":14,"covered":0,"skipped":0,"pct":0},"branches":{"total":10,"covered":0,"skipped":0,"pct":0}}
,"/Users/codyschexnider/Documents/Technergetics/refactor/haz/src/components/Inspector/InspectorMainLayout.tsx": {"lines":{"total":58,"covered":0,"skipped":0,"pct":0},"functions":{"total":24,"covered":0,"skipped":0,"pct":0},"statements":{"total":61,"covered":0,"skipped":0,"pct":0},"branches":{"total":85,"covered":0,"skipped":0,"pct":0}}
,"/Users/codyschexnider/Documents/Technergetics/refactor/haz/src/components/Inspector/InspectorSDDGMiniPreview.tsx": {"lines":{"total":30,"covered":0,"skipped":0,"pct":0},"functions":{"total":4,"covered":0,"skipped":0,"pct":0},"statements":{"total":33,"covered":0,"skipped":0,"pct":0},"branches":{"total":53,"covered":0,"skipped":0,"pct":0}}
,"/Users/codyschexnider/Documents/Technergetics/refactor/haz/src/components/Inspector/InspectorSDDGModalView.tsx": {"lines":{"total":62,"covered":0,"skipped":0,"pct":0},"functions":{"total":11,"covered":0,"skipped":0,"pct":0},"statements":{"total":64,"covered":0,"skipped":0,"pct":0},"branches":{"total":56,"covered":0,"skipped":0,"pct":0}}
,"/Users/codyschexnider/Documents/Technergetics/refactor/haz/src/components/Inspector/InspectorShippersDeclarationForm.tsx": {"lines":{"total":143,"covered":9,"skipped":0,"pct":6.29},"functions":{"total":9,"covered":0,"skipped":0,"pct":0},"statements":{"total":145,"covered":9,"skipped":0,"pct":6.2},"branches":{"total":105,"covered":0,"skipped":0,"pct":0}}
,"/Users/codyschexnider/Documents/Technergetics/refactor/haz/src/components/Inspector/InspectorWorkflowChevron.tsx": {"lines":{"total":84,"covered":0,"skipped":0,"pct":0},"functions":{"total":5,"covered":0,"skipped":0,"pct":0},"statements":{"total":85,"covered":0,"skipped":0,"pct":0},"branches":{"total":98,"covered":0,"skipped":0,"pct":0}}
,"/Users/codyschexnider/Documents/Technergetics/refactor/haz/src/components/Inspector/InspectorWorkflowRow.tsx": {"lines":{"total":9,"covered":0,"skipped":0,"pct":0},"functions":{"total":3,"covered":0,"skipped":0,"pct":0},"statements":{"total":9,"covered":0,"skipped":0,"pct":0},"branches":{"total":4,"covered":0,"skipped":0,"pct":0}}
,"/Users/codyschexnider/Documents/Technergetics/refactor/haz/src/components/Inspector/InteractiveSDDGForm.tsx": {"lines":{"total":98,"covered":90,"skipped":0,"pct":91.83},"functions":{"total":16,"covered":16,"skipped":0,"pct":100},"statements":{"total":108,"covered":98,"skipped":0,"pct":90.74},"branches":{"total":108,"covered":70,"skipped":0,"pct":64.81}}
,"/Users/codyschexnider/Documents/Technergetics/refactor/haz/src/components/Inspector/MaterialLookupModal.tsx": {"lines":{"total":65,"covered":0,"skipped":0,"pct":0},"functions":{"total":24,"covered":0,"skipped":0,"pct":0},"statements":{"total":68,"covered":0,"skipped":0,"pct":0},"branches":{"total":37,"covered":0,"skipped":0,"pct":0}}
,"/Users/codyschexnider/Documents/Technergetics/refactor/haz/src/components/Inspector/SDDGFieldModal.tsx": {"lines":{"total":64,"covered":24,"skipped":0,"pct":37.5},"functions":{"total":15,"covered":4,"skipped":0,"pct":26.66},"statements":{"total":68,"covered":24,"skipped":0,"pct":35.29},"branches":{"total":45,"covered":6,"skipped":0,"pct":13.33}}
,"/Users/codyschexnider/Documents/Technergetics/refactor/haz/src/components/Inspector/SDDGImageViewer.tsx": {"lines":{"total":97,"covered":3,"skipped":0,"pct":3.09},"functions":{"total":13,"covered":0,"skipped":0,"pct":0},"statements":{"total":98,"covered":3,"skipped":0,"pct":3.06},"branches":{"total":88,"covered":0,"skipped":0,"pct":0}}
,"/Users/codyschexnider/Documents/Technergetics/refactor/haz/src/components/Inspector/SDDGRecommendedFrustrationBanner.tsx": {"lines":{"total":3,"covered":0,"skipped":0,"pct":0},"functions":{"total":1,"covered":0,"skipped":0,"pct":0},"statements":{"total":3,"covered":0,"skipped":0,"pct":0},"branches":{"total":0,"covered":0,"skipped":0,"pct":100}}
,"/Users/codyschexnider/Documents/Technergetics/refactor/haz/src/components/Inspector/SDDGWorkflowHeader.tsx": {"lines":{"total":25,"covered":0,"skipped":0,"pct":0},"functions":{"total":4,"covered":0,"skipped":0,"pct":0},"statements":{"total":25,"covered":0,"skipped":0,"pct":0},"branches":{"total":10,"covered":0,"skipped":0,"pct":0}}
,"/Users/codyschexnider/Documents/Technergetics/refactor/haz/src/components/Inspector/SimpleFieldEditModal.tsx": {"lines":{"total":18,"covered":0,"skipped":0,"pct":0},"functions":{"total":6,"covered":0,"skipped":0,"pct":0},"statements":{"total":18,"covered":0,"skipped":0,"pct":0},"branches":{"total":14,"covered":0,"skipped":0,"pct":0}}
,"/Users/codyschexnider/Documents/Technergetics/refactor/haz/src/components/Inspector/TappableSDDGField.tsx": {"lines":{"total":6,"covered":4,"skipped":0,"pct":66.66},"functions":{"total":2,"covered":1,"skipped":0,"pct":50},"statements":{"total":6,"covered":4,"skipped":0,"pct":66.66},"branches":{"total":18,"covered":14,"skipped":0,"pct":77.77}}
,"/Users/codyschexnider/Documents/Technergetics/refactor/haz/src/components/Inspector/TappableTableCell.tsx": {"lines":{"total":20,"covered":12,"skipped":0,"pct":60},"functions":{"total":7,"covered":3,"skipped":0,"pct":42.85},"statements":{"total":20,"covered":12,"skipped":0,"pct":60},"branches":{"total":38,"covered":26,"skipped":0,"pct":68.42}}
,"/Users/codyschexnider/Documents/Technergetics/refactor/haz/src/components/Inspector/materialLookupUtils.ts": {"lines":{"total":24,"covered":24,"skipped":0,"pct":100},"functions":{"total":4,"covered":4,"skipped":0,"pct":100},"statements":{"total":26,"covered":26,"skipped":0,"pct":100},"branches":{"total":32,"covered":28,"skipped":0,"pct":87.5}}
,"/Users/codyschexnider/Documents/Technergetics/refactor/haz/src/components/Inspector/ModalViews/DecisionView.tsx": {"lines":{"total":3,"covered":2,"skipped":0,"pct":66.66},"functions":{"total":1,"covered":0,"skipped":0,"pct":0},"statements":{"total":3,"covered":2,"skipped":0,"pct":66.66},"branches":{"total":2,"covered":0,"skipped":0,"pct":0}}
,"/Users/codyschexnider/Documents/Technergetics/refactor/haz/src/components/Inspector/ModalViews/EditValueView.tsx": {"lines":{"total":53,"covered":4,"skipped":0,"pct":7.54},"functions":{"total":10,"covered":0,"skipped":0,"pct":0},"statements":{"total":55,"covered":4,"skipped":0,"pct":7.27},"branches":{"total":44,"covered":0,"skipped":0,"pct":0}}
,"/Users/codyschexnider/Documents/Technergetics/refactor/haz/src/components/Inspector/ModalViews/FrustrationDetailsView.tsx": {"lines":{"total":6,"covered":2,"skipped":0,"pct":33.33},"functions":{"total":3,"covered":0,"skipped":0,"pct":0},"statements":{"total":6,"covered":2,"skipped":0,"pct":33.33},"branches":{"total":22,"covered":0,"skipped":0,"pct":0}}
,"/Users/codyschexnider/Documents/Technergetics/refactor/haz/src/components/Inspector/ModalViews/RecommendedIssueView.tsx": {"lines":{"total":4,"covered":2,"skipped":0,"pct":50},"functions":{"total":1,"covered":0,"skipped":0,"pct":0},"statements":{"total":4,"covered":2,"skipped":0,"pct":50},"branches":{"total":12,"covered":0,"skipped":0,"pct":0}}
,"/Users/codyschexnider/Documents/Technergetics/refactor/haz/src/components/Inspector/ModalViews/ReportIssueView.tsx": {"lines":{"total":46,"covered":5,"skipped":0,"pct":10.86},"functions":{"total":9,"covered":0,"skipped":0,"pct":0},"statements":{"total":49,"covered":5,"skipped":0,"pct":10.2},"branches":{"total":56,"covered":0,"skipped":0,"pct":0}}
,"/Users/codyschexnider/Documents/Technergetics/refactor/haz/src/components/Inspector/utils/capacitorFrustrationEngine.ts": {"lines":{"total":77,"covered":0,"skipped":0,"pct":0},"functions":{"total":12,"covered":0,"skipped":0,"pct":0},"statements":{"total":77,"covered":0,"skipped":0,"pct":0},"branches":{"total":76,"covered":0,"skipped":0,"pct":0}}
,"/Users/codyschexnider/Documents/Technergetics/refactor/haz/src/components/Inspector/utils/sddgValidation.ts": {"lines":{"total":201,"covered":172,"skipped":0,"pct":85.57},"functions":{"total":35,"covered":34,"skipped":0,"pct":97.14},"statements":{"total":213,"covered":178,"skipped":0,"pct":83.56},"branches":{"total":243,"covered":177,"skipped":0,"pct":72.83}}
,"/Users/codyschexnider/Documents/Technergetics/refactor/haz/src/components/Inspector/utils/transformExtractedData.ts": {"lines":{"total":17,"covered":0,"skipped":0,"pct":0},"functions":{"total":5,"covered":0,"skipped":0,"pct":0},"statements":{"total":18,"covered":0,"skipped":0,"pct":0},"branches":{"total":88,"covered":0,"skipped":0,"pct":0}}
,"/Users/codyschexnider/Documents/Technergetics/refactor/haz/src/components/Package/PackageWorkflowScreen.tsx": {"lines":{"total":16,"covered":0,"skipped":0,"pct":0},"functions":{"total":5,"covered":0,"skipped":0,"pct":0},"statements":{"total":16,"covered":0,"skipped":0,"pct":0},"branches":{"total":10,"covered":0,"skipped":0,"pct":0}}
,"/Users/codyschexnider/Documents/Technergetics/refactor/haz/src/components/PackagingWizardV2/Breadcrumb.tsx": {"lines":{"total":20,"covered":0,"skipped":0,"pct":0},"functions":{"total":2,"covered":0,"skipped":0,"pct":0},"statements":{"total":20,"covered":0,"skipped":0,"pct":0},"branches":{"total":28,"covered":0,"skipped":0,"pct":0}}
,"/Users/codyschexnider/Documents/Technergetics/refactor/haz/src/components/PackagingWizardV2/ContainerCodeCard.tsx": {"lines":{"total":26,"covered":0,"skipped":0,"pct":0},"functions":{"total":9,"covered":0,"skipped":0,"pct":0},"statements":{"total":27,"covered":0,"skipped":0,"pct":0},"branches":{"total":55,"covered":0,"skipped":0,"pct":0}}
,"/Users/codyschexnider/Documents/Technergetics/refactor/haz/src/components/PackagingWizardV2/NotesModal.tsx": {"lines":{"total":10,"covered":0,"skipped":0,"pct":0},"functions":{"total":3,"covered":0,"skipped":0,"pct":0},"statements":{"total":10,"covered":0,"skipped":0,"pct":0},"branches":{"total":5,"covered":0,"skipped":0,"pct":0}}
,"/Users/codyschexnider/Documents/Technergetics/refactor/haz/src/components/PackagingWizardV2/PackagingCategoryQuadrant.tsx": {"lines":{"total":28,"covered":0,"skipped":0,"pct":0},"functions":{"total":5,"covered":0,"skipped":0,"pct":0},"statements":{"total":30,"covered":0,"skipped":0,"pct":0},"branches":{"total":37,"covered":0,"skipped":0,"pct":0}}
,"/Users/codyschexnider/Documents/Technergetics/refactor/haz/src/components/PackagingWizardV2/PackagingTypeCard.tsx": {"lines":{"total":4,"covered":0,"skipped":0,"pct":0},"functions":{"total":1,"covered":0,"skipped":0,"pct":0},"statements":{"total":4,"covered":0,"skipped":0,"pct":0},"branches":{"total":28,"covered":0,"skipped":0,"pct":0}}
,"/Users/codyschexnider/Documents/Technergetics/refactor/haz/src/components/PackagingWizardV2/RestrictionMessagesModal.tsx": {"lines":{"total":18,"covered":0,"skipped":0,"pct":0},"functions":{"total":4,"covered":0,"skipped":0,"pct":0},"statements":{"total":19,"covered":0,"skipped":0,"pct":0},"branches":{"total":8,"covered":0,"skipped":0,"pct":0}}
,"/Users/codyschexnider/Documents/Technergetics/refactor/haz/src/components/PackagingWizardV2/PackagingIcons/BagIcon.tsx": {"lines":{"total":2,"covered":0,"skipped":0,"pct":0},"functions":{"total":1,"covered":0,"skipped":0,"pct":0},"statements":{"total":2,"covered":0,"skipped":0,"pct":0},"branches":{"total":2,"covered":0,"skipped":0,"pct":0}}
,"/Users/codyschexnider/Documents/Technergetics/refactor/haz/src/components/PackagingWizardV2/PackagingIcons/BarrelIcon.tsx": {"lines":{"total":2,"covered":0,"skipped":0,"pct":0},"functions":{"total":1,"covered":0,"skipped":0,"pct":0},"statements":{"total":2,"covered":0,"skipped":0,"pct":0},"branches":{"total":2,"covered":0,"skipped":0,"pct":0}}
,"/Users/codyschexnider/Documents/Technergetics/refactor/haz/src/components/PackagingWizardV2/PackagingIcons/BoxIcon.tsx": {"lines":{"total":2,"covered":0,"skipped":0,"pct":0},"functions":{"total":1,"covered":0,"skipped":0,"pct":0},"statements":{"total":2,"covered":0,"skipped":0,"pct":0},"branches":{"total":2,"covered":0,"skipped":0,"pct":0}}
,"/Users/codyschexnider/Documents/Technergetics/refactor/haz/src/components/PackagingWizardV2/PackagingIcons/DrumIcon.tsx": {"lines":{"total":2,"covered":0,"skipped":0,"pct":0},"functions":{"total":1,"covered":0,"skipped":0,"pct":0},"statements":{"total":2,"covered":0,"skipped":0,"pct":0},"branches":{"total":2,"covered":0,"skipped":0,"pct":0}}
,"/Users/codyschexnider/Documents/Technergetics/refactor/haz/src/components/PackagingWizardV2/PackagingIcons/JerricanIcon.tsx": {"lines":{"total":2,"covered":0,"skipped":0,"pct":0},"functions":{"total":1,"covered":0,"skipped":0,"pct":0},"statements":{"total":2,"covered":0,"skipped":0,"pct":0},"branches":{"total":2,"covered":0,"skipped":0,"pct":0}}
,"/Users/codyschexnider/Documents/Technergetics/refactor/haz/src/components/PackagingWizardV2/PackagingIcons/index.tsx": {"lines":{"total":0,"covered":0,"skipped":0,"pct":100},"functions":{"total":0,"covered":0,"skipped":0,"pct":100},"statements":{"total":0,"covered":0,"skipped":0,"pct":100},"branches":{"total":0,"covered":0,"skipped":0,"pct":100}}
,"/Users/codyschexnider/Documents/Technergetics/refactor/haz/src/components/SDDG/DraggableRegion.tsx": {"lines":{"total":58,"covered":0,"skipped":0,"pct":0},"functions":{"total":14,"covered":0,"skipped":0,"pct":0},"statements":{"total":58,"covered":0,"skipped":0,"pct":0},"branches":{"total":16,"covered":0,"skipped":0,"pct":0}}
,"/Users/codyschexnider/Documents/Technergetics/refactor/haz/src/components/UnityModeling/Unity.tsx": {"lines":{"total":79,"covered":6,"skipped":0,"pct":7.59},"functions":{"total":23,"covered":0,"skipped":0,"pct":0},"statements":{"total":81,"covered":6,"skipped":0,"pct":7.4},"branches":{"total":37,"covered":0,"skipped":0,"pct":0}}
,"/Users/codyschexnider/Documents/Technergetics/refactor/haz/src/components/dev/DevBenchmarkButton.tsx": {"lines":{"total":87,"covered":3,"skipped":0,"pct":3.44},"functions":{"total":18,"covered":1,"skipped":0,"pct":5.55},"statements":{"total":90,"covered":3,"skipped":0,"pct":3.33},"branches":{"total":41,"covered":0,"skipped":0,"pct":0}}
,"/Users/codyschexnider/Documents/Technergetics/refactor/haz/src/components/preparer/AddressFormSection.tsx": {"lines":{"total":6,"covered":6,"skipped":0,"pct":100},"functions":{"total":1,"covered":1,"skipped":0,"pct":100},"statements":{"total":6,"covered":6,"skipped":0,"pct":100},"branches":{"total":7,"covered":7,"skipped":0,"pct":100}}
,"/Users/codyschexnider/Documents/Technergetics/refactor/haz/src/components/preparer/CertificationInfoCard.tsx": {"lines":{"total":6,"covered":6,"skipped":0,"pct":100},"functions":{"total":1,"covered":1,"skipped":0,"pct":100},"statements":{"total":6,"covered":6,"skipped":0,"pct":100},"branches":{"total":2,"covered":2,"skipped":0,"pct":100}}
,"/Users/codyschexnider/Documents/Technergetics/refactor/haz/src/components/preparer/CountryAutocomplete.tsx": {"lines":{"total":26,"covered":23,"skipped":0,"pct":88.46},"functions":{"total":11,"covered":8,"skipped":0,"pct":72.72},"statements":{"total":28,"covered":24,"skipped":0,"pct":85.71},"branches":{"total":18,"covered":12,"skipped":0,"pct":66.66}}
,"/Users/codyschexnider/Documents/Technergetics/refactor/haz/src/components/preparer/POPMarkingDisplay.tsx": {"lines":{"total":7,"covered":7,"skipped":0,"pct":100},"functions":{"total":1,"covered":1,"skipped":0,"pct":100},"statements":{"total":7,"covered":7,"skipped":0,"pct":100},"branches":{"total":11,"covered":11,"skipped":0,"pct":100}}
,"/Users/codyschexnider/Documents/Technergetics/refactor/haz/src/components/preparer/POPMarkingForm.tsx": {"lines":{"total":14,"covered":8,"skipped":0,"pct":57.14},"functions":{"total":11,"covered":4,"skipped":0,"pct":36.36},"statements":{"total":15,"covered":9,"skipped":0,"pct":60},"branches":{"total":23,"covered":16,"skipped":0,"pct":69.56}}
,"/Users/codyschexnider/Documents/Technergetics/refactor/haz/src/components/preparer/PackagingCodeCard.tsx": {"lines":{"total":5,"covered":5,"skipped":0,"pct":100},"functions":{"total":2,"covered":2,"skipped":0,"pct":100},"statements":{"total":5,"covered":5,"skipped":0,"pct":100},"branches":{"total":12,"covered":12,"skipped":0,"pct":100}}
,"/Users/codyschexnider/Documents/Technergetics/refactor/haz/src/components/preparer/ShipmentContextMenu.tsx": {"lines":{"total":5,"covered":5,"skipped":0,"pct":100},"functions":{"total":1,"covered":1,"skipped":0,"pct":100},"statements":{"total":6,"covered":5,"skipped":0,"pct":83.33},"branches":{"total":6,"covered":5,"skipped":0,"pct":83.33}}
,"/Users/codyschexnider/Documents/Technergetics/refactor/haz/src/components/preparer/ShipmentTable.tsx": {"lines":{"total":16,"covered":12,"skipped":0,"pct":75},"functions":{"total":9,"covered":5,"skipped":0,"pct":55.55},"statements":{"total":16,"covered":12,"skipped":0,"pct":75},"branches":{"total":22,"covered":14,"skipped":0,"pct":63.63}}
,"/Users/codyschexnider/Documents/Technergetics/refactor/haz/src/components/preparer/SignatureSection.tsx": {"lines":{"total":11,"covered":11,"skipped":0,"pct":100},"functions":{"total":4,"covered":4,"skipped":0,"pct":100},"statements":{"total":11,"covered":11,"skipped":0,"pct":100},"branches":{"total":5,"covered":5,"skipped":0,"pct":100}}
,"/Users/codyschexnider/Documents/Technergetics/refactor/haz/src/components/preparer/SpecialtyMaterialScreen.tsx": {"lines":{"total":4,"covered":4,"skipped":0,"pct":100},"functions":{"total":1,"covered":1,"skipped":0,"pct":100},"statements":{"total":4,"covered":4,"skipped":0,"pct":100},"branches":{"total":10,"covered":8,"skipped":0,"pct":80}}
,"/Users/codyschexnider/Documents/Technergetics/refactor/haz/src/components/preparer/StandardLabelingContent.tsx": {"lines":{"total":42,"covered":42,"skipped":0,"pct":100},"functions":{"total":11,"covered":11,"skipped":0,"pct":100},"statements":{"total":44,"covered":42,"skipped":0,"pct":95.45},"branches":{"total":52,"covered":41,"skipped":0,"pct":78.84}}
,"/Users/codyschexnider/Documents/Technergetics/refactor/haz/src/components/preparer/ToolButtonsBar.tsx": {"lines":{"total":4,"covered":4,"skipped":0,"pct":100},"functions":{"total":2,"covered":2,"skipped":0,"pct":100},"statements":{"total":4,"covered":4,"skipped":0,"pct":100},"branches":{"total":6,"covered":6,"skipped":0,"pct":100}}
,"/Users/codyschexnider/Documents/Technergetics/refactor/haz/src/components/preparer/UnityPackagePreview.tsx": {"lines":{"total":29,"covered":2,"skipped":0,"pct":6.89},"functions":{"total":10,"covered":0,"skipped":0,"pct":0},"statements":{"total":31,"covered":2,"skipped":0,"pct":6.45},"branches":{"total":14,"covered":0,"skipped":0,"pct":0}}
,"/Users/codyschexnider/Documents/Technergetics/refactor/haz/src/components/preparer/VehicleLabelingNotice.tsx": {"lines":{"total":3,"covered":3,"skipped":0,"pct":100},"functions":{"total":1,"covered":1,"skipped":0,"pct":100},"statements":{"total":3,"covered":3,"skipped":0,"pct":100},"branches":{"total":0,"covered":0,"skipped":0,"pct":100}}
,"/Users/codyschexnider/Documents/Technergetics/refactor/haz/src/components/preparer/index.ts": {"lines":{"total":0,"covered":0,"skipped":0,"pct":100},"functions":{"total":0,"covered":0,"skipped":0,"pct":100},"statements":{"total":0,"covered":0,"skipped":0,"pct":100},"branches":{"total":0,"covered":0,"skipped":0,"pct":100}}
,"/Users/codyschexnider/Documents/Technergetics/refactor/haz/src/components/shared/BlackPowerSpecOption.tsx": {"lines":{"total":38,"covered":0,"skipped":0,"pct":0},"functions":{"total":11,"covered":0,"skipped":0,"pct":0},"statements":{"total":41,"covered":0,"skipped":0,"pct":0},"branches":{"total":168,"covered":0,"skipped":0,"pct":0}}
,"/Users/codyschexnider/Documents/Technergetics/refactor/haz/src/components/shared/DetonatingFuzesSpecOption.tsx": {"lines":{"total":9,"covered":0,"skipped":0,"pct":0},"functions":{"total":5,"covered":0,"skipped":0,"pct":0},"statements":{"total":9,"covered":0,"skipped":0,"pct":0},"branches":{"total":49,"covered":0,"skipped":0,"pct":0}}
,"/Users/codyschexnider/Documents/Technergetics/refactor/haz/src/components/shared/DetonatorsSpecOption.tsx": {"lines":{"total":29,"covered":0,"skipped":0,"pct":0},"functions":{"total":13,"covered":0,"skipped":0,"pct":0},"statements":{"total":34,"covered":0,"skipped":0,"pct":0},"branches":{"total":128,"covered":0,"skipped":0,"pct":0}}
,"/Users/codyschexnider/Documents/Technergetics/refactor/haz/src/components/shared/DimensionDisplay.tsx": {"lines":{"total":12,"covered":0,"skipped":0,"pct":0},"functions":{"total":1,"covered":0,"skipped":0,"pct":0},"statements":{"total":12,"covered":0,"skipped":0,"pct":0},"branches":{"total":26,"covered":0,"skipped":0,"pct":0}}
,"/Users/codyschexnider/Documents/Technergetics/refactor/haz/src/components/shared/ExceptionContainer.tsx": {"lines":{"total":3,"covered":0,"skipped":0,"pct":0},"functions":{"total":1,"covered":0,"skipped":0,"pct":0},"statements":{"total":3,"covered":0,"skipped":0,"pct":0},"branches":{"total":13,"covered":0,"skipped":0,"pct":0}}
,"/Users/codyschexnider/Documents/Technergetics/refactor/haz/src/components/shared/ExplosiveBombMineSpecOption.tsx": {"lines":{"total":55,"covered":0,"skipped":0,"pct":0},"functions":{"total":14,"covered":0,"skipped":0,"pct":0},"statements":{"total":62,"covered":0,"skipped":0,"pct":0},"branches":{"total":70,"covered":0,"skipped":0,"pct":0}}
,"/Users/codyschexnider/Documents/Technergetics/refactor/haz/src/components/shared/ExplosiveMunitionsSpecOption.tsx": {"lines":{"total":27,"covered":0,"skipped":0,"pct":0},"functions":{"total":13,"covered":0,"skipped":0,"pct":0},"statements":{"total":32,"covered":0,"skipped":0,"pct":0},"branches":{"total":126,"covered":0,"skipped":0,"pct":0}}
,"/Users/codyschexnider/Documents/Technergetics/refactor/haz/src/components/shared/ExplosiveRivetsSpecOption.tsx": {"lines":{"total":6,"covered":0,"skipped":0,"pct":0},"functions":{"total":3,"covered":0,"skipped":0,"pct":0},"statements":{"total":7,"covered":0,"skipped":0,"pct":0},"branches":{"total":48,"covered":0,"skipped":0,"pct":0}}
,"/Users/codyschexnider/Documents/Technergetics/refactor/haz/src/components/shared/FeaturesDisplay.tsx": {"lines":{"total":4,"covered":0,"skipped":0,"pct":0},"functions":{"total":2,"covered":0,"skipped":0,"pct":0},"statements":{"total":4,"covered":0,"skipped":0,"pct":0},"branches":{"total":7,"covered":0,"skipped":0,"pct":0}}
,"/Users/codyschexnider/Documents/Technergetics/refactor/haz/src/components/shared/FuzesSpecOption.tsx": {"lines":{"total":10,"covered":0,"skipped":0,"pct":0},"functions":{"total":4,"covered":0,"skipped":0,"pct":0},"statements":{"total":10,"covered":0,"skipped":0,"pct":0},"branches":{"total":45,"covered":0,"skipped":0,"pct":0}}
,"/Users/codyschexnider/Documents/Technergetics/refactor/haz/src/components/shared/HighExplosivesCartridgesSpecOption.tsx": {"lines":{"total":11,"covered":0,"skipped":0,"pct":0},"functions":{"total":6,"covered":0,"skipped":0,"pct":0},"statements":{"total":11,"covered":0,"skipped":0,"pct":0},"branches":{"total":44,"covered":0,"skipped":0,"pct":0}}
,"/Users/codyschexnider/Documents/Technergetics/refactor/haz/src/components/shared/HighExplosivesLiquidsSpecOption.tsx": {"lines":{"total":10,"covered":0,"skipped":0,"pct":0},"functions":{"total":5,"covered":0,"skipped":0,"pct":0},"statements":{"total":10,"covered":0,"skipped":0,"pct":0},"branches":{"total":40,"covered":0,"skipped":0,"pct":0}}
,"/Users/codyschexnider/Documents/Technergetics/refactor/haz/src/components/shared/HighExplosivesNitroglycerinSpecOption.tsx": {"lines":{"total":10,"covered":0,"skipped":0,"pct":0},"functions":{"total":5,"covered":0,"skipped":0,"pct":0},"statements":{"total":10,"covered":0,"skipped":0,"pct":0},"branches":{"total":40,"covered":0,"skipped":0,"pct":0}}
,"/Users/codyschexnider/Documents/Technergetics/refactor/haz/src/components/shared/HighExplosivesNonLiquidSpecOption.tsx": {"lines":{"total":39,"covered":0,"skipped":0,"pct":0},"functions":{"total":11,"covered":0,"skipped":0,"pct":0},"statements":{"total":39,"covered":0,"skipped":0,"pct":0},"branches":{"total":72,"covered":0,"skipped":0,"pct":0}}
,"/Users/codyschexnider/Documents/Technergetics/refactor/haz/src/components/shared/HighExplosivesSpecOption.tsx": {"lines":{"total":15,"covered":0,"skipped":0,"pct":0},"functions":{"total":9,"covered":0,"skipped":0,"pct":0},"statements":{"total":15,"covered":0,"skipped":0,"pct":0},"branches":{"total":158,"covered":0,"skipped":0,"pct":0}}
,"/Users/codyschexnider/Documents/Technergetics/refactor/haz/src/components/shared/InfoCardItem.tsx": {"lines":{"total":3,"covered":0,"skipped":0,"pct":0},"functions":{"total":1,"covered":0,"skipped":0,"pct":0},"statements":{"total":3,"covered":0,"skipped":0,"pct":0},"branches":{"total":10,"covered":0,"skipped":0,"pct":0}}
,"/Users/codyschexnider/Documents/Technergetics/refactor/haz/src/components/shared/NotesDisplay.tsx": {"lines":{"total":4,"covered":0,"skipped":0,"pct":0},"functions":{"total":2,"covered":0,"skipped":0,"pct":0},"statements":{"total":4,"covered":0,"skipped":0,"pct":0},"branches":{"total":7,"covered":0,"skipped":0,"pct":0}}
,"/Users/codyschexnider/Documents/Technergetics/refactor/haz/src/components/shared/PolystyreneContainerDetails.tsx": {"lines":{"total":6,"covered":0,"skipped":0,"pct":0},"functions":{"total":1,"covered":0,"skipped":0,"pct":0},"statements":{"total":6,"covered":0,"skipped":0,"pct":0},"branches":{"total":96,"covered":0,"skipped":0,"pct":0}}
,"/Users/codyschexnider/Documents/Technergetics/refactor/haz/src/components/shared/PracticeAmmoSpecOption.tsx": {"lines":{"total":11,"covered":0,"skipped":0,"pct":0},"functions":{"total":6,"covered":0,"skipped":0,"pct":0},"statements":{"total":11,"covered":0,"skipped":0,"pct":0},"branches":{"total":51,"covered":0,"skipped":0,"pct":0}}
,"/Users/codyschexnider/Documents/Technergetics/refactor/haz/src/components/shared/PropellantExplosivesSpecOption.tsx": {"lines":{"total":23,"covered":0,"skipped":0,"pct":0},"functions":{"total":6,"covered":0,"skipped":0,"pct":0},"statements":{"total":29,"covered":0,"skipped":0,"pct":0},"branches":{"total":55,"covered":0,"skipped":0,"pct":0}}
,"/Users/codyschexnider/Documents/Technergetics/refactor/haz/src/components/shared/RailwayTorpedoesSpecOption.tsx": {"lines":{"total":5,"covered":0,"skipped":0,"pct":0},"functions":{"total":3,"covered":0,"skipped":0,"pct":0},"statements":{"total":5,"covered":0,"skipped":0,"pct":0},"branches":{"total":39,"covered":0,"skipped":0,"pct":0}}
,"/Users/codyschexnider/Documents/Technergetics/refactor/haz/src/components/shared/RocketMotorJetThrustSpecOption.tsx": {"lines":{"total":27,"covered":0,"skipped":0,"pct":0},"functions":{"total":8,"covered":0,"skipped":0,"pct":0},"statements":{"total":28,"covered":0,"skipped":0,"pct":0},"branches":{"total":57,"covered":0,"skipped":0,"pct":0}}
,"/Users/codyschexnider/Documents/Technergetics/refactor/haz/src/components/shared/SectionHeader.tsx": {"lines":{"total":3,"covered":0,"skipped":0,"pct":0},"functions":{"total":1,"covered":0,"skipped":0,"pct":0},"statements":{"total":3,"covered":0,"skipped":0,"pct":0},"branches":{"total":3,"covered":0,"skipped":0,"pct":0}}
,"/Users/codyschexnider/Documents/Technergetics/refactor/haz/src/components/shared/SelectionOption.tsx": {"lines":{"total":17,"covered":0,"skipped":0,"pct":0},"functions":{"total":3,"covered":0,"skipped":0,"pct":0},"statements":{"total":19,"covered":0,"skipped":0,"pct":0},"branches":{"total":36,"covered":0,"skipped":0,"pct":0}}
,"/Users/codyschexnider/Documents/Technergetics/refactor/haz/src/components/shared/SmallArmsAmmunitionSpecOption.tsx": {"lines":{"total":8,"covered":0,"skipped":0,"pct":0},"functions":{"total":6,"covered":0,"skipped":0,"pct":0},"statements":{"total":8,"covered":0,"skipped":0,"pct":0},"branches":{"total":35,"covered":0,"skipped":0,"pct":0}}
,"/Users/codyschexnider/Documents/Technergetics/refactor/haz/src/components/shared/SmallArmsPrimersSpecOption.tsx": {"lines":{"total":47,"covered":0,"skipped":0,"pct":0},"functions":{"total":15,"covered":0,"skipped":0,"pct":0},"statements":{"total":51,"covered":0,"skipped":0,"pct":0},"branches":{"total":103,"covered":0,"skipped":0,"pct":0}}
,"/Users/codyschexnider/Documents/Technergetics/refactor/haz/src/components/shared/SpecialFireworksSpecOption.tsx": {"lines":{"total":6,"covered":0,"skipped":0,"pct":0},"functions":{"total":4,"covered":0,"skipped":0,"pct":0},"statements":{"total":6,"covered":0,"skipped":0,"pct":0},"branches":{"total":27,"covered":0,"skipped":0,"pct":0}}
,"/Users/codyschexnider/Documents/Technergetics/refactor/haz/src/components/shared/TearGasGrenadesSpecOption.tsx": {"lines":{"total":5,"covered":0,"skipped":0,"pct":0},"functions":{"total":2,"covered":0,"skipped":0,"pct":0},"statements":{"total":5,"covered":0,"skipped":0,"pct":0},"branches":{"total":96,"covered":0,"skipped":0,"pct":0}}
,"/Users/codyschexnider/Documents/Technergetics/refactor/haz/src/components/shared/WeightDisplay.tsx": {"lines":{"total":2,"covered":0,"skipped":0,"pct":0},"functions":{"total":1,"covered":0,"skipped":0,"pct":0},"statements":{"total":2,"covered":0,"skipped":0,"pct":0},"branches":{"total":2,"covered":0,"skipped":0,"pct":0}}
,"/Users/codyschexnider/Documents/Technergetics/refactor/haz/src/components/ui/ActionFooter.tsx": {"lines":{"total":5,"covered":5,"skipped":0,"pct":100},"functions":{"total":2,"covered":2,"skipped":0,"pct":100},"statements":{"total":5,"covered":5,"skipped":0,"pct":100},"branches":{"total":4,"covered":4,"skipped":0,"pct":100}}
,"/Users/codyschexnider/Documents/Technergetics/refactor/haz/src/components/ui/Button.tsx": {"lines":{"total":6,"covered":6,"skipped":0,"pct":100},"functions":{"total":1,"covered":1,"skipped":0,"pct":100},"statements":{"total":6,"covered":6,"skipped":0,"pct":100},"branches":{"total":19,"covered":16,"skipped":0,"pct":84.21}}
,"/Users/codyschexnider/Documents/Technergetics/refactor/haz/src/components/ui/ChecklistItem.tsx": {"lines":{"total":8,"covered":8,"skipped":0,"pct":100},"functions":{"total":2,"covered":2,"skipped":0,"pct":100},"statements":{"total":8,"covered":8,"skipped":0,"pct":100},"branches":{"total":19,"covered":17,"skipped":0,"pct":89.47}}
,"/Users/codyschexnider/Documents/Technergetics/refactor/haz/src/components/ui/ConfirmationCard.tsx": {"lines":{"total":3,"covered":3,"skipped":0,"pct":100},"functions":{"total":1,"covered":1,"skipped":0,"pct":100},"statements":{"total":3,"covered":3,"skipped":0,"pct":100},"branches":{"total":4,"covered":3,"skipped":0,"pct":75}}
,"/Users/codyschexnider/Documents/Technergetics/refactor/haz/src/components/ui/DatePickerField.tsx": {"lines":{"total":16,"covered":7,"skipped":0,"pct":43.75},"functions":{"total":4,"covered":2,"skipped":0,"pct":50},"statements":{"total":16,"covered":7,"skipped":0,"pct":43.75},"branches":{"total":27,"covered":10,"skipped":0,"pct":37.03}}
,"/Users/codyschexnider/Documents/Technergetics/refactor/haz/src/components/ui/DetailCard.tsx": {"lines":{"total":5,"covered":5,"skipped":0,"pct":100},"functions":{"total":2,"covered":2,"skipped":0,"pct":100},"statements":{"total":5,"covered":5,"skipped":0,"pct":100},"branches":{"total":11,"covered":9,"skipped":0,"pct":81.81}}
,"/Users/codyschexnider/Documents/Technergetics/refactor/haz/src/components/ui/DocumentModal.tsx": {"lines":{"total":15,"covered":15,"skipped":0,"pct":100},"functions":{"total":6,"covered":6,"skipped":0,"pct":100},"statements":{"total":16,"covered":16,"skipped":0,"pct":100},"branches":{"total":20,"covered":19,"skipped":0,"pct":95}}
,"/Users/codyschexnider/Documents/Technergetics/refactor/haz/src/components/ui/FormField.tsx": {"lines":{"total":3,"covered":3,"skipped":0,"pct":100},"functions":{"total":1,"covered":1,"skipped":0,"pct":100},"statements":{"total":3,"covered":3,"skipped":0,"pct":100},"branches":{"total":7,"covered":7,"skipped":0,"pct":100}}
,"/Users/codyschexnider/Documents/Technergetics/refactor/haz/src/components/ui/FormInput.tsx": {"lines":{"total":4,"covered":4,"skipped":0,"pct":100},"functions":{"total":1,"covered":1,"skipped":0,"pct":100},"statements":{"total":4,"covered":4,"skipped":0,"pct":100},"branches":{"total":5,"covered":5,"skipped":0,"pct":100}}
,"/Users/codyschexnider/Documents/Technergetics/refactor/haz/src/components/ui/FormRow.tsx": {"lines":{"total":3,"covered":3,"skipped":0,"pct":100},"functions":{"total":1,"covered":1,"skipped":0,"pct":100},"statements":{"total":3,"covered":3,"skipped":0,"pct":100},"branches":{"total":3,"covered":3,"skipped":0,"pct":100}}
,"/Users/codyschexnider/Documents/Technergetics/refactor/haz/src/components/ui/GridSelector.tsx": {"lines":{"total":7,"covered":7,"skipped":0,"pct":100},"functions":{"total":3,"covered":3,"skipped":0,"pct":100},"statements":{"total":7,"covered":7,"skipped":0,"pct":100},"branches":{"total":16,"covered":16,"skipped":0,"pct":100}}
,"/Users/codyschexnider/Documents/Technergetics/refactor/haz/src/components/ui/InfoBox.tsx": {"lines":{"total":5,"covered":5,"skipped":0,"pct":100},"functions":{"total":1,"covered":1,"skipped":0,"pct":100},"statements":{"total":5,"covered":5,"skipped":0,"pct":100},"branches":{"total":3,"covered":2,"skipped":0,"pct":66.66}}
,"/Users/codyschexnider/Documents/Technergetics/refactor/haz/src/components/ui/KeyValueRow.tsx": {"lines":{"total":7,"covered":7,"skipped":0,"pct":100},"functions":{"total":1,"covered":1,"skipped":0,"pct":100},"statements":{"total":7,"covered":7,"skipped":0,"pct":100},"branches":{"total":11,"covered":11,"skipped":0,"pct":100}}
,"/Users/codyschexnider/Documents/Technergetics/refactor/haz/src/components/ui/LoadingOverlay.tsx": {"lines":{"total":5,"covered":5,"skipped":0,"pct":100},"functions":{"total":1,"covered":1,"skipped":0,"pct":100},"statements":{"total":5,"covered":5,"skipped":0,"pct":100},"branches":{"total":4,"covered":4,"skipped":0,"pct":100}}
,"/Users/codyschexnider/Documents/Technergetics/refactor/haz/src/components/ui/RadioGroup.tsx": {"lines":{"total":5,"covered":5,"skipped":0,"pct":100},"functions":{"total":3,"covered":3,"skipped":0,"pct":100},"statements":{"total":5,"covered":5,"skipped":0,"pct":100},"branches":{"total":8,"covered":7,"skipped":0,"pct":87.5}}
,"/Users/codyschexnider/Documents/Technergetics/refactor/haz/src/components/ui/ScreenHeader.tsx": {"lines":{"total":5,"covered":5,"skipped":0,"pct":100},"functions":{"total":1,"covered":1,"skipped":0,"pct":100},"statements":{"total":5,"covered":5,"skipped":0,"pct":100},"branches":{"total":15,"covered":9,"skipped":0,"pct":60}}
,"/Users/codyschexnider/Documents/Technergetics/refactor/haz/src/components/ui/SectionHeader.tsx": {"lines":{"total":3,"covered":3,"skipped":0,"pct":100},"functions":{"total":1,"covered":1,"skipped":0,"pct":100},"statements":{"total":3,"covered":3,"skipped":0,"pct":100},"branches":{"total":2,"covered":2,"skipped":0,"pct":100}}
,"/Users/codyschexnider/Documents/Technergetics/refactor/haz/src/components/ui/SelectableCard.tsx": {"lines":{"total":6,"covered":2,"skipped":0,"pct":33.33},"functions":{"total":1,"covered":0,"skipped":0,"pct":0},"statements":{"total":6,"covered":2,"skipped":0,"pct":33.33},"branches":{"total":21,"covered":0,"skipped":0,"pct":0}}
,"/Users/codyschexnider/Documents/Technergetics/refactor/haz/src/components/ui/StatusBadge.tsx": {"lines":{"total":6,"covered":3,"skipped":0,"pct":50},"functions":{"total":1,"covered":0,"skipped":0,"pct":0},"statements":{"total":6,"covered":3,"skipped":0,"pct":50},"branches":{"total":9,"covered":0,"skipped":0,"pct":0}}
,"/Users/codyschexnider/Documents/Technergetics/refactor/haz/src/components/ui/StepIndicator.tsx": {"lines":{"total":11,"covered":11,"skipped":0,"pct":100},"functions":{"total":3,"covered":3,"skipped":0,"pct":100},"statements":{"total":15,"covered":13,"skipped":0,"pct":86.66},"branches":{"total":14,"covered":12,"skipped":0,"pct":85.71}}
,"/Users/codyschexnider/Documents/Technergetics/refactor/haz/src/components/ui/ValidationCard.tsx": {"lines":{"total":20,"covered":2,"skipped":0,"pct":10},"functions":{"total":5,"covered":0,"skipped":0,"pct":0},"statements":{"total":30,"covered":2,"skipped":0,"pct":6.66},"branches":{"total":30,"covered":0,"skipped":0,"pct":0}}
,"/Users/codyschexnider/Documents/Technergetics/refactor/haz/src/components/ui/WizardContainer.tsx": {"lines":{"total":11,"covered":11,"skipped":0,"pct":100},"functions":{"total":1,"covered":1,"skipped":0,"pct":100},"statements":{"total":11,"covered":11,"skipped":0,"pct":100},"branches":{"total":11,"covered":10,"skipped":0,"pct":90.9}}
,"/Users/codyschexnider/Documents/Technergetics/refactor/haz/src/components/ui/index.ts": {"lines":{"total":0,"covered":0,"skipped":0,"pct":100},"functions":{"total":0,"covered":0,"skipped":0,"pct":100},"statements":{"total":0,"covered":0,"skipped":0,"pct":100},"branches":{"total":0,"covered":0,"skipped":0,"pct":100}}
,"/Users/codyschexnider/Documents/Technergetics/refactor/haz/src/components/ui/theme.ts": {"lines":{"total":5,"covered":5,"skipped":0,"pct":100},"functions":{"total":0,"covered":0,"skipped":0,"pct":100},"statements":{"total":5,"covered":5,"skipped":0,"pct":100},"branches":{"total":0,"covered":0,"skipped":0,"pct":100}}
,"/Users/codyschexnider/Documents/Technergetics/refactor/haz/src/config/alignmentConfig.ts": {"lines":{"total":13,"covered":0,"skipped":0,"pct":0},"functions":{"total":2,"covered":0,"skipped":0,"pct":0},"statements":{"total":13,"covered":0,"skipped":0,"pct":0},"branches":{"total":6,"covered":0,"skipped":0,"pct":0}}
,"/Users/codyschexnider/Documents/Technergetics/refactor/haz/src/config/devSettings.ts": {"lines":{"total":5,"covered":0,"skipped":0,"pct":0},"functions":{"total":3,"covered":0,"skipped":0,"pct":0},"statements":{"total":5,"covered":0,"skipped":0,"pct":0},"branches":{"total":0,"covered":0,"skipped":0,"pct":100}}
,"/Users/codyschexnider/Documents/Technergetics/refactor/haz/src/config/ollama.config.ts": {"lines":{"total":8,"covered":0,"skipped":0,"pct":0},"functions":{"total":1,"covered":0,"skipped":0,"pct":0},"statements":{"total":8,"covered":0,"skipped":0,"pct":0},"branches":{"total":8,"covered":0,"skipped":0,"pct":0}}
,"/Users/codyschexnider/Documents/Technergetics/refactor/haz/src/config/preprocessingConfig.ts": {"lines":{"total":9,"covered":0,"skipped":0,"pct":0},"functions":{"total":2,"covered":0,"skipped":0,"pct":0},"statements":{"total":9,"covered":0,"skipped":0,"pct":0},"branches":{"total":4,"covered":0,"skipped":0,"pct":0}}
,"/Users/codyschexnider/Documents/Technergetics/refactor/haz/src/constants/acknowledgementContent.ts": {"lines":{"total":3,"covered":0,"skipped":0,"pct":0},"functions":{"total":0,"covered":0,"skipped":0,"pct":100},"statements":{"total":3,"covered":0,"skipped":0,"pct":0},"branches":{"total":0,"covered":0,"skipped":0,"pct":100}}
,"/Users/codyschexnider/Documents/Technergetics/refactor/haz/src/constants/airForceRanks.ts": {"lines":{"total":1,"covered":0,"skipped":0,"pct":0},"functions":{"total":0,"covered":0,"skipped":0,"pct":100},"statements":{"total":1,"covered":0,"skipped":0,"pct":0},"branches":{"total":0,"covered":0,"skipped":0,"pct":100}}
,"/Users/codyschexnider/Documents/Technergetics/refactor/haz/src/contexts/TabContext.tsx": {"lines":{"total":7,"covered":0,"skipped":0,"pct":0},"functions":{"total":3,"covered":0,"skipped":0,"pct":0},"statements":{"total":7,"covered":0,"skipped":0,"pct":0},"branches":{"total":0,"covered":0,"skipped":0,"pct":100}}
,"/Users/codyschexnider/Documents/Technergetics/refactor/haz/src/contexts/DataProvider/DataProvider.tsx": {"lines":{"total":285,"covered":1,"skipped":0,"pct":0.35},"functions":{"total":31,"covered":0,"skipped":0,"pct":0},"statements":{"total":287,"covered":1,"skipped":0,"pct":0.34},"branches":{"total":182,"covered":0,"skipped":0,"pct":0}}
,"/Users/codyschexnider/Documents/Technergetics/refactor/haz/src/contexts/DataProvider/index.ts": {"lines":{"total":0,"covered":0,"skipped":0,"pct":100},"functions":{"total":0,"covered":0,"skipped":0,"pct":100},"statements":{"total":0,"covered":0,"skipped":0,"pct":100},"branches":{"total":0,"covered":0,"skipped":0,"pct":100}}
,"/Users/codyschexnider/Documents/Technergetics/refactor/haz/src/contexts/DataProvider/migrations.ts": {"lines":{"total":73,"covered":1,"skipped":0,"pct":1.36},"functions":{"total":7,"covered":0,"skipped":0,"pct":0},"statements":{"total":73,"covered":1,"skipped":0,"pct":1.36},"branches":{"total":30,"covered":0,"skipped":0,"pct":0}}
,"/Users/codyschexnider/Documents/Technergetics/refactor/haz/src/contexts/DataProvider/schema.ts": {"lines":{"total":66,"covered":3,"skipped":0,"pct":4.54},"functions":{"total":4,"covered":0,"skipped":0,"pct":0},"statements":{"total":66,"covered":3,"skipped":0,"pct":4.54},"branches":{"total":37,"covered":0,"skipped":0,"pct":0}}
,"/Users/codyschexnider/Documents/Technergetics/refactor/haz/src/contexts/DataProvider/types.ts": {"lines":{"total":2,"covered":0,"skipped":0,"pct":0},"functions":{"total":1,"covered":0,"skipped":0,"pct":0},"statements":{"total":2,"covered":0,"skipped":0,"pct":0},"branches":{"total":0,"covered":0,"skipped":0,"pct":100}}
,"/Users/codyschexnider/Documents/Technergetics/refactor/haz/src/contexts/HazProInspectorProvider/HazProInspectorContext.ts": {"lines":{"total":2,"covered":0,"skipped":0,"pct":0},"functions":{"total":1,"covered":0,"skipped":0,"pct":0},"statements":{"total":2,"covered":0,"skipped":0,"pct":0},"branches":{"total":0,"covered":0,"skipped":0,"pct":100}}
,"/Users/codyschexnider/Documents/Technergetics/refactor/haz/src/contexts/HazProInspectorProvider/HazProInspectorProvider.tsx": {"lines":{"total":4,"covered":0,"skipped":0,"pct":0},"functions":{"total":2,"covered":0,"skipped":0,"pct":0},"statements":{"total":5,"covered":0,"skipped":0,"pct":0},"branches":{"total":0,"covered":0,"skipped":0,"pct":100}}
,"/Users/codyschexnider/Documents/Technergetics/refactor/haz/src/contexts/HazProInspectorProvider/reducer.tsx": {"lines":{"total":24,"covered":0,"skipped":0,"pct":0},"functions":{"total":4,"covered":0,"skipped":0,"pct":0},"statements":{"total":24,"covered":0,"skipped":0,"pct":0},"branches":{"total":23,"covered":0,"skipped":0,"pct":0}}
,"/Users/codyschexnider/Documents/Technergetics/refactor/haz/src/contexts/HazProPreparerProvider/HazProPreparerContext.ts": {"lines":{"total":3,"covered":0,"skipped":0,"pct":0},"functions":{"total":5,"covered":0,"skipped":0,"pct":0},"statements":{"total":3,"covered":0,"skipped":0,"pct":0},"branches":{"total":0,"covered":0,"skipped":0,"pct":100}}
,"/Users/codyschexnider/Documents/Technergetics/refactor/haz/src/contexts/HazProPreparerProvider/HazProPreparerProvider.tsx": {"lines":{"total":82,"covered":0,"skipped":0,"pct":0},"functions":{"total":13,"covered":0,"skipped":0,"pct":0},"statements":{"total":82,"covered":0,"skipped":0,"pct":0},"branches":{"total":24,"covered":0,"skipped":0,"pct":0}}
,"/Users/codyschexnider/Documents/Technergetics/refactor/haz/src/contexts/HazProPreparerProvider/HazProValtioProvider.tsx": {"lines":{"total":27,"covered":0,"skipped":0,"pct":0},"functions":{"total":3,"covered":0,"skipped":0,"pct":0},"statements":{"total":27,"covered":0,"skipped":0,"pct":0},"branches":{"total":10,"covered":0,"skipped":0,"pct":0}}
,"/Users/codyschexnider/Documents/Technergetics/refactor/haz/src/contexts/HazProPreparerProvider/reducer.tsx": {"lines":{"total":20,"covered":0,"skipped":0,"pct":0},"functions":{"total":2,"covered":0,"skipped":0,"pct":0},"statements":{"total":20,"covered":0,"skipped":0,"pct":0},"branches":{"total":19,"covered":0,"skipped":0,"pct":0}}
,"/Users/codyschexnider/Documents/Technergetics/refactor/haz/src/contexts/InspectionFormProvider/InspectionFormProvider.tsx": {"lines":{"total":526,"covered":199,"skipped":0,"pct":37.83},"functions":{"total":142,"covered":11,"skipped":0,"pct":7.74},"statements":{"total":564,"covered":199,"skipped":0,"pct":35.28},"branches":{"total":255,"covered":80,"skipped":0,"pct":31.37}}
,"/Users/codyschexnider/Documents/Technergetics/refactor/haz/src/contexts/InspectionFormProvider/index.ts": {"lines":{"total":0,"covered":0,"skipped":0,"pct":100},"functions":{"total":0,"covered":0,"skipped":0,"pct":100},"statements":{"total":0,"covered":0,"skipped":0,"pct":100},"branches":{"total":0,"covered":0,"skipped":0,"pct":100}}
,"/Users/codyschexnider/Documents/Technergetics/refactor/haz/src/contexts/InspectionFormProvider/types.ts": {"lines":{"total":2,"covered":2,"skipped":0,"pct":100},"functions":{"total":0,"covered":0,"skipped":0,"pct":100},"statements":{"total":2,"covered":2,"skipped":0,"pct":100},"branches":{"total":0,"covered":0,"skipped":0,"pct":100}}
,"/Users/codyschexnider/Documents/Technergetics/refactor/haz/src/contexts/NavigationRefProvider/NavigationRefContext.ts": {"lines":{"total":1,"covered":1,"skipped":0,"pct":100},"functions":{"total":0,"covered":0,"skipped":0,"pct":100},"statements":{"total":1,"covered":1,"skipped":0,"pct":100},"branches":{"total":0,"covered":0,"skipped":0,"pct":100}}
,"/Users/codyschexnider/Documents/Technergetics/refactor/haz/src/contexts/NavigationRefProvider/NavigationRefProvider.tsx": {"lines":{"total":4,"covered":0,"skipped":0,"pct":0},"functions":{"total":2,"covered":0,"skipped":0,"pct":0},"statements":{"total":4,"covered":0,"skipped":0,"pct":0},"branches":{"total":0,"covered":0,"skipped":0,"pct":100}}
,"/Users/codyschexnider/Documents/Technergetics/refactor/haz/src/contexts/NavigationRefProvider/reducer.tsx": {"lines":{"total":5,"covered":0,"skipped":0,"pct":0},"functions":{"total":1,"covered":0,"skipped":0,"pct":0},"statements":{"total":5,"covered":0,"skipped":0,"pct":0},"branches":{"total":2,"covered":0,"skipped":0,"pct":0}}
,"/Users/codyschexnider/Documents/Technergetics/refactor/haz/src/contexts/NavigationRefProvider/useNavigationRef.ts": {"lines":{"total":17,"covered":6,"skipped":0,"pct":35.29},"functions":{"total":4,"covered":1,"skipped":0,"pct":25},"statements":{"total":17,"covered":6,"skipped":0,"pct":35.29},"branches":{"total":6,"covered":0,"skipped":0,"pct":0}}
,"/Users/codyschexnider/Documents/Technergetics/refactor/haz/src/contexts/NavigationRefProvider/useSetNavigationRef.ts": {"lines":{"total":5,"covered":0,"skipped":0,"pct":0},"functions":{"total":2,"covered":0,"skipped":0,"pct":0},"statements":{"total":5,"covered":0,"skipped":0,"pct":0},"branches":{"total":2,"covered":0,"skipped":0,"pct":0}}
,"/Users/codyschexnider/Documents/Technergetics/refactor/haz/src/contexts/PreparerFormProvider/PreparerFormProvider.tsx": {"lines":{"total":140,"covered":0,"skipped":0,"pct":0},"functions":{"total":71,"covered":0,"skipped":0,"pct":0},"statements":{"total":172,"covered":0,"skipped":0,"pct":0},"branches":{"total":16,"covered":0,"skipped":0,"pct":0}}
,"/Users/codyschexnider/Documents/Technergetics/refactor/haz/src/contexts/PreparerFormProvider/index.ts": {"lines":{"total":0,"covered":0,"skipped":0,"pct":100},"functions":{"total":0,"covered":0,"skipped":0,"pct":100},"statements":{"total":0,"covered":0,"skipped":0,"pct":100},"branches":{"total":0,"covered":0,"skipped":0,"pct":100}}
,"/Users/codyschexnider/Documents/Technergetics/refactor/haz/src/contexts/PreparerFormProvider/types.ts": {"lines":{"total":1,"covered":0,"skipped":0,"pct":0},"functions":{"total":0,"covered":0,"skipped":0,"pct":100},"statements":{"total":1,"covered":0,"skipped":0,"pct":0},"branches":{"total":0,"covered":0,"skipped":0,"pct":100}}
,"/Users/codyschexnider/Documents/Technergetics/refactor/haz/src/contexts/ShipmentsProvider/ShipmentContext.ts": {"lines":{"total":2,"covered":0,"skipped":0,"pct":0},"functions":{"total":1,"covered":0,"skipped":0,"pct":0},"statements":{"total":2,"covered":0,"skipped":0,"pct":0},"branches":{"total":0,"covered":0,"skipped":0,"pct":100}}
,"/Users/codyschexnider/Documents/Technergetics/refactor/haz/src/contexts/ShipmentsProvider/ShipmentsProvider.tsx": {"lines":{"total":4,"covered":0,"skipped":0,"pct":0},"functions":{"total":2,"covered":0,"skipped":0,"pct":0},"statements":{"total":4,"covered":0,"skipped":0,"pct":0},"branches":{"total":0,"covered":0,"skipped":0,"pct":100}}
,"/Users/codyschexnider/Documents/Technergetics/refactor/haz/src/contexts/ShipmentsProvider/index.ts": {"lines":{"total":0,"covered":0,"skipped":0,"pct":100},"functions":{"total":0,"covered":0,"skipped":0,"pct":100},"statements":{"total":0,"covered":0,"skipped":0,"pct":100},"branches":{"total":0,"covered":0,"skipped":0,"pct":100}}
,"/Users/codyschexnider/Documents/Technergetics/refactor/haz/src/contexts/ShipmentsProvider/reducer.tsx": {"lines":{"total":8,"covered":0,"skipped":0,"pct":0},"functions":{"total":2,"covered":0,"skipped":0,"pct":0},"statements":{"total":8,"covered":0,"skipped":0,"pct":0},"branches":{"total":4,"covered":0,"skipped":0,"pct":0}}
,"/Users/codyschexnider/Documents/Technergetics/refactor/haz/src/data/afmanHandlingInstructions.ts": {"lines":{"total":71,"covered":62,"skipped":0,"pct":87.32},"functions":{"total":12,"covered":12,"skipped":0,"pct":100},"statements":{"total":73,"covered":64,"skipped":0,"pct":87.67},"branches":{"total":39,"covered":26,"skipped":0,"pct":66.66}}
,"/Users/codyschexnider/Documents/Technergetics/refactor/haz/src/data/attachment28InspectionCriteria.ts": {"lines":{"total":17,"covered":0,"skipped":0,"pct":0},"functions":{"total":4,"covered":0,"skipped":0,"pct":0},"statements":{"total":23,"covered":0,"skipped":0,"pct":0},"branches":{"total":22,"covered":0,"skipped":0,"pct":0}}
,"/Users/codyschexnider/Documents/Technergetics/refactor/haz/src/data/class2InspectionChecklists.ts": {"lines":{"total":8,"covered":0,"skipped":0,"pct":0},"functions":{"total":3,"covered":0,"skipped":0,"pct":0},"statements":{"total":8,"covered":0,"skipped":0,"pct":0},"branches":{"total":6,"covered":0,"skipped":0,"pct":0}}
,"/Users/codyschexnider/Documents/Technergetics/refactor/haz/src/data/containerDatabase.ts": {"lines":{"total":120,"covered":17,"skipped":0,"pct":14.16},"functions":{"total":19,"covered":0,"skipped":0,"pct":0},"statements":{"total":125,"covered":17,"skipped":0,"pct":13.6},"branches":{"total":97,"covered":0,"skipped":0,"pct":0}}
,"/Users/codyschexnider/Documents/Technergetics/refactor/haz/src/data/cylinderTypesByParagraph.ts": {"lines":{"total":49,"covered":0,"skipped":0,"pct":0},"functions":{"total":12,"covered":0,"skipped":0,"pct":0},"statements":{"total":56,"covered":0,"skipped":0,"pct":0},"branches":{"total":44,"covered":0,"skipped":0,"pct":0}}
,"/Users/codyschexnider/Documents/Technergetics/refactor/haz/src/data/mockInspectorShipments.ts": {"lines":{"total":1,"covered":0,"skipped":0,"pct":0},"functions":{"total":0,"covered":0,"skipped":0,"pct":100},"statements":{"total":1,"covered":0,"skipped":0,"pct":0},"branches":{"total":0,"covered":0,"skipped":0,"pct":100}}
,"/Users/codyschexnider/Documents/Technergetics/refactor/haz/src/hazardousMaterials/class2HazardousMaterialsList.ts": {"lines":{"total":1,"covered":0,"skipped":0,"pct":0},"functions":{"total":0,"covered":0,"skipped":0,"pct":100},"statements":{"total":1,"covered":0,"skipped":0,"pct":0},"branches":{"total":0,"covered":0,"skipped":0,"pct":100}}
,"/Users/codyschexnider/Documents/Technergetics/refactor/haz/src/hazardousMaterials/hazardousMaterialsA13List.ts": {"lines":{"total":1,"covered":0,"skipped":0,"pct":0},"functions":{"total":0,"covered":0,"skipped":0,"pct":100},"statements":{"total":1,"covered":0,"skipped":0,"pct":0},"branches":{"total":0,"covered":0,"skipped":0,"pct":100}}
[...]
,"/Users/codyschexnider/Documents/Technergetics/refactor/haz/src/utils/yjs/__generated__/types/YDocPackagingTypeHazProPackagingRecord.ts": {"lines":{"total":0,"covered":0,"skipped":0,"pct":100},"functions":{"total":0,"covered":0,"skipped":0,"pct":100},"statements":{"total":0,"covered":0,"skipped":0,"pct":100},"branches":{"total":0,"covered":0,"skipped":0,"pct":100}}
,"/Users/codyschexnider/Documents/Technergetics/refactor/haz/src/utils/yjs/__generated__/types/YDocPackagingTypeInfo.ts": {"lines":{"total":0,"covered":0,"skipped":0,"pct":100},"functions":{"total":0,"covered":0,"skipped":0,"pct":100},"statements":{"total":0,"covered":0,"skipped":0,"pct":100},"branches":{"total":0,"covered":0,"skipped":0,"pct":100}}
,"/Users/codyschexnider/Documents/Technergetics/refactor/haz/src/utils/yjs/__generated__/types/YDocPreparer.ts": {"lines":{"total":0,"covered":0,"skipped":0,"pct":100},"functions":{"total":0,"covered":0,"skipped":0,"pct":100},"statements":{"total":0,"covered":0,"skipped":0,"pct":100},"branches":{"total":0,"covered":0,"skipped":0,"pct":100}}
,"/Users/codyschexnider/Documents/Technergetics/refactor/haz/src/utils/yjs/__generated__/types/YDocPreparerShipment.ts": {"lines":{"total":0,"covered":0,"skipped":0,"pct":100},"functions":{"total":0,"covered":0,"skipped":0,"pct":100},"statements":{"total":0,"covered":0,"skipped":0,"pct":100},"branches":{"total":0,"covered":0,"skipped":0,"pct":100}}
,"/Users/codyschexnider/Documents/Technergetics/refactor/haz/src/utils/yjs/__generated__/types/YDocQuantityUnitHazProCylinderDetailsRecord.ts": {"lines":{"total":0,"covered":0,"skipped":0,"pct":100},"functions":{"total":0,"covered":0,"skipped":0,"pct":100},"statements":{"total":0,"covered":0,"skipped":0,"pct":100},"branches":{"total":0,"covered":0,"skipped":0,"pct":100}}
,"/Users/codyschexnider/Documents/Technergetics/refactor/haz/src/utils/yjs/__generated__/types/YDocQuantityValue.ts": {"lines":{"total":0,"covered":0,"skipped":0,"pct":100},"functions":{"total":0,"covered":0,"skipped":0,"pct":100},"statements":{"total":0,"covered":0,"skipped":0,"pct":100},"branches":{"total":0,"covered":0,"skipped":0,"pct":100}}
,"/Users/codyschexnider/Documents/Technergetics/refactor/haz/src/utils/yjs/__generated__/types/YDocReinspectionAttempt.ts": {"lines":{"total":0,"covered":0,"skipped":0,"pct":100},"functions":{"total":0,"covered":0,"skipped":0,"pct":100},"statements":{"total":0,"covered":0,"skipped":0,"pct":100},"branches":{"total":0,"covered":0,"skipped":0,"pct":100}}
,"/Users/codyschexnider/Documents/Technergetics/refactor/haz/src/utils/yjs/__generated__/types/YDocSDDGInspectionContext.ts": {"lines":{"total":0,"covered":0,"skipped":0,"pct":100},"functions":{"total":0,"covered":0,"skipped":0,"pct":100},"statements":{"total":0,"covered":0,"skipped":0,"pct":100},"branches":{"total":0,"covered":0,"skipped":0,"pct":100}}
,"/Users/codyschexnider/Documents/Technergetics/refactor/haz/src/utils/yjs/__generated__/types/YDocSafetyDeviceData.ts": {"lines":{"total":0,"covered":0,"skipped":0,"pct":100},"functions":{"total":0,"covered":0,"skipped":0,"pct":100},"statements":{"total":0,"covered":0,"skipped":0,"pct":100},"branches":{"total":0,"covered":0,"skipped":0,"pct":100}}
,"/Users/codyschexnider/Documents/Technergetics/refactor/haz/src/utils/yjs/__generated__/types/YDocShipment.ts": {"lines":{"total":0,"covered":0,"skipped":0,"pct":100},"functions":{"total":0,"covered":0,"skipped":0,"pct":100},"statements":{"total":0,"covered":0,"skipped":0,"pct":100},"branches":{"total":0,"covered":0,"skipped":0,"pct":100}}
,"/Users/codyschexnider/Documents/Technergetics/refactor/haz/src/utils/yjs/__generated__/types/YDocShipperAddress.ts": {"lines":{"total":0,"covered":0,"skipped":0,"pct":100},"functions":{"total":0,"covered":0,"skipped":0,"pct":100},"statements":{"total":0,"covered":0,"skipped":0,"pct":100},"branches":{"total":0,"covered":0,"skipped":0,"pct":100}}
,"/Users/codyschexnider/Documents/Technergetics/refactor/haz/src/utils/yjs/__generated__/types/YDocStringHazProBatteryVehicleDataRecord.ts": {"lines":{"total":0,"covered":0,"skipped":0,"pct":100},"functions":{"total":0,"covered":0,"skipped":0,"pct":100},"statements":{"total":0,"covered":0,"skipped":0,"pct":100},"branches":{"total":0,"covered":0,"skipped":0,"pct":100}}
,"/Users/codyschexnider/Documents/Technergetics/refactor/haz/src/utils/yjs/__generated__/types/YDocStringHazProCAADocumentRecord.ts": {"lines":{"total":0,"covered":0,"skipped":0,"pct":100},"functions":{"total":0,"covered":0,"skipped":0,"pct":100},"statements":{"total":0,"covered":0,"skipped":0,"pct":100},"branches":{"total":0,"covered":0,"skipped":0,"pct":100}}
,"/Users/codyschexnider/Documents/Technergetics/refactor/haz/src/utils/yjs/__generated__/types/YDocStringHazProCOEDocumentRecord.ts": {"lines":{"total":0,"covered":0,"skipped":0,"pct":100},"functions":{"total":0,"covered":0,"skipped":0,"pct":100},"statements":{"total":0,"covered":0,"skipped":0,"pct":100},"branches":{"total":0,"covered":0,"skipped":0,"pct":100}}
,"/Users/codyschexnider/Documents/Technergetics/refactor/haz/src/utils/yjs/__generated__/types/YDocStringHazProCapacitorDataRecord.ts": {"lines":{"total":0,"covered":0,"skipped":0,"pct":100},"functions":{"total":0,"covered":0,"skipped":0,"pct":100},"statements":{"total":0,"covered":0,"skipped":0,"pct":100},"branches":{"total":0,"covered":0,"skipped":0,"pct":100}}
,"/Users/codyschexnider/Documents/Technergetics/refactor/haz/src/utils/yjs/__generated__/types/YDocStringHazProCombinationPackagingRecord.ts": {"lines":{"total":0,"covered":0,"skipped":0,"pct":100},"functions":{"total":0,"covered":0,"skipped":0,"pct":100},"statements":{"total":0,"covered":0,"skipped":0,"pct":100},"branches":{"total":0,"covered":0,"skipped":0,"pct":100}}
,"/Users/codyschexnider/Documents/Technergetics/refactor/haz/src/utils/yjs/__generated__/types/YDocStringHazProConsigneeAddressRecord.ts": {"lines":{"total":0,"covered":0,"skipped":0,"pct":100},"functions":{"total":0,"covered":0,"skipped":0,"pct":100},"statements":{"total":0,"covered":0,"skipped":0,"pct":100},"branches":{"total":0,"covered":0,"skipped":0,"pct":100}}
,"/Users/codyschexnider/Documents/Technergetics/refactor/haz/src/utils/yjs/__generated__/types/YDocStringHazProCryogenicLiquidDetailsRecord.ts": {"lines":{"total":0,"covered":0,"skipped":0,"pct":100},"functions":{"total":0,"covered":0,"skipped":0,"pct":100},"statements":{"total":0,"covered":0,"skipped":0,"pct":100},"branches":{"total":0,"covered":0,"skipped":0,"pct":100}}
,"/Users/codyschexnider/Documents/Technergetics/refactor/haz/src/utils/yjs/__generated__/types/YDocStringHazProCylinderDetailsRecord.ts": {"lines":{"total":0,"covered":0,"skipped":0,"pct":100},"functions":{"total":0,"covered":0,"skipped":0,"pct":100},"statements":{"total":0,"covered":0,"skipped":0,"pct":100},"branches":{"total":0,"covered":0,"skipped":0,"pct":100}}
,"/Users/codyschexnider/Documents/Technergetics/refactor/haz/src/utils/yjs/__generated__/types/YDocStringHazProDOTSPWaiverRecord.ts": {"lines":{"total":0,"covered":0,"skipped":0,"pct":100},"functions":{"total":0,"covered":0,"skipped":0,"pct":100},"statements":{"total":0,"covered":0,"skipped":0,"pct":100},"branches":{"total":0,"covered":0,"skipped":0,"pct":100}}
,"/Users/codyschexnider/Documents/Technergetics/refactor/haz/src/utils/yjs/__generated__/types/YDocStringHazProDryIceDataRecord.ts": {"lines":{"total":0,"covered":0,"skipped":0,"pct":100},"functions":{"total":0,"covered":0,"skipped":0,"pct":100},"statements":{"total":0,"covered":0,"skipped":0,"pct":100},"branches":{"total":0,"covered":0,"skipped":0,"pct":100}}
,"/Users/codyschexnider/Documents/Technergetics/refactor/haz/src/utils/yjs/__generated__/types/YDocStringHazProEmergencyPhoneNumberRecord.ts": {"lines":{"total":0,"covered":0,"skipped":0,"pct":100},"functions":{"total":0,"covered":0,"skipped":0,"pct":100},"statements":{"total":0,"covered":0,"skipped":0,"pct":100},"branches":{"total":0,"covered":0,"skipped":0,"pct":100}}
,"/Users/codyschexnider/Documents/Technergetics/refactor/haz/src/utils/yjs/__generated__/types/YDocStringHazProEnginePreparationDataRecord.ts": {"lines":{"total":0,"covered":0,"skipped":0,"pct":100},"functions":{"total":0,"covered":0,"skipped":0,"pct":100},"statements":{"total":0,"covered":0,"skipped":0,"pct":100},"branches":{"total":0,"covered":0,"skipped":0,"pct":100}}
,"/Users/codyschexnider/Documents/Technergetics/refactor/haz/src/utils/yjs/__generated__/types/YDocStringHazProExplosiveContainerRecord.ts": {"lines":{"total":0,"covered":0,"skipped":0,"pct":100},"functions":{"total":0,"covered":0,"skipped":0,"pct":100},"statements":{"total":0,"covered":0,"skipped":0,"pct":100},"branches":{"total":0,"covered":0,"skipped":0,"pct":100}}
,"/Users/codyschexnider/Documents/Technergetics/refactor/haz/src/utils/yjs/__generated__/types/YDocStringHazProExtractedSDDGContentRecord.ts": {"lines":{"total":0,"covered":0,"skipped":0,"pct":100},"functions":{"total":0,"covered":0,"skipped":0,"pct":100},"statements":{"total":0,"covered":0,"skipped":0,"pct":100},"branches":{"total":0,"covered":0,"skipped":0,"pct":100}}
,"/Users/codyschexnider/Documents/Technergetics/refactor/haz/src/utils/yjs/__generated__/types/YDocStringHazProFrustrationRecord.ts": {"lines":{"total":0,"covered":0,"skipped":0,"pct":100},"functions":{"total":0,"covered":0,"skipped":0,"pct":100},"statements":{"total":0,"covered":0,"skipped":0,"pct":100},"branches":{"total":0,"covered":0,"skipped":0,"pct":100}}
,"/Users/codyschexnider/Documents/Technergetics/refactor/haz/src/utils/yjs/__generated__/types/YDocStringHazProGMOShipmentDataRecord.ts": {"lines":{"total":0,"covered":0,"skipped":0,"pct":100},"functions":{"total":0,"covered":0,"skipped":0,"pct":100},"statements":{"total":0,"covered":0,"skipped":0,"pct":100},"branches":{"total":0,"covered":0,"skipped":0,"pct":100}}
,"/Users/codyschexnider/Documents/Technergetics/refactor/haz/src/utils/yjs/__generated__/types/YDocStringHazProHazProPreparerContextRecord.ts": {"lines":{"total":0,"covered":0,"skipped":0,"pct":100},"functions":{"total":0,"covered":0,"skipped":0,"pct":100},"statements":{"total":0,"covered":0,"skipped":0,"pct":100},"branches":{"total":0,"covered":0,"skipped":0,"pct":100}}
,"/Users/codyschexnider/Documents/Technergetics/refactor/haz/src/utils/yjs/__generated__/types/YDocStringHazProHazardousMaterialItemRecord.ts": {"lines":{"total":0,"covered":0,"skipped":0,"pct":100},"functions":{"total":0,"covered":0,"skipped":0,"pct":100},"statements":{"total":0,"covered":0,"skipped":0,"pct":100},"branches":{"total":0,"covered":0,"skipped":0,"pct":100}}
,"/Users/codyschexnider/Documents/Technergetics/refactor/haz/src/utils/yjs/__generated__/types/YDocStringHazProInnerPackagingInspectionDataRecord.ts": {"lines":{"total":0,"covered":0,"skipped":0,"pct":100},"functions":{"total":0,"covered":0,"skipped":0,"pct":100},"statements":{"total":0,"covered":0,"skipped":0,"pct":100},"branches":{"total":0,"covered":0,"skipped":0,"pct":100}}
,"/Users/codyschexnider/Documents/Technergetics/refactor/haz/src/utils/yjs/__generated__/types/YDocStringHazProInnerPackagingInspectionItemRecord.ts": {"lines":{"total":0,"covered":0,"skipped":0,"pct":100},"functions":{"total":0,"covered":0,"skipped":0,"pct":100},"statements":{"total":0,"covered":0,"skipped":0,"pct":100},"branches":{"total":0,"covered":0,"skipped":0,"pct":100}}
,"/Users/codyschexnider/Documents/Technergetics/refactor/haz/src/utils/yjs/__generated__/types/YDocStringHazProInspectorMagnetizedMaterialDataRecord.ts": {"lines":{"total":0,"covered":0,"skipped":0,"pct":100},"functions":{"total":0,"covered":0,"skipped":0,"pct":100},"statements":{"total":0,"covered":0,"skipped":0,"pct":100},"branches":{"total":0,"covered":0,"skipped":0,"pct":100}}
,"/Users/codyschexnider/Documents/Technergetics/refactor/haz/src/utils/yjs/__generated__/types/YDocStringHazProInspectorRecord.ts": {"lines":{"total":0,"covered":0,"skipped":0,"pct":100},"functions":{"total":0,"covered":0,"skipped":0,"pct":100},"statements":{"total":0,"covered":0,"skipped":0,"pct":100},"branches":{"total":0,"covered":0,"skipped":0,"pct":100}}
,"/Users/codyschexnider/Documents/Technergetics/refactor/haz/src/utils/yjs/__generated__/types/YDocStringHazProInspectorShipmentRecord.ts": {"lines":{"total":0,"covered":0,"skipped":0,"pct":100},"functions":{"total":0,"covered":0,"skipped":0,"pct":100},"statements":{"total":0,"covered":0,"skipped":0,"pct":100},"branches":{"total":0,"covered":0,"skipped":0,"pct":100}}
,"/Users/codyschexnider/Documents/Technergetics/refactor/haz/src/utils/yjs/__generated__/types/YDocStringHazProKitPreparationDataRecord.ts": {"lines":{"total":0,"covered":0,"skipped":0,"pct":100},"functions":{"total":0,"covered":0,"skipped":0,"pct":100},"statements":{"total":0,"covered":0,"skipped":0,"pct":100},"branches":{"total":0,"covered":0,"skipped":0,"pct":100}}
,"/Users/codyschexnider/Documents/Technergetics/refactor/haz/src/utils/yjs/__generated__/types/YDocStringHazProLifeSavingApplianceDataRecord.ts": {"lines":{"total":0,"covered":0,"skipped":0,"pct":100},"functions":{"total":0,"covered":0,"skipped":0,"pct":100},"statements":{"total":0,"covered":0,"skipped":0,"pct":100},"branches":{"total":0,"covered":0,"skipped":0,"pct":100}}
,"/Users/codyschexnider/Documents/Technergetics/refactor/haz/src/utils/yjs/__generated__/types/YDocStringHazProLithiumBatteryDataRecord.ts": {"lines":{"total":0,"covered":0,"skipped":0,"pct":100},"functions":{"total":0,"covered":0,"skipped":0,"pct":100},"statements":{"total":0,"covered":0,"skipped":0,"pct":100},"branches":{"total":0,"covered":0,"skipped":0,"pct":100}}
,"/Users/codyschexnider/Documents/Technergetics/refactor/haz/src/utils/yjs/__generated__/types/YDocStringHazProMagnetizedMaterialDataRecord.ts": {"lines":{"total":0,"covered":0,"skipped":0,"pct":100},"functions":{"total":0,"covered":0,"skipped":0,"pct":100},"statements":{"total":0,"covered":0,"skipped":0,"pct":100},"branches":{"total":0,"covered":0,"skipped":0,"pct":100}}
,"/Users/codyschexnider/Documents/Technergetics/refactor/haz/src/utils/yjs/__generated__/types/YDocStringHazProPOPMarkingRecord.ts": {"lines":{"total":0,"covered":0,"skipped":0,"pct":100},"functions":{"total":0,"covered":0,"skipped":0,"pct":100},"statements":{"total":0,"covered":0,"skipped":0,"pct":100},"branches":{"total":0,"covered":0,"skipped":0,"pct":100}}
,"/Users/codyschexnider/Documents/Technergetics/refactor/haz/src/utils/yjs/__generated__/types/YDocStringHazProPackageFrustrationRecord.ts": {"lines":{"total":0,"covered":0,"skipped":0,"pct":100},"functions":{"total":0,"covered":0,"skipped":0,"pct":100},"statements":{"total":0,"covered":0,"skipped":0,"pct":100},"branches":{"total":0,"covered":0,"skipped":0,"pct":100}}
,"/Users/codyschexnider/Documents/Technergetics/refactor/haz/src/utils/yjs/__generated__/types/YDocStringHazProPackagePopMarkingRecord.ts": {"lines":{"total":0,"covered":0,"skipped":0,"pct":100},"functions":{"total":0,"covered":0,"skipped":0,"pct":100},"statements":{"total":0,"covered":0,"skipped":0,"pct":100},"branches":{"total":0,"covered":0,"skipped":0,"pct":100}}
,"/Users/codyschexnider/Documents/Technergetics/refactor/haz/src/utils/yjs/__generated__/types/YDocStringHazProPackagingRecord.ts": {"lines":{"total":0,"covered":0,"skipped":0,"pct":100},"functions":{"total":0,"covered":0,"skipped":0,"pct":100},"statements":{"total":0,"covered":0,"skipped":0,"pct":100},"branches":{"total":0,"covered":0,"skipped":0,"pct":100}}
,"/Users/codyschexnider/Documents/Technergetics/refactor/haz/src/utils/yjs/__generated__/types/YDocStringHazProPackagingTypeInfoRecord.ts": {"lines":{"total":0,"covered":0,"skipped":0,"pct":100},"functions":{"total":0,"covered":0,"skipped":0,"pct":100},"statements":{"total":0,"covered":0,"skipped":0,"pct":100},"branches":{"total":0,"covered":0,"skipped":0,"pct":100}}
,"/Users/codyschexnider/Documents/Technergetics/refactor/haz/src/utils/yjs/__generated__/types/YDocStringHazProPreparerRecord.ts": {"lines":{"total":0,"covered":0,"skipped":0,"pct":100},"functions":{"total":0,"covered":0,"skipped":0,"pct":100},"statements":{"total":0,"covered":0,"skipped":0,"pct":100},"branches":{"total":0,"covered":0,"skipped":0,"pct":100}}
,"/Users/codyschexnider/Documents/Technergetics/refactor/haz/src/utils/yjs/__generated__/types/YDocStringHazProPreparerShipmentRecord.ts": {"lines":{"total":0,"covered":0,"skipped":0,"pct":100},"functions":{"total":0,"covered":0,"skipped":0,"pct":100},"statements":{"total":0,"covered":0,"skipped":0,"pct":100},"branches":{"total":0,"covered":0,"skipped":0,"pct":100}}
,"/Users/codyschexnider/Documents/Technergetics/refactor/haz/src/utils/yjs/__generated__/types/YDocStringHazProQuantityValueRecord.ts": {"lines":{"total":0,"covered":0,"skipped":0,"pct":100},"functions":{"total":0,"covered":0,"skipped":0,"pct":100},"statements":{"total":0,"covered":0,"skipped":0,"pct":100},"branches":{"total":0,"covered":0,"skipped":0,"pct":100}}
,"/Users/codyschexnider/Documents/Technergetics/refactor/haz/src/utils/yjs/__generated__/types/YDocStringHazProReinspectionAttemptRecord.ts": {"lines":{"total":0,"covered":0,"skipped":0,"pct":100},"functions":{"total":0,"covered":0,"skipped":0,"pct":100},"statements":{"total":0,"covered":0,"skipped":0,"pct":100},"branches":{"total":0,"covered":0,"skipped":0,"pct":100}}
,"/Users/codyschexnider/Documents/Technergetics/refactor/haz/src/utils/yjs/__generated__/types/YDocStringHazProSDDGInspectionContextRecord.ts": {"lines":{"total":0,"covered":0,"skipped":0,"pct":100},"functions":{"total":0,"covered":0,"skipped":0,"pct":100},"statements":{"total":0,"covered":0,"skipped":0,"pct":100},"branches":{"total":0,"covered":0,"skipped":0,"pct":100}}
,"/Users/codyschexnider/Documents/Technergetics/refactor/haz/src/utils/yjs/__generated__/types/YDocStringHazProSafetyDeviceDataRecord.ts": {"lines":{"total":0,"covered":0,"skipped":0,"pct":100},"functions":{"total":0,"covered":0,"skipped":0,"pct":100},"statements":{"total":0,"covered":0,"skipped":0,"pct":100},"branches":{"total":0,"covered":0,"skipped":0,"pct":100}}
,"/Users/codyschexnider/Documents/Technergetics/refactor/haz/src/utils/yjs/__generated__/types/YDocStringHazProShipmentRecord.ts": {"lines":{"total":0,"covered":0,"skipped":0,"pct":100},"functions":{"total":0,"covered":0,"skipped":0,"pct":100},"statements":{"total":0,"covered":0,"skipped":0,"pct":100},"branches":{"total":0,"covered":0,"skipped":0,"pct":100}}
,"/Users/codyschexnider/Documents/Technergetics/refactor/haz/src/utils/yjs/__generated__/types/YDocStringHazProShipperAddressRecord.ts": {"lines":{"total":0,"covered":0,"skipped":0,"pct":100},"functions":{"total":0,"covered":0,"skipped":0,"pct":100},"statements":{"total":0,"covered":0,"skipped":0,"pct":100},"branches":{"total":0,"covered":0,"skipped":0,"pct":100}}
,"/Users/codyschexnider/Documents/Technergetics/refactor/haz/src/utils/yjs/__generated__/types/YDocUser.ts": {"lines":{"total":0,"covered":0,"skipped":0,"pct":100},"functions":{"total":0,"covered":0,"skipped":0,"pct":100},"statements":{"total":0,"covered":0,"skipped":0,"pct":100},"branches":{"total":0,"covered":0,"skipped":0,"pct":100}}
,"/Users/codyschexnider/Documents/Technergetics/refactor/haz/src/utils/yjs/__generated__/types/YDocVehicleFuelTypeHazProEnginePreparationDataRecord.ts": {"lines":{"total":0,"covered":0,"skipped":0,"pct":100},"functions":{"total":0,"covered":0,"skipped":0,"pct":100},"statements":{"total":0,"covered":0,"skipped":0,"pct":100},"branches":{"total":0,"covered":0,"skipped":0,"pct":100}}
,"/Users/codyschexnider/Documents/Technergetics/refactor/haz/src/utils/yjs/__generated__/types/YDocVolumeValue.ts": {"lines":{"total":0,"covered":0,"skipped":0,"pct":100},"functions":{"total":0,"covered":0,"skipped":0,"pct":100},"statements":{"total":0,"covered":0,"skipped":0,"pct":100},"branches":{"total":0,"covered":0,"skipped":0,"pct":100}}
}
