TN:
SF:src/App.tsx
FN:26,(anonymous_0)
FN:36,(anonymous_1)
FN:58,(anonymous_2)
FN:90,(anonymous_3)
FN:99,AppWithLogin
FN:108,(anonymous_5)
FN:127,(anonymous_6)
FN:145,(anonymous_7)
FN:175,InspectorDataSetter
FN:178,(anonymous_9)
FN:193,App
FNF:11
FNH:0
FNDA:0,(anonymous_0)
FNDA:0,(anonymous_1)
FNDA:0,(anonymous_2)
FNDA:0,(anonymous_3)
FNDA:0,AppWithLogin
FNDA:0,(anonymous_5)
FNDA:0,(anonymous_6)
FNDA:0,(anonymous_7)
FNDA:0,InspectorDataSetter
FNDA:0,(anonymous_9)
FNDA:0,App
DA:24,0
DA:26,0
DA:33,0
DA:34,0
DA:36,0
DA:37,0
DA:38,0
DA:46,0
DA:50,0
DA:58,0
DA:86,0
DA:90,0
DA:91,0
DA:92,0
DA:93,0
DA:95,0
DA:100,0
DA:101,0
DA:104,0
DA:106,0
DA:108,0
DA:109,0
DA:110,0
DA:111,0
DA:114,0
DA:116,0
DA:121,0
DA:124,0
DA:127,0
DA:128,0
DA:129,0
DA:130,0
DA:131,0
DA:132,0
DA:135,0
DA:145,0
DA:146,0
DA:147,0
DA:151,0
DA:152,0
DA:156,0
DA:157,0
DA:167,0
DA:176,0
DA:178,0
DA:179,0
DA:180,0
DA:185,0
DA:189,0
DA:194,0
LF:50
LH:0
BRDA:37,0,0,0
BRDA:37,0,1,0
BRDA:46,1,0,0
BRDA:46,1,1,0
BRDA:53,2,0,0
BRDA:53,2,1,0
BRDA:92,3,0,0
BRDA:92,3,1,0
BRDA:114,4,0,0
BRDA:114,4,1,0
BRDA:118,5,0,0
BRDA:118,5,1,0
BRDA:151,6,0,0
BRDA:151,6,1,0
BRDA:156,7,0,0
BRDA:156,7,1,0
BRDA:156,8,0,0
BRDA:156,8,1,0
BRDA:156,8,2,0
BRDA:179,9,0,0
BRDA:179,9,1,0
BRDA:182,10,0,0
BRDA:182,10,1,0
BRF:23
BRH:0
end_of_record
TN:
SF:src/generateFromSchema.ts
FN:8,(anonymous_0)
FNF:1
FNH:0
FNDA:0,(anonymous_0)
DA:8,0
DA:9,0
DA:15,0
DA:16,0
DA:19,0
DA:20,0
DA:23,0
DA:27,0
DA:30,0
DA:31,0
DA:34,0
LF:11
LH:0
BRF:0
BRH:0
end_of_record
TN:
SF:src/code-generators/generate-query-resolvers.ts
FN:8,getTypeName
FN:15,(anonymous_1)
FN:26,(anonymous_2)
FN:28,(anonymous_3)
FN:54,(anonymous_4)
FN:60,(anonymous_5)
FNF:6
FNH:0
FNDA:0,getTypeName
FNDA:0,(anonymous_1)
FNDA:0,(anonymous_2)
FNDA:0,(anonymous_3)
FNDA:0,(anonymous_4)
FNDA:0,(anonymous_5)
DA:9,0
DA:10,0
DA:12,0
DA:15,0
DA:19,0
DA:20,0
DA:22,0
DA:25,0
DA:27,0
DA:28,0
DA:29,0
DA:30,0
DA:40,0
DA:42,0
DA:43,0
DA:49,0
DA:53,0
DA:54,0
DA:59,0
DA:61,0
DA:71,0
DA:84,0
DA:85,0
DA:86,0
LF:24
LH:0
BRDA:9,0,0,0
BRDA:9,0,1,0
BRDA:12,1,0,0
BRDA:12,1,1,0
BRDA:27,2,0,0
BRDA:27,2,1,0
BRDA:42,3,0,0
BRDA:42,3,1,0
BRF:8
BRH:0
end_of_record
TN:
SF:src/code-generators/generate-valtio-store.ts
FN:17,(anonymous_0)
FN:23,(anonymous_1)
FN:29,(anonymous_2)
FN:29,(anonymous_3)
FN:68,(anonymous_4)
FN:86,(anonymous_5)
FN:86,(anonymous_6)
FN:100,(anonymous_7)
FN:100,(anonymous_8)
FNF:9
FNH:0
FNDA:0,(anonymous_0)
FNDA:0,(anonymous_1)
FNDA:0,(anonymous_2)
FNDA:0,(anonymous_3)
FNDA:0,(anonymous_4)
FNDA:0,(anonymous_5)
FNDA:0,(anonymous_6)
FNDA:0,(anonymous_7)
FNDA:0,(anonymous_8)
DA:17,0
DA:18,0
DA:20,0
DA:22,0
DA:24,0
DA:25,0
DA:26,0
DA:29,0
DA:30,0
DA:37,0
DA:39,0
DA:41,0
DA:46,0
DA:53,0
DA:63,0
DA:69,0
DA:75,0
DA:76,0
DA:77,0
DA:79,0
DA:86,0
DA:87,0
DA:93,0
DA:99,0
DA:100,0
DA:101,0
DA:103,0
DA:109,0
DA:115,0
LF:29
LH:0
BRDA:25,0,0,0
BRDA:25,0,1,0
BRDA:25,1,0,0
BRDA:25,1,1,0
BRDA:29,2,0,0
BRDA:29,2,1,0
BRDA:39,3,0,0
BRDA:39,3,1,0
BRF:8
BRH:0
end_of_record
TN:
SF:src/code-generators/generate-valtio-types.ts
FN:60,uncapitalize
FN:65,(anonymous_1)
FN:105,parseValueNode
FN:127,(anonymous_3)
FN:137,getTypeName
FN:149,(anonymous_5)
FN:160,(anonymous_6)
FN:163,(anonymous_7)
FN:166,(anonymous_8)
FN:169,(anonymous_9)
FN:182,(anonymous_10)
FN:187,(anonymous_11)
FN:194,(anonymous_12)
FN:194,(anonymous_13)
FN:195,(anonymous_14)
FN:195,(anonymous_15)
FN:196,(anonymous_16)
FN:197,(anonymous_17)
FN:222,(anonymous_18)
FN:250,(anonymous_19)
FN:254,(anonymous_20)
FN:277,(anonymous_21)
FN:279,(anonymous_22)
FN:305,(anonymous_23)
FN:305,(anonymous_24)
FN:311,(anonymous_25)
FN:312,(anonymous_26)
FN:313,(anonymous_27)
FN:330,(anonymous_28)
FN:330,(anonymous_29)
FN:340,(anonymous_30)
FN:346,(anonymous_31)
FN:354,(anonymous_32)
FN:359,(anonymous_33)
FN:363,(anonymous_34)
FN:382,(anonymous_35)
FN:427,(anonymous_36)
FN:434,(anonymous_37)
FN:445,(anonymous_38)
FN:447,(anonymous_39)
FN:465,(anonymous_40)
FN:494,(anonymous_41)
FN:495,(anonymous_42)
FN:522,(anonymous_43)
FN:599,(anonymous_44)
FN:639,(anonymous_45)
FN:639,(anonymous_46)
FN:655,(anonymous_47)
FN:659,(anonymous_48)
FN:681,(anonymous_49)
FN:681,(anonymous_50)
FN:691,(anonymous_51)
FN:750,(anonymous_52)
FN:755,(anonymous_53)
FN:760,(anonymous_54)
FN:767,(anonymous_55)
FN:767,(anonymous_56)
FN:767,(anonymous_57)
FN:784,(anonymous_58)
FN:788,(anonymous_59)
FN:806,(anonymous_60)
FN:807,(anonymous_61)
FN:807,(anonymous_62)
FN:808,(anonymous_63)
FN:815,(anonymous_64)
FN:820,(anonymous_65)
FN:825,(anonymous_66)
FN:855,(anonymous_67)
FN:855,(anonymous_68)
FN:865,(anonymous_69)
FN:900,(anonymous_70)
FN:900,(anonymous_71)
FN:900,(anonymous_72)
FN:901,(anonymous_73)
FN:910,(anonymous_74)
FN:914,(anonymous_75)
FN:929,(anonymous_76)
FN:939,(anonymous_77)
FN:958,(anonymous_78)
FN:968,(anonymous_79)
FN:1005,(anonymous_80)
FN:1005,(anonymous_81)
FN:1020,(anonymous_82)
FN:1034,(anonymous_83)
FN:1038,(anonymous_84)
FN:1040,(anonymous_85)
FN:1050,(anonymous_86)
FN:1064,(anonymous_87)
FNF:88
FNH:0
FNDA:0,uncapitalize
FNDA:0,(anonymous_1)
FNDA:0,parseValueNode
FNDA:0,(anonymous_3)
FNDA:0,getTypeName
FNDA:0,(anonymous_5)
FNDA:0,(anonymous_6)
FNDA:0,(anonymous_7)
FNDA:0,(anonymous_8)
FNDA:0,(anonymous_9)
FNDA:0,(anonymous_10)
FNDA:0,(anonymous_11)
FNDA:0,(anonymous_12)
FNDA:0,(anonymous_13)
FNDA:0,(anonymous_14)
FNDA:0,(anonymous_15)
FNDA:0,(anonymous_16)
FNDA:0,(anonymous_17)
FNDA:0,(anonymous_18)
FNDA:0,(anonymous_19)
FNDA:0,(anonymous_20)
FNDA:0,(anonymous_21)
FNDA:0,(anonymous_22)
FNDA:0,(anonymous_23)
FNDA:0,(anonymous_24)
FNDA:0,(anonymous_25)
FNDA:0,(anonymous_26)
FNDA:0,(anonymous_27)
FNDA:0,(anonymous_28)
FNDA:0,(anonymous_29)
FNDA:0,(anonymous_30)
FNDA:0,(anonymous_31)
FNDA:0,(anonymous_32)
FNDA:0,(anonymous_33)
FNDA:0,(anonymous_34)
FNDA:0,(anonymous_35)
FNDA:0,(anonymous_36)
FNDA:0,(anonymous_37)
FNDA:0,(anonymous_38)
FNDA:0,(anonymous_39)
FNDA:0,(anonymous_40)
FNDA:0,(anonymous_41)
FNDA:0,(anonymous_42)
FNDA:0,(anonymous_43)
FNDA:0,(anonymous_44)
FNDA:0,(anonymous_45)
FNDA:0,(anonymous_46)
FNDA:0,(anonymous_47)
FNDA:0,(anonymous_48)
FNDA:0,(anonymous_49)
FNDA:0,(anonymous_50)
FNDA:0,(anonymous_51)
FNDA:0,(anonymous_52)
FNDA:0,(anonymous_53)
FNDA:0,(anonymous_54)
FNDA:0,(anonymous_55)
FNDA:0,(anonymous_56)
FNDA:0,(anonymous_57)
FNDA:0,(anonymous_58)
FNDA:0,(anonymous_59)
FNDA:0,(anonymous_60)
FNDA:0,(anonymous_61)
FNDA:0,(anonymous_62)
FNDA:0,(anonymous_63)
FNDA:0,(anonymous_64)
FNDA:0,(anonymous_65)
FNDA:0,(anonymous_66)
FNDA:0,(anonymous_67)
FNDA:0,(anonymous_68)
FNDA:0,(anonymous_69)
FNDA:0,(anonymous_70)
FNDA:0,(anonymous_71)
FNDA:0,(anonymous_72)
FNDA:0,(anonymous_73)
FNDA:0,(anonymous_74)
FNDA:0,(anonymous_75)
FNDA:0,(anonymous_76)
FNDA:0,(anonymous_77)
FNDA:0,(anonymous_78)
FNDA:0,(anonymous_79)
FNDA:0,(anonymous_80)
FNDA:0,(anonymous_81)
FNDA:0,(anonymous_82)
FNDA:0,(anonymous_83)
FNDA:0,(anonymous_84)
FNDA:0,(anonymous_85)
FNDA:0,(anonymous_86)
FNDA:0,(anonymous_87)
DA:61,0
DA:62,0
DA:65,0
DA:66,0
DA:67,0
DA:69,0
DA:70,0
DA:71,0
DA:72,0
DA:75,0
DA:76,0
DA:79,0
DA:82,0
DA:84,0
DA:87,0
DA:89,0
DA:91,0
DA:96,0
DA:106,0
DA:109,0
DA:112,0
DA:115,0
DA:118,0
DA:121,0
DA:124,0
DA:127,0
DA:128,0
DA:129,0
DA:133,0
DA:138,0
DA:139,0
DA:141,0
DA:142,0
DA:144,0
DA:145,0
DA:147,0
DA:149,0
DA:150,0
DA:152,0
DA:153,0
DA:154,0
DA:155,0
DA:156,0
DA:157,0
DA:159,0
DA:161,0
DA:164,0
DA:167,0
DA:169,0
DA:174,0
DA:181,0
DA:183,0
DA:184,0
DA:185,0
DA:186,0
DA:187,0
DA:188,0
DA:189,0
DA:191,0
DA:194,0
DA:195,0
DA:196,0
DA:197,0
DA:198,0
DA:199,0
DA:201,0
DA:203,0
DA:214,0
DA:223,0
DA:224,0
DA:225,0
DA:226,0
DA:228,0
DA:229,0
DA:230,0
DA:232,0
DA:233,0
DA:241,0
DA:244,0
DA:245,0
DA:246,0
DA:247,0
DA:248,0
DA:249,0
DA:250,0
DA:251,0
DA:252,0
DA:254,0
DA:259,0
DA:260,0
DA:263,0
DA:277,0
DA:279,0
DA:283,0
DA:284,0
DA:286,0
DA:288,0
DA:293,0
DA:294,0
DA:297,0
DA:299,0
DA:304,0
DA:305,0
DA:306,0
DA:310,0
DA:311,0
DA:313,0
DA:314,0
DA:315,0
DA:316,0
DA:317,0
DA:321,0
DA:323,0
DA:324,0
DA:325,0
DA:330,0
DA:331,0
DA:332,0
DA:334,0
DA:337,0
DA:340,0
DA:341,0
DA:342,0
DA:346,0
DA:347,0
DA:348,0
DA:349,0
DA:350,0
DA:351,0
DA:352,0
DA:353,0
DA:354,0
DA:355,0
DA:356,0
DA:359,0
DA:360,0
DA:363,0
DA:365,0
DA:366,0
DA:367,0
DA:369,0
DA:377,0
DA:378,0
DA:379,0
DA:380,0
DA:383,0
DA:384,0
DA:385,0
DA:386,0
DA:387,0
DA:388,0
DA:389,0
DA:390,0
DA:391,0
DA:392,0
DA:393,0
DA:394,0
DA:397,0
DA:399,0
DA:401,0
DA:408,0
DA:409,0
DA:410,0
DA:418,0
DA:420,0
DA:421,0
DA:427,0
DA:428,0
DA:434,0
DA:435,0
DA:436,0
DA:438,0
DA:441,0
DA:443,0
DA:444,0
DA:445,0
DA:447,0
DA:448,0
DA:450,0
DA:451,0
DA:452,0
DA:459,0
DA:460,0
DA:461,0
DA:462,0
DA:465,0
DA:466,0
DA:467,0
DA:468,0
DA:470,0
DA:471,0
DA:472,0
DA:474,0
DA:475,0
DA:476,0
DA:484,0
DA:485,0
DA:492,0
DA:493,0
DA:494,0
DA:495,0
DA:497,0
DA:498,0
DA:499,0
DA:502,0
DA:503,0
DA:504,0
DA:505,0
DA:506,0
DA:509,0
DA:512,0
DA:513,0
DA:514,0
DA:521,0
DA:522,0
DA:524,0
DA:525,0
DA:528,0
DA:529,0
DA:530,0
DA:531,0
DA:532,0
DA:536,0
DA:537,0
DA:538,0
DA:548,0
DA:549,0
DA:550,0
DA:554,0
DA:555,0
DA:556,0
DA:560,0
DA:561,0
DA:562,0
DA:568,0
DA:569,0
DA:570,0
DA:578,0
DA:579,0
DA:580,0
DA:588,0
DA:589,0
DA:590,0
DA:598,0
DA:599,0
DA:600,0
DA:601,0
DA:621,0
DA:622,0
DA:623,0
DA:639,0
DA:640,0
DA:641,0
DA:644,0
DA:645,0
DA:648,0
DA:649,0
DA:652,0
DA:653,0
DA:654,0
DA:655,0
DA:656,0
DA:659,0
DA:660,0
DA:662,0
DA:663,0
DA:664,0
DA:666,0
DA:672,0
DA:675,0
DA:680,0
DA:681,0
DA:682,0
DA:683,0
DA:684,0
DA:685,0
DA:686,0
DA:691,0
DA:692,0
DA:698,0
DA:707,0
DA:708,0
DA:709,0
DA:714,0
DA:715,0
DA:726,0
DA:727,0
DA:728,0
DA:729,0
DA:730,0
DA:731,0
DA:738,0
DA:745,0
DA:750,0
DA:754,0
DA:756,0
DA:757,0
DA:760,0
DA:761,0
DA:762,0
DA:763,0
DA:766,0
DA:767,0
DA:768,0
DA:769,0
DA:770,0
DA:773,0
DA:774,0
DA:777,0
DA:778,0
DA:781,0
DA:782,0
DA:783,0
DA:784,0
DA:785,0
DA:788,0
DA:789,0
DA:791,0
DA:792,0
DA:793,0
DA:795,0
DA:801,0
DA:803,0
DA:805,0
DA:806,0
DA:807,0
DA:808,0
DA:809,0
DA:810,0
DA:815,0
DA:819,0
DA:821,0
DA:822,0
DA:825,0
DA:827,0
DA:828,0
DA:829,0
DA:830,0
DA:833,0
DA:834,0
DA:837,0
DA:838,0
DA:839,0
DA:840,0
DA:842,0
DA:843,0
DA:844,0
DA:850,0
DA:854,0
DA:855,0
DA:856,0
DA:857,0
DA:858,0
DA:859,0
DA:860,0
DA:865,0
DA:866,0
DA:872,0
DA:879,0
DA:880,0
DA:881,0
DA:882,0
DA:883,0
DA:884,0
DA:891,0
DA:897,0
DA:899,0
DA:900,0
DA:901,0
DA:902,0
DA:903,0
DA:907,0
DA:908,0
DA:909,0
DA:910,0
DA:911,0
DA:914,0
DA:915,0
DA:918,0
DA:919,0
DA:920,0
DA:922,0
DA:929,0
DA:930,0
DA:931,0
DA:940,0
DA:941,0
DA:943,0
DA:944,0
DA:946,0
DA:947,0
DA:951,0
DA:957,0
DA:958,0
DA:959,0
DA:960,0
DA:969,0
DA:970,0
DA:971,0
DA:972,0
DA:973,0
DA:974,0
DA:975,0
DA:978,0
DA:979,0
DA:982,0
DA:988,0
DA:989,0
DA:990,0
DA:991,0
DA:1005,0
DA:1006,0
DA:1007,0
DA:1008,0
DA:1010,0
DA:1014,0
DA:1015,0
DA:1018,0
DA:1021,0
DA:1022,0
DA:1024,0
DA:1034,0
DA:1035,0
DA:1038,0
DA:1039,0
DA:1040,0
DA:1041,0
DA:1043,0
DA:1044,0
DA:1046,0
DA:1050,0
DA:1053,0
DA:1058,0
DA:1062,0
DA:1064,0
DA:1065,0
DA:1068,0
LF:437
LH:0
BRDA:61,0,0,0
BRDA:61,0,1,0
BRDA:66,1,0,0
BRDA:66,1,1,0
BRDA:69,2,0,0
BRDA:69,2,1,0
BRDA:69,3,0,0
BRDA:69,3,1,0
BRDA:71,4,0,0
BRDA:71,4,1,0
BRDA:75,5,0,0
BRDA:75,5,1,0
BRDA:79,6,0,0
BRDA:79,6,1,0
BRDA:79,6,2,0
BRDA:79,6,3,0
BRDA:79,6,4,0
BRDA:79,6,5,0
BRDA:79,6,6,0
BRDA:106,7,0,0
BRDA:106,7,1,0
BRDA:106,7,2,0
BRDA:106,7,3,0
BRDA:106,7,4,0
BRDA:106,7,5,0
BRDA:106,7,6,0
BRDA:106,7,7,0
BRDA:106,7,8,0
BRDA:138,8,0,0
BRDA:138,8,1,0
BRDA:141,9,0,0
BRDA:141,9,1,0
BRDA:144,10,0,0
BRDA:144,10,1,0
BRDA:169,11,0,0
BRDA:169,11,1,0
BRDA:184,12,0,0
BRDA:184,12,1,0
BRDA:186,13,0,0
BRDA:186,13,1,0
BRDA:194,14,0,0
BRDA:194,14,1,0
BRDA:195,15,0,0
BRDA:195,15,1,0
BRDA:196,16,0,0
BRDA:196,16,1,0
BRDA:228,17,0,0
BRDA:228,17,1,0
BRDA:229,18,0,0
BRDA:229,18,1,0
BRDA:232,19,0,0
BRDA:232,19,1,0
BRDA:246,20,0,0
BRDA:246,20,1,0
BRDA:249,21,0,0
BRDA:249,21,1,0
BRDA:249,21,2,0
BRDA:249,21,3,0
BRDA:249,21,4,0
BRDA:250,22,0,0
BRDA:250,22,1,0
BRDA:252,23,0,0
BRDA:252,23,1,0
BRDA:259,24,0,0
BRDA:259,24,1,0
BRDA:268,25,0,0
BRDA:268,25,1,0
BRDA:277,26,0,0
BRDA:277,26,1,0
BRDA:279,27,0,0
BRDA:279,27,1,0
BRDA:280,28,0,0
BRDA:280,28,1,0
BRDA:283,29,0,0
BRDA:283,29,1,0
BRDA:297,30,0,0
BRDA:297,30,1,0
BRDA:305,31,0,0
BRDA:305,31,1,0
BRDA:305,31,2,0
BRDA:305,31,3,0
BRDA:311,32,0,0
BRDA:311,32,1,0
BRDA:311,32,2,0
BRDA:311,32,3,0
BRDA:311,32,4,0
BRDA:316,33,0,0
BRDA:316,33,1,0
BRDA:321,34,0,0
BRDA:321,34,1,0
BRDA:324,35,0,0
BRDA:324,35,1,0
BRDA:330,36,0,0
BRDA:330,36,1,0
BRDA:330,36,2,0
BRDA:330,36,3,0
BRDA:330,36,4,0
BRDA:330,36,5,0
BRDA:330,36,6,0
BRDA:331,37,0,0
BRDA:331,37,1,0
BRDA:341,38,0,0
BRDA:341,38,1,0
BRDA:348,39,0,0
BRDA:348,39,1,0
BRDA:348,40,0,0
BRDA:348,40,1,0
BRDA:350,41,0,0
BRDA:350,41,1,0
BRDA:352,42,0,0
BRDA:352,42,1,0
BRDA:354,43,0,0
BRDA:354,43,1,0
BRDA:365,44,0,0
BRDA:365,44,1,0
BRDA:366,45,0,0
BRDA:366,45,1,0
BRDA:377,46,0,0
BRDA:377,46,1,0
BRDA:379,47,0,0
BRDA:379,47,1,0
BRDA:391,48,0,0
BRDA:391,48,1,0
BRDA:391,49,0,0
BRDA:391,49,1,0
BRDA:393,50,0,0
BRDA:393,50,1,0
BRDA:409,51,0,0
BRDA:409,51,1,0
BRDA:420,52,0,0
BRDA:420,52,1,0
BRDA:435,53,0,0
BRDA:435,53,1,0
BRDA:443,54,0,0
BRDA:443,54,1,0
BRDA:450,55,0,0
BRDA:450,55,1,0
BRDA:454,56,0,0
BRDA:454,56,1,0
BRDA:459,57,0,0
BRDA:459,57,1,0
BRDA:466,58,0,0
BRDA:466,58,1,0
BRDA:467,59,0,0
BRDA:467,59,1,0
BRDA:472,60,0,0
BRDA:472,60,1,0
BRDA:474,61,0,0
BRDA:474,61,1,0
BRDA:474,62,0,0
BRDA:474,62,1,0
BRDA:475,63,0,0
BRDA:475,63,1,0
BRDA:480,64,0,0
BRDA:480,64,1,0
BRDA:484,65,0,0
BRDA:484,65,1,0
BRDA:484,66,0,0
BRDA:484,66,1,0
BRDA:484,66,2,0
BRDA:487,67,0,0
BRDA:487,67,1,0
BRDA:488,68,0,0
BRDA:488,68,1,0
BRDA:497,69,0,0
BRDA:497,69,1,0
BRDA:497,70,0,0
BRDA:497,70,1,0
BRDA:499,71,0,0
BRDA:499,71,1,0
BRDA:503,72,0,0
BRDA:503,72,1,0
BRDA:503,73,0,0
BRDA:503,73,1,0
BRDA:505,74,0,0
BRDA:505,74,1,0
BRDA:505,75,0,0
BRDA:505,75,1,0
BRDA:513,76,0,0
BRDA:513,76,1,0
BRDA:516,77,0,0
BRDA:516,77,1,0
BRDA:518,78,0,0
BRDA:518,78,1,0
BRDA:521,79,0,0
BRDA:521,79,1,0
BRDA:524,80,0,0
BRDA:524,80,1,0
BRDA:529,81,0,0
BRDA:529,81,1,0
BRDA:529,82,0,0
BRDA:529,82,1,0
BRDA:531,83,0,0
BRDA:531,83,1,0
BRDA:531,84,0,0
BRDA:531,84,1,0
BRDA:537,85,0,0
BRDA:537,85,1,0
BRDA:540,86,0,0
BRDA:540,86,1,0
BRDA:541,87,0,0
BRDA:541,87,1,0
BRDA:549,88,0,0
BRDA:549,88,1,0
BRDA:555,89,0,0
BRDA:555,89,1,0
BRDA:561,90,0,0
BRDA:561,90,1,0
BRDA:569,91,0,0
BRDA:569,91,1,0
BRDA:569,92,0,0
BRDA:569,92,1,0
BRDA:569,92,2,0
BRDA:579,93,0,0
BRDA:579,93,1,0
BRDA:579,94,0,0
BRDA:579,94,1,0
BRDA:589,95,0,0
BRDA:589,95,1,0
BRDA:589,96,0,0
BRDA:589,96,1,0
BRDA:598,97,0,0
BRDA:598,97,1,0
BRDA:600,98,0,0
BRDA:600,98,1,0
BRDA:622,99,0,0
BRDA:622,99,1,0
BRDA:640,100,0,0
BRDA:640,100,1,0
BRDA:640,101,0,0
BRDA:640,101,1,0
BRDA:644,102,0,0
BRDA:644,102,1,0
BRDA:648,103,0,0
BRDA:648,103,1,0
BRDA:652,104,0,0
BRDA:652,104,1,0
BRDA:662,105,0,0
BRDA:662,105,1,0
BRDA:663,106,0,0
BRDA:663,106,1,0
BRDA:681,107,0,0
BRDA:681,107,1,0
BRDA:684,108,0,0
BRDA:684,108,1,0
BRDA:684,109,0,0
BRDA:684,109,1,0
BRDA:685,110,0,0
BRDA:685,110,1,0
BRDA:691,111,0,0
BRDA:691,111,1,0
BRDA:707,112,0,0
BRDA:707,112,1,0
BRDA:708,113,0,0
BRDA:708,113,1,0
BRDA:714,114,0,0
BRDA:714,114,1,0
BRDA:726,115,0,0
BRDA:726,115,1,0
BRDA:728,116,0,0
BRDA:728,116,1,0
BRDA:757,117,0,0
BRDA:757,117,1,0
BRDA:757,117,2,0
BRDA:757,117,3,0
BRDA:757,117,4,0
BRDA:766,118,0,0
BRDA:766,118,1,0
BRDA:767,119,0,0
BRDA:767,119,1,0
BRDA:769,120,0,0
BRDA:769,120,1,0
BRDA:769,121,0,0
BRDA:769,121,1,0
BRDA:773,122,0,0
BRDA:773,122,1,0
BRDA:777,123,0,0
BRDA:777,123,1,0
BRDA:781,124,0,0
BRDA:781,124,1,0
BRDA:791,125,0,0
BRDA:791,125,1,0
BRDA:792,126,0,0
BRDA:792,126,1,0
BRDA:805,127,0,0
BRDA:805,127,1,0
BRDA:815,128,0,0
BRDA:815,128,1,0
BRDA:815,128,2,0
BRDA:815,128,3,0
BRDA:833,129,0,0
BRDA:833,129,1,0
BRDA:833,130,0,0
BRDA:833,130,1,0
BRDA:833,130,2,0
BRDA:833,130,3,0
BRDA:837,131,0,0
BRDA:837,131,1,0
BRDA:842,132,0,0
BRDA:842,132,1,0
BRDA:854,133,0,0
BRDA:854,133,1,0
BRDA:858,134,0,0
BRDA:858,134,1,0
BRDA:858,135,0,0
BRDA:858,135,1,0
BRDA:859,136,0,0
BRDA:859,136,1,0
BRDA:865,137,0,0
BRDA:865,137,1,0
BRDA:879,138,0,0
BRDA:879,138,1,0
BRDA:881,139,0,0
BRDA:881,139,1,0
BRDA:899,140,0,0
BRDA:899,140,1,0
BRDA:907,141,0,0
BRDA:907,141,1,0
BRDA:918,142,0,0
BRDA:918,142,1,0
BRDA:919,143,0,0
BRDA:919,143,1,0
BRDA:930,144,0,0
BRDA:930,144,1,0
BRDA:940,145,0,0
BRDA:940,145,1,0
BRDA:940,146,0,0
BRDA:940,146,1,0
BRDA:943,147,0,0
BRDA:943,147,1,0
BRDA:946,148,0,0
BRDA:946,148,1,0
BRDA:957,149,0,0
BRDA:957,149,1,0
BRDA:959,150,0,0
BRDA:959,150,1,0
BRDA:969,151,0,0
BRDA:969,151,1,0
BRDA:970,152,0,0
BRDA:970,152,1,0
BRDA:972,153,0,0
BRDA:972,153,1,0
BRDA:974,154,0,0
BRDA:974,154,1,0
BRDA:978,155,0,0
BRDA:978,155,1,0
BRDA:978,156,0,0
BRDA:978,156,1,0
BRDA:988,157,0,0
BRDA:988,157,1,0
BRDA:990,158,0,0
BRDA:990,158,1,0
BRDA:1006,159,0,0
BRDA:1006,159,1,0
BRDA:1006,160,0,0
BRDA:1006,160,1,0
BRDA:1007,161,0,0
BRDA:1007,161,1,0
BRDA:1007,162,0,0
BRDA:1007,162,1,0
BRDA:1014,163,0,0
BRDA:1014,163,1,0
BRDA:1021,164,0,0
BRDA:1021,164,1,0
BRDA:1043,165,0,0
BRDA:1043,165,1,0
BRDA:1053,166,0,0
BRDA:1053,166,1,0
BRDA:1054,167,0,0
BRDA:1054,167,1,0
BRDA:1054,167,2,0
BRF:371
BRH:0
end_of_record
TN:
SF:src/code-generators/generate-ydoc-types.ts
FN:56,parseValueNode
FN:78,(anonymous_1)
FN:88,(anonymous_2)
FN:129,getTypeName
FN:141,(anonymous_4)
FN:151,(anonymous_5)
FN:154,(anonymous_6)
FN:157,(anonymous_7)
FN:160,(anonymous_8)
FN:173,(anonymous_9)
FN:180,(anonymous_10)
FN:180,(anonymous_11)
FN:181,(anonymous_12)
FN:182,(anonymous_13)
FN:183,(anonymous_14)
FN:195,(anonymous_15)
FN:216,(anonymous_16)
FN:247,(anonymous_17)
FN:251,(anonymous_18)
FN:275,(anonymous_19)
FN:276,(anonymous_20)
FN:326,(anonymous_21)
FN:326,(anonymous_22)
FN:335,(anonymous_23)
FN:336,(anonymous_24)
FN:343,(anonymous_25)
FN:346,(anonymous_26)
FN:367,(anonymous_27)
FN:368,(anonymous_28)
FN:384,(anonymous_29)
FN:385,(anonymous_30)
FN:400,(anonymous_31)
FN:400,(anonymous_32)
FN:408,(anonymous_33)
FN:412,(anonymous_34)
FN:416,(anonymous_35)
FN:439,(anonymous_36)
FN:440,(anonymous_37)
FN:471,(anonymous_38)
FN:472,(anonymous_39)
FN:512,(anonymous_40)
FNF:41
FNH:0
FNDA:0,parseValueNode
FNDA:0,(anonymous_1)
FNDA:0,(anonymous_2)
FNDA:0,getTypeName
FNDA:0,(anonymous_4)
FNDA:0,(anonymous_5)
FNDA:0,(anonymous_6)
FNDA:0,(anonymous_7)
FNDA:0,(anonymous_8)
FNDA:0,(anonymous_9)
FNDA:0,(anonymous_10)
FNDA:0,(anonymous_11)
FNDA:0,(anonymous_12)
FNDA:0,(anonymous_13)
FNDA:0,(anonymous_14)
FNDA:0,(anonymous_15)
FNDA:0,(anonymous_16)
FNDA:0,(anonymous_17)
FNDA:0,(anonymous_18)
FNDA:0,(anonymous_19)
FNDA:0,(anonymous_20)
FNDA:0,(anonymous_21)
FNDA:0,(anonymous_22)
FNDA:0,(anonymous_23)
FNDA:0,(anonymous_24)
FNDA:0,(anonymous_25)
FNDA:0,(anonymous_26)
FNDA:0,(anonymous_27)
FNDA:0,(anonymous_28)
FNDA:0,(anonymous_29)
FNDA:0,(anonymous_30)
FNDA:0,(anonymous_31)
FNDA:0,(anonymous_32)
FNDA:0,(anonymous_33)
FNDA:0,(anonymous_34)
FNDA:0,(anonymous_35)
FNDA:0,(anonymous_36)
FNDA:0,(anonymous_37)
FNDA:0,(anonymous_38)
FNDA:0,(anonymous_39)
FNDA:0,(anonymous_40)
DA:57,0
DA:60,0
DA:63,0
DA:66,0
DA:69,0
DA:72,0
DA:75,0
DA:78,0
DA:79,0
DA:80,0
DA:84,0
DA:88,0
DA:89,0
DA:90,0
DA:91,0
DA:92,0
DA:93,0
DA:96,0
DA:97,0
DA:100,0
DA:103,0
DA:105,0
DA:107,0
DA:110,0
DA:112,0
DA:114,0
DA:119,0
DA:130,0
DA:131,0
DA:133,0
DA:134,0
DA:136,0
DA:137,0
DA:139,0
DA:141,0
DA:142,0
DA:144,0
DA:145,0
DA:146,0
DA:147,0
DA:148,0
DA:150,0
DA:152,0
DA:155,0
DA:158,0
DA:160,0
DA:165,0
DA:172,0
DA:174,0
DA:175,0
DA:176,0
DA:179,0
DA:180,0
DA:181,0
DA:182,0
DA:183,0
DA:184,0
DA:185,0
DA:187,0
DA:191,0
DA:192,0
DA:194,0
DA:195,0
DA:197,0
DA:199,0
DA:208,0
DA:217,0
DA:218,0
DA:222,0
DA:223,0
DA:225,0
DA:226,0
DA:227,0
DA:229,0
DA:230,0
DA:238,0
DA:241,0
DA:242,0
DA:243,0
DA:244,0
DA:245,0
DA:246,0
DA:247,0
DA:248,0
DA:249,0
DA:251,0
DA:256,0
DA:257,0
DA:261,0
DA:275,0
DA:276,0
DA:279,0
DA:280,0
DA:282,0
DA:284,0
DA:289,0
DA:290,0
DA:292,0
DA:297,0
DA:320,0
DA:325,0
DA:326,0
DA:327,0
DA:330,0
DA:334,0
DA:335,0
DA:338,0
DA:343,0
DA:344,0
DA:345,0
DA:346,0
DA:349,0
DA:350,0
DA:357,0
DA:358,0
DA:359,0
DA:360,0
DA:363,0
DA:367,0
DA:368,0
DA:375,0
DA:380,0
DA:384,0
DA:385,0
DA:392,0
DA:397,0
DA:400,0
DA:401,0
DA:402,0
DA:404,0
DA:408,0
DA:409,0
DA:410,0
DA:412,0
DA:413,0
DA:416,0
DA:418,0
DA:419,0
DA:420,0
DA:422,0
DA:430,0
DA:431,0
DA:432,0
DA:435,0
DA:439,0
DA:441,0
DA:442,0
DA:447,0
DA:448,0
DA:454,0
DA:462,0
DA:467,0
DA:471,0
DA:473,0
DA:474,0
DA:479,0
DA:480,0
DA:487,0
DA:495,0
DA:508,0
DA:509,0
DA:512,0
DA:513,0
LF:163
LH:0
BRDA:57,0,0,0
BRDA:57,0,1,0
BRDA:57,0,2,0
BRDA:57,0,3,0
BRDA:57,0,4,0
BRDA:57,0,5,0
BRDA:57,0,6,0
BRDA:57,0,7,0
BRDA:57,0,8,0
BRDA:89,1,0,0
BRDA:89,1,1,0
BRDA:90,2,0,0
BRDA:90,2,1,0
BRDA:90,3,0,0
BRDA:90,3,1,0
BRDA:92,4,0,0
BRDA:92,4,1,0
BRDA:96,5,0,0
BRDA:96,5,1,0
BRDA:100,6,0,0
BRDA:100,6,1,0
BRDA:100,6,2,0
BRDA:100,6,3,0
BRDA:100,6,4,0
BRDA:100,6,5,0
BRDA:100,6,6,0
BRDA:100,6,7,0
BRDA:130,7,0,0
BRDA:130,7,1,0
BRDA:133,8,0,0
BRDA:133,8,1,0
BRDA:136,9,0,0
BRDA:136,9,1,0
BRDA:160,10,0,0
BRDA:160,10,1,0
BRDA:175,11,0,0
BRDA:175,11,1,0
BRDA:175,12,0,0
BRDA:175,12,1,0
BRDA:179,13,0,0
BRDA:179,13,1,0
BRDA:180,14,0,0
BRDA:180,14,1,0
BRDA:180,15,0,0
BRDA:180,15,1,0
BRDA:181,16,0,0
BRDA:181,16,1,0
BRDA:182,17,0,0
BRDA:182,17,1,0
BRDA:191,18,0,0
BRDA:191,18,1,0
BRDA:225,19,0,0
BRDA:225,19,1,0
BRDA:226,20,0,0
BRDA:226,20,1,0
BRDA:229,21,0,0
BRDA:229,21,1,0
BRDA:244,22,0,0
BRDA:244,22,1,0
BRDA:246,23,0,0
BRDA:246,23,1,0
BRDA:246,23,2,0
BRDA:246,23,3,0
BRDA:246,23,4,0
BRDA:247,24,0,0
BRDA:247,24,1,0
BRDA:249,25,0,0
BRDA:249,25,1,0
BRDA:256,26,0,0
BRDA:256,26,1,0
BRDA:265,27,0,0
BRDA:265,27,1,0
BRDA:275,28,0,0
BRDA:275,28,1,0
BRDA:276,29,0,0
BRDA:276,29,1,0
BRDA:279,30,0,0
BRDA:279,30,1,0
BRDA:290,31,0,0
BRDA:290,31,1,0
BRDA:320,32,0,0
BRDA:320,32,1,0
BRDA:326,33,0,0
BRDA:326,33,1,0
BRDA:335,34,0,0
BRDA:335,34,1,0
BRDA:345,35,0,0
BRDA:345,35,1,0
BRDA:349,36,0,0
BRDA:349,36,1,0
BRDA:349,37,0,0
BRDA:349,37,1,0
BRDA:357,38,0,0
BRDA:357,38,1,0
BRDA:359,39,0,0
BRDA:359,39,1,0
BRDA:401,40,0,0
BRDA:401,40,1,0
BRDA:418,41,0,0
BRDA:418,41,1,0
BRDA:419,42,0,0
BRDA:419,42,1,0
BRDA:431,43,0,0
BRDA:431,43,1,0
BRDA:441,44,0,0
BRDA:441,44,1,0
BRDA:447,45,0,0
BRDA:447,45,1,0
BRDA:473,46,0,0
BRDA:473,46,1,0
BRDA:473,47,0,0
BRDA:473,47,1,0
BRDA:479,48,0,0
BRDA:479,48,1,0
BRF:114
BRH:0
end_of_record
TN:
SF:src/code-generators/generated-entity-sync-paths.ts
FN:14,uncapitalize
FN:19,(anonymous_1)
FN:25,(anonymous_2)
FN:31,(anonymous_3)
FN:31,(anonymous_4)
FN:48,(anonymous_5)
FN:48,(anonymous_6)
FN:49,(anonymous_7)
FNF:8
FNH:0
FNDA:0,uncapitalize
FNDA:0,(anonymous_1)
FNDA:0,(anonymous_2)
FNDA:0,(anonymous_3)
FNDA:0,(anonymous_4)
FNDA:0,(anonymous_5)
FNDA:0,(anonymous_6)
FNDA:0,(anonymous_7)
DA:15,0
DA:16,0
DA:19,0
DA:20,0
DA:22,0
DA:24,0
DA:26,0
DA:27,0
DA:28,0
DA:31,0
DA:32,0
DA:39,0
DA:41,0
DA:43,0
DA:48,0
DA:49,0
DA:50,0
DA:60,0
LF:18
LH:0
BRDA:15,0,0,0
BRDA:15,0,1,0
BRDA:27,1,0,0
BRDA:27,1,1,0
BRDA:27,2,0,0
BRDA:27,2,1,0
BRDA:31,3,0,0
BRDA:31,3,1,0
BRDA:43,4,0,0
BRDA:43,4,1,0
BRF:10
BRH:0
end_of_record
TN:
SF:src/components/A8_5PackagingWizard.tsx
FN:18,StepIndicator
FN:33,(anonymous_1)
FN:47,OptionCard
FN:111,NavigationFooter
FN:191,(anonymous_4)
FN:258,(anonymous_5)
FN:264,(anonymous_6)
FN:276,(anonymous_7)
FN:281,(anonymous_8)
FN:291,(anonymous_9)
FN:299,renderStepContent
FN:304,(anonymous_11)
FN:310,(anonymous_12)
FN:316,(anonymous_13)
FN:344,(anonymous_14)
FN:363,(anonymous_15)
FNF:16
FNH:0
FNDA:0,StepIndicator
FNDA:0,(anonymous_1)
FNDA:0,OptionCard
FNDA:0,NavigationFooter
FNDA:0,(anonymous_4)
FNDA:0,(anonymous_5)
FNDA:0,(anonymous_6)
FNDA:0,(anonymous_7)
FNDA:0,(anonymous_8)
FNDA:0,(anonymous_9)
FNDA:0,renderStepContent
FNDA:0,(anonymous_11)
FNDA:0,(anonymous_12)
FNDA:0,(anonymous_13)
FNDA:0,(anonymous_14)
FNDA:0,(anonymous_15)
DA:25,0
DA:34,0
DA:60,0
DA:128,0
DA:191,0
DA:193,0
DA:195,0
DA:201,0
DA:244,0
DA:251,0
DA:252,0
DA:255,0
DA:258,0
DA:259,0
DA:260,0
DA:261,0
DA:264,0
DA:265,0
DA:266,0
DA:267,0
DA:271,0
DA:272,0
DA:276,0
DA:277,0
DA:278,0
DA:281,0
DA:282,0
DA:283,0
DA:284,0
DA:287,0
DA:291,0
DA:292,0
DA:293,0
DA:295,0
DA:300,0
DA:301,0
DA:305,0
DA:310,0
DA:317,0
DA:326,0
DA:327,0
DA:344,0
DA:363,0
DA:390,0
DA:393,0
DA:442,0
LF:46
LH:0
BRDA:38,0,0,0
BRDA:38,0,1,0
BRDA:52,1,0,0
BRDA:64,2,0,0
BRDA:64,2,1,0
BRDA:65,3,0,0
BRDA:65,3,1,0
BRDA:67,4,0,0
BRDA:67,4,1,0
BRDA:71,5,0,0
BRDA:71,5,1,0
BRDA:72,6,0,0
BRDA:72,6,1,0
BRDA:80,7,0,0
BRDA:80,7,1,0
BRDA:81,8,0,0
BRDA:81,8,1,0
BRDA:86,9,0,0
BRDA:86,9,1,0
BRDA:90,10,0,0
BRDA:90,10,1,0
BRDA:91,11,0,0
BRDA:91,11,1,0
BRDA:98,12,0,0
BRDA:98,12,1,0
BRDA:131,13,0,0
BRDA:131,13,1,0
BRDA:145,14,0,0
BRDA:145,14,1,0
BRDA:154,15,0,0
BRDA:154,15,1,0
BRDA:160,16,0,0
BRDA:160,16,1,0
BRDA:160,16,2,0
BRDA:163,17,0,0
BRDA:163,17,1,0
BRDA:166,18,0,0
BRDA:166,18,1,0
BRDA:169,19,0,0
BRDA:169,19,1,0
BRDA:174,20,0,0
BRDA:174,20,1,0
BRDA:174,20,2,0
BRDA:177,21,0,0
BRDA:177,21,1,0
BRDA:259,22,0,0
BRDA:259,22,1,0
BRDA:260,23,0,0
BRDA:260,23,1,0
BRDA:265,24,0,0
BRDA:265,24,1,0
BRDA:266,25,0,0
BRDA:266,25,1,0
BRDA:277,26,0,0
BRDA:277,26,1,0
BRDA:300,27,0,0
BRDA:300,27,1,0
BRDA:313,28,0,0
BRDA:313,28,1,0
BRDA:326,29,0,0
BRDA:326,29,1,0
BRDA:342,30,0,0
BRDA:342,30,1,0
BRDA:352,31,0,0
BRDA:352,31,1,0
BRDA:361,32,0,0
BRDA:361,32,1,0
BRDA:371,33,0,0
BRDA:371,33,1,0
BRDA:378,34,0,0
BRDA:378,34,1,0
BRDA:397,35,0,0
BRDA:397,35,1,0
BRDA:402,36,0,0
BRDA:402,36,1,0
BRDA:412,37,0,0
BRDA:412,37,1,0
BRF:77
BRH:0
end_of_record
TN:
SF:src/components/AccessorialHazardEntry.tsx
FN:21,(anonymous_0)
FN:31,(anonymous_1)
FN:51,(anonymous_2)
FN:61,(anonymous_3)
FN:87,(anonymous_4)
FN:98,(anonymous_5)
FN:107,(anonymous_6)
FN:118,(anonymous_7)
FN:122,(anonymous_8)
FNF:9
FNH:0
FNDA:0,(anonymous_0)
FNDA:0,(anonymous_1)
FNDA:0,(anonymous_2)
FNDA:0,(anonymous_3)
FNDA:0,(anonymous_4)
FNDA:0,(anonymous_5)
FNDA:0,(anonymous_6)
FNDA:0,(anonymous_7)
FNDA:0,(anonymous_8)
DA:21,0
DA:29,0
DA:31,0
DA:32,0
DA:34,0
DA:36,0
DA:43,0
DA:51,0
DA:52,0
DA:53,0
DA:54,0
DA:55,0
DA:56,0
DA:59,0
DA:61,0
DA:62,0
DA:65,0
DA:87,0
DA:98,0
DA:108,0
DA:109,0
DA:118,0
DA:123,0
DA:135,0
LF:24
LH:0
BRDA:32,0,0,0
BRDA:32,0,1,0
BRDA:43,1,0,0
BRDA:43,1,1,0
BRDA:45,2,0,0
BRDA:45,2,1,0
BRDA:47,3,0,0
BRDA:47,3,1,0
BRDA:52,4,0,0
BRDA:52,4,1,0
BRDA:52,5,0,0
BRDA:52,5,1,0
BRDA:53,6,0,0
BRDA:53,6,1,0
BRDA:53,7,0,0
BRDA:53,7,1,0
BRDA:54,8,0,0
BRDA:54,8,1,0
BRDA:54,9,0,0
BRDA:54,9,1,0
BRDA:55,10,0,0
BRDA:55,10,1,0
BRDA:55,11,0,0
BRDA:55,11,1,0
BRDA:97,12,0,0
BRDA:97,12,1,0
BRF:26
BRH:0
end_of_record
TN:
SF:src/components/AccessorialHazardsScreen.tsx
FN:78,(anonymous_0)
FN:101,(anonymous_1)
FN:102,(anonymous_2)
FN:103,(anonymous_3)
FN:182,(anonymous_4)
FN:193,(anonymous_5)
FN:204,(anonymous_6)
FN:215,(anonymous_7)
FN:230,(anonymous_8)
FN:276,(anonymous_9)
FN:283,(anonymous_10)
FN:330,(anonymous_11)
FN:334,(anonymous_12)
FN:347,(anonymous_13)
FN:371,(anonymous_14)
FN:407,(anonymous_15)
FN:437,(anonymous_16)
FN:460,(anonymous_17)
FN:489,(anonymous_18)
FN:514,(anonymous_19)
FN:556,(anonymous_20)
FN:560,(anonymous_21)
FN:563,(anonymous_22)
FN:567,(anonymous_23)
FN:613,(anonymous_24)
FN:622,(anonymous_25)
FN:648,(anonymous_26)
FN:659,(anonymous_27)
FN:686,(anonymous_28)
FNF:29
FNH:0
FNDA:0,(anonymous_0)
FNDA:0,(anonymous_1)
FNDA:0,(anonymous_2)
FNDA:0,(anonymous_3)
FNDA:0,(anonymous_4)
FNDA:0,(anonymous_5)
FNDA:0,(anonymous_6)
FNDA:0,(anonymous_7)
FNDA:0,(anonymous_8)
FNDA:0,(anonymous_9)
FNDA:0,(anonymous_10)
FNDA:0,(anonymous_11)
FNDA:0,(anonymous_12)
FNDA:0,(anonymous_13)
FNDA:0,(anonymous_14)
FNDA:0,(anonymous_15)
FNDA:0,(anonymous_16)
FNDA:0,(anonymous_17)
FNDA:0,(anonymous_18)
FNDA:0,(anonymous_19)
FNDA:0,(anonymous_20)
FNDA:0,(anonymous_21)
FNDA:0,(anonymous_22)
FNDA:0,(anonymous_23)
FNDA:0,(anonymous_24)
FNDA:0,(anonymous_25)
FNDA:0,(anonymous_26)
FNDA:0,(anonymous_27)
FNDA:0,(anonymous_28)
DA:26,0
DA:78,0
DA:80,0
DA:81,0
DA:83,0
DA:84,0
DA:85,0
DA:87,0
DA:88,0
DA:89,0
DA:93,0
DA:94,0
DA:96,0
DA:97,0
DA:98,0
DA:99,0
DA:101,0
DA:102,0
DA:103,0
DA:106,0
DA:107,0
DA:108,0
DA:109,0
DA:120,0
DA:121,0
DA:122,0
DA:136,0
DA:137,0
DA:149,0
DA:150,0
DA:151,0
DA:163,0
DA:164,0
DA:182,0
DA:183,0
DA:188,0
DA:193,0
DA:194,0
DA:199,0
DA:204,0
DA:205,0
DA:210,0
DA:215,0
DA:216,0
DA:222,0
DA:228,0
DA:231,0
DA:238,0
DA:240,0
DA:277,0
DA:283,0
DA:332,0
DA:333,0
DA:335,0
DA:338,0
DA:348,0
DA:372,0
DA:386,0
DA:387,0
DA:408,0
DA:420,0
DA:421,0
DA:437,0
DA:460,0
DA:489,0
DA:515,0
DA:516,0
DA:557,0
DA:561,0
DA:564,0
DA:567,0
DA:572,0
DA:573,0
DA:614,0
DA:623,0
DA:624,0
DA:625,0
DA:649,0
DA:651,0
DA:668,0
DA:669,0
DA:670,0
DA:674,0
DA:687,0
DA:690,0
DA:726,0
DA:731,0
DA:732,0
DA:738,0
DA:741,0
DA:776,0
DA:781,0
DA:782,0
DA:784,0
DA:796,0
LF:95
LH:0
BRDA:103,0,0,0
BRDA:103,0,1,0
BRDA:106,1,0,0
BRDA:106,1,1,0
BRDA:107,2,0,0
BRDA:107,2,1,0
BRDA:108,3,0,0
BRDA:108,3,1,0
BRDA:120,4,0,0
BRDA:120,4,1,0
BRDA:121,5,0,0
BRDA:121,5,1,0
BRDA:136,6,0,0
BRDA:136,6,1,0
BRDA:149,7,0,0
BRDA:149,7,1,0
BRDA:150,8,0,0
BRDA:150,8,1,0
BRDA:163,9,0,0
BRDA:163,9,1,0
BRDA:183,10,0,0
BRDA:183,10,1,0
BRDA:184,11,0,0
BRDA:184,11,1,0
BRDA:194,12,0,0
BRDA:194,12,1,0
BRDA:195,13,0,0
BRDA:195,13,1,0
BRDA:205,14,0,0
BRDA:205,14,1,0
BRDA:206,15,0,0
BRDA:206,15,1,0
BRDA:216,16,0,0
BRDA:216,16,1,0
BRDA:217,17,0,0
BRDA:217,17,1,0
BRDA:217,17,2,0
BRDA:228,18,0,0
BRDA:228,18,1,0
BRDA:231,19,0,0
BRDA:231,19,1,0
BRDA:243,20,0,0
BRDA:243,20,1,0
BRDA:281,21,0,0
BRDA:281,21,1,0
BRDA:293,22,0,0
BRDA:293,22,1,0
BRDA:303,23,0,0
BRDA:303,23,1,0
BRDA:307,24,0,0
BRDA:307,24,1,0
BRDA:314,25,0,0
BRDA:314,25,1,0
BRDA:327,26,0,0
BRDA:327,26,1,0
BRDA:335,27,0,0
BRDA:335,27,1,0
BRDA:360,28,0,0
BRDA:360,28,1,0
BRDA:397,29,0,0
BRDA:397,29,1,0
BRDA:434,30,0,0
BRDA:434,30,1,0
BRDA:446,31,0,0
BRDA:446,31,1,0
BRDA:457,32,0,0
BRDA:457,32,1,0
BRDA:469,33,0,0
BRDA:469,33,1,0
BRDA:482,34,0,0
BRDA:482,34,1,0
BRDA:486,35,0,0
BRDA:486,35,1,0
BRDA:526,36,0,0
BRDA:526,36,1,0
BRDA:561,37,0,0
BRDA:561,37,1,0
BRDA:596,38,0,0
BRDA:596,38,1,0
BRDA:611,39,0,0
BRDA:611,39,1,0
BRDA:687,40,0,0
BRDA:687,40,1,0
BRDA:693,41,0,0
BRDA:693,41,1,0
BRDA:700,42,0,0
BRDA:700,42,1,0
BRDA:710,43,0,0
BRDA:710,43,1,0
BRDA:710,44,0,0
BRDA:710,44,1,0
BRDA:721,45,0,0
BRDA:721,45,1,0
BRDA:732,46,0,0
BRDA:732,46,1,0
BRDA:733,47,0,0
BRDA:733,47,1,0
BRDA:738,48,0,0
BRDA:738,48,1,0
BRDA:743,49,0,0
BRDA:743,49,1,0
BRDA:750,50,0,0
BRDA:750,50,1,0
BRDA:760,51,0,0
BRDA:760,51,1,0
BRDA:760,52,0,0
BRDA:760,52,1,0
BRDA:771,53,0,0
BRDA:771,53,1,0
BRDA:781,54,0,0
BRDA:781,54,1,0
BRF:111
BRH:0
end_of_record
TN:
SF:src/components/AccessorialQuantityEntry.tsx
FN:18,(anonymous_0)
FN:22,getCurrentHazards
FN:40,(anonymous_2)
FN:41,(anonymous_3)
FN:53,(anonymous_4)
FN:57,(anonymous_5)
FN:61,(anonymous_6)
FN:73,(anonymous_7)
FN:78,(anonymous_8)
FN:83,(anonymous_9)
FN:110,(anonymous_10)
FN:116,(anonymous_11)
FN:125,(anonymous_12)
FN:166,(anonymous_13)
FN:181,(anonymous_14)
FN:192,(anonymous_15)
FNF:16
FNH:0
FNDA:0,(anonymous_0)
FNDA:0,getCurrentHazards
FNDA:0,(anonymous_2)
FNDA:0,(anonymous_3)
FNDA:0,(anonymous_4)
FNDA:0,(anonymous_5)
FNDA:0,(anonymous_6)
FNDA:0,(anonymous_7)
FNDA:0,(anonymous_8)
FNDA:0,(anonymous_9)
FNDA:0,(anonymous_10)
FNDA:0,(anonymous_11)
FNDA:0,(anonymous_12)
FNDA:0,(anonymous_13)
FNDA:0,(anonymous_14)
FNDA:0,(anonymous_15)
DA:18,0
DA:20,0
DA:23,0
DA:27,0
DA:32,0
DA:37,0
DA:40,0
DA:41,0
DA:42,0
DA:44,0
DA:45,0
DA:49,0
DA:51,0
DA:53,0
DA:54,0
DA:57,0
DA:58,0
DA:59,0
DA:60,0
DA:62,0
DA:64,0
DA:65,0
DA:73,0
DA:78,0
DA:79,0
DA:80,0
DA:82,0
DA:83,0
DA:85,0
DA:86,0
DA:87,0
DA:88,0
DA:89,0
DA:90,0
DA:91,0
DA:92,0
DA:93,0
DA:94,0
DA:98,0
DA:99,0
DA:106,0
DA:110,0
DA:111,0
DA:112,0
DA:113,0
DA:116,0
DA:117,0
DA:118,0
DA:119,0
DA:120,0
DA:121,0
DA:122,0
DA:125,0
DA:126,0
DA:127,0
DA:135,0
DA:136,0
DA:140,0
DA:141,0
DA:149,0
DA:153,0
DA:156,0
DA:167,0
DA:182,0
DA:184,0
DA:193,0
DA:194,0
DA:195,0
DA:199,0
DA:216,0
LF:70
LH:0
BRDA:23,0,0,0
BRDA:23,0,1,0
BRDA:28,1,0,0
BRDA:28,1,1,0
BRDA:33,2,0,0
BRDA:33,2,1,0
BRDA:45,3,0,0
BRDA:45,3,1,0
BRDA:65,4,0,0
BRDA:65,4,1,0
BRDA:82,5,0,0
BRDA:82,5,1,0
BRDA:85,6,0,0
BRDA:85,6,1,0
BRDA:87,7,0,0
BRDA:87,7,1,0
BRDA:89,8,0,0
BRDA:89,8,1,0
BRDA:91,9,0,0
BRDA:91,9,1,0
BRDA:93,10,0,0
BRDA:93,10,1,0
BRDA:98,11,0,0
BRDA:98,11,1,0
BRDA:126,12,0,0
BRDA:126,12,1,0
BRDA:136,13,0,0
BRDA:136,13,1,0
BRDA:137,14,0,0
BRDA:137,14,1,0
BRDA:140,15,0,0
BRDA:140,15,1,0
BRDA:158,16,0,0
BRDA:158,16,1,0
BRF:34
BRH:0
end_of_record
TN:
SF:src/components/AcknowledgementScreen.tsx
FN:29,AcknowledgementScreen
FN:38,(anonymous_1)
FN:48,(anonymous_2)
FN:80,(anonymous_3)
FN:107,(anonymous_4)
FN:155,SectionComponent
FN:176,(anonymous_6)
FNF:7
FNH:0
FNDA:0,AcknowledgementScreen
FNDA:0,(anonymous_1)
FNDA:0,(anonymous_2)
FNDA:0,(anonymous_3)
FNDA:0,(anonymous_4)
FNDA:0,SectionComponent
FNDA:0,(anonymous_6)
DA:21,0
DA:34,0
DA:35,0
DA:36,0
DA:38,0
DA:39,0
DA:41,0
DA:43,0
DA:44,0
DA:48,0
DA:49,0
DA:50,0
DA:53,0
DA:54,0
DA:57,0
DA:59,0
DA:81,0
DA:107,0
DA:156,0
DA:177,0
DA:188,0
LF:21
LH:0
BRDA:43,0,0,0
BRDA:43,0,1,0
BRDA:43,1,0,0
BRDA:43,1,1,0
BRDA:49,2,0,0
BRDA:49,2,1,0
BRDA:49,3,0,0
BRDA:49,3,1,0
BRDA:57,4,0,0
BRDA:57,4,1,0
BRDA:91,5,0,0
BRDA:91,5,1,0
BRDA:114,6,0,0
BRDA:114,6,1,0
BRDA:115,7,0,0
BRDA:115,7,1,0
BRDA:118,8,0,0
BRDA:118,8,1,0
BRDA:125,9,0,0
BRDA:125,9,1,0
BRDA:137,10,0,0
BRDA:137,10,1,0
BRDA:169,11,0,0
BRDA:169,11,1,0
BRDA:174,12,0,0
BRDA:174,12,1,0
BRDA:174,12,2,0
BRF:27
BRH:0
end_of_record
TN:
SF:src/components/Capacitors.tsx
FN:27,(anonymous_0)
FN:41,(anonymous_1)
FN:48,(anonymous_2)
FN:52,(anonymous_3)
FN:56,(anonymous_4)
FN:62,(anonymous_5)
FN:69,(anonymous_6)
FN:73,(anonymous_7)
FN:80,(anonymous_8)
FN:85,(anonymous_9)
FN:100,(anonymous_10)
FN:108,(anonymous_11)
FN:116,(anonymous_12)
FN:121,(anonymous_13)
FN:134,(anonymous_14)
FN:140,(anonymous_15)
FN:150,(anonymous_16)
FN:170,(anonymous_17)
FN:204,(anonymous_18)
FN:249,(anonymous_19)
FN:260,(anonymous_20)
FN:284,(anonymous_21)
FN:308,(anonymous_22)
FN:320,(anonymous_23)
FN:342,(anonymous_24)
FN:370,(anonymous_25)
FN:386,(anonymous_26)
FN:402,(anonymous_27)
FN:406,(anonymous_28)
FN:443,(anonymous_29)
FNF:30
FNH:0
FNDA:0,(anonymous_0)
FNDA:0,(anonymous_1)
FNDA:0,(anonymous_2)
FNDA:0,(anonymous_3)
FNDA:0,(anonymous_4)
FNDA:0,(anonymous_5)
FNDA:0,(anonymous_6)
FNDA:0,(anonymous_7)
FNDA:0,(anonymous_8)
FNDA:0,(anonymous_9)
FNDA:0,(anonymous_10)
FNDA:0,(anonymous_11)
FNDA:0,(anonymous_12)
FNDA:0,(anonymous_13)
FNDA:0,(anonymous_14)
FNDA:0,(anonymous_15)
FNDA:0,(anonymous_16)
FNDA:0,(anonymous_17)
FNDA:0,(anonymous_18)
FNDA:0,(anonymous_19)
FNDA:0,(anonymous_20)
FNDA:0,(anonymous_21)
FNDA:0,(anonymous_22)
FNDA:0,(anonymous_23)
FNDA:0,(anonymous_24)
FNDA:0,(anonymous_25)
FNDA:0,(anonymous_26)
FNDA:0,(anonymous_27)
FNDA:0,(anonymous_28)
FNDA:0,(anonymous_29)
DA:27,0
DA:28,0
DA:29,0
DA:30,0
DA:31,0
DA:32,0
DA:41,0
DA:42,0
DA:43,0
DA:44,0
DA:48,0
DA:49,0
DA:52,0
DA:56,0
DA:62,0
DA:63,0
DA:69,0
DA:70,0
DA:73,0
DA:74,0
DA:75,0
DA:76,0
DA:77,0
DA:80,0
DA:81,0
DA:82,0
DA:85,0
DA:86,0
DA:88,0
DA:90,0
DA:92,0
DA:94,0
DA:96,0
DA:100,0
DA:101,0
DA:102,0
DA:103,0
DA:104,0
DA:108,0
DA:109,0
DA:110,0
DA:112,0
DA:116,0
DA:117,0
DA:118,0
DA:121,0
DA:122,0
DA:124,0
DA:125,0
DA:127,0
DA:128,0
DA:134,0
DA:135,0
DA:136,0
DA:140,0
DA:141,0
DA:151,0
DA:171,0
DA:205,0
DA:249,0
DA:250,0
DA:261,0
DA:285,0
DA:308,0
DA:309,0
DA:321,0
DA:343,0
DA:370,0
DA:371,0
DA:387,0
DA:402,0
DA:403,0
DA:407,0
DA:419,0
DA:443,0
DA:488,0
LF:76
LH:0
BRDA:29,0,0,0
BRDA:29,0,1,0
BRDA:43,1,0,0
BRDA:43,1,1,0
BRDA:64,2,0,0
BRDA:64,2,1,0
BRDA:70,3,0,0
BRDA:70,3,1,0
BRDA:74,4,0,0
BRDA:74,4,1,0
BRDA:75,5,0,0
BRDA:75,5,1,0
BRDA:86,6,0,0
BRDA:86,6,1,0
BRDA:86,6,2,0
BRDA:86,6,3,0
BRDA:86,6,4,0
BRDA:101,7,0,0
BRDA:101,7,1,0
BRDA:101,8,0,0
BRDA:101,8,1,0
BRDA:103,9,0,0
BRDA:103,9,1,0
BRDA:109,10,0,0
BRDA:109,10,1,0
BRDA:122,11,0,0
BRDA:122,11,1,0
BRDA:127,12,0,0
BRDA:127,12,1,0
BRDA:156,13,0,0
BRDA:156,13,1,0
BRDA:176,14,0,0
BRDA:176,14,1,0
BRDA:213,15,0,0
BRDA:213,15,1,0
BRDA:226,16,0,0
BRDA:226,16,1,0
BRDA:240,17,0,0
BRDA:240,17,1,0
BRDA:269,18,0,0
BRDA:269,18,1,0
BRDA:280,19,0,0
BRDA:280,19,1,0
BRDA:290,20,0,0
BRDA:290,20,1,0
BRDA:300,21,0,0
BRDA:300,21,1,0
BRDA:300,21,2,0
BRDA:316,22,0,0
BRDA:316,22,1,0
BRDA:326,23,0,0
BRDA:326,23,1,0
BRDA:338,24,0,0
BRDA:338,24,1,0
BRDA:348,25,0,0
BRDA:348,25,1,0
BRDA:361,26,0,0
BRDA:361,26,1,0
BRDA:361,26,2,0
BRDA:393,27,0,0
BRDA:393,27,1,0
BRDA:411,28,0,0
BRDA:411,28,1,0
BRDA:422,29,0,0
BRDA:422,29,1,0
BRDA:433,30,0,0
BRDA:433,30,1,0
BRDA:434,31,0,0
BRDA:434,31,1,0
BRDA:435,32,0,0
BRDA:435,32,1,0
BRDA:436,33,0,0
BRDA:436,33,1,0
BRDA:455,34,0,0
BRDA:455,34,1,0
BRDA:459,35,0,0
BRDA:459,35,1,0
BRDA:470,36,0,0
BRDA:470,36,1,0
BRDA:473,37,0,0
BRDA:473,37,1,0
BRDA:475,38,0,0
BRDA:475,38,1,0
BRF:83
BRH:0
end_of_record
TN:
SF:src/components/ChevronHeaderCell.tsx
FN:44,ChevronHeaderCellSuccess
FN:57,(anonymous_1)
FN:60,(anonymous_2)
FN:65,(anonymous_3)
FN:70,(anonymous_4)
FN:75,(anonymous_5)
FN:80,(anonymous_6)
FN:87,(anonymous_7)
FN:91,(anonymous_8)
FN:142,(anonymous_9)
FN:171,(anonymous_10)
FN:185,(anonymous_11)
FN:196,(anonymous_12)
FNF:13
FNH:0
FNDA:0,ChevronHeaderCellSuccess
FNDA:0,(anonymous_1)
FNDA:0,(anonymous_2)
FNDA:0,(anonymous_3)
FNDA:0,(anonymous_4)
FNDA:0,(anonymous_5)
FNDA:0,(anonymous_6)
FNDA:0,(anonymous_7)
FNDA:0,(anonymous_8)
FNDA:0,(anonymous_9)
FNDA:0,(anonymous_10)
FNDA:0,(anonymous_11)
FNDA:0,(anonymous_12)
DA:22,0
DA:49,0
DA:50,0
DA:51,0
DA:52,0
DA:53,0
DA:54,0
DA:55,0
DA:57,0
DA:58,0
DA:60,0
DA:63,0
DA:65,0
DA:68,0
DA:70,0
DA:73,0
DA:75,0
DA:78,0
DA:80,0
DA:85,0
DA:87,0
DA:88,0
DA:89,0
DA:91,0
DA:92,0
DA:95,0
DA:97,0
DA:103,0
DA:110,0
DA:116,0
DA:120,0
DA:121,0
DA:122,0
DA:124,0
DA:143,0
DA:144,0
DA:172,0
DA:173,0
DA:186,0
DA:187,0
DA:197,0
DA:198,0
LF:42
LH:0
BRDA:89,0,0,0
BRDA:89,0,1,0
BRDA:97,1,0,0
BRDA:97,1,1,0
BRDA:103,2,0,0
BRDA:103,2,1,0
BRDA:103,2,2,0
BRDA:103,2,3,0
BRDA:103,2,4,0
BRDA:103,2,5,0
BRDA:110,3,0,0
BRDA:110,3,1,0
BRDA:110,3,2,0
BRDA:110,3,3,0
BRDA:110,3,4,0
BRDA:116,4,0,0
BRDA:116,4,1,0
BRDA:116,4,2,0
BRDA:116,4,3,0
BRDA:120,5,0,0
BRDA:120,5,1,0
BRDA:121,6,0,0
BRDA:121,6,1,0
BRDA:135,7,0,0
BRDA:135,7,1,0
BRDA:137,8,0,0
BRDA:137,8,1,0
BRDA:139,9,0,0
BRDA:139,9,1,0
BRDA:153,10,0,0
BRDA:153,10,1,0
BRDA:155,11,0,0
BRDA:155,11,1,0
BRDA:157,12,0,0
BRDA:157,12,1,0
BRDA:170,13,0,0
BRDA:170,13,1,0
BRDA:184,14,0,0
BRDA:184,14,1,0
BRDA:184,15,0,0
BRDA:184,15,1,0
BRDA:195,16,0,0
BRDA:195,16,1,0
BRF:43
BRH:0
end_of_record
TN:
SF:src/components/CoeAndCaaDisclaimer.tsx
FN:6,(anonymous_0)
FN:12,(anonymous_1)
FN:16,(anonymous_2)
FN:29,(anonymous_3)
FN:35,(anonymous_4)
FNF:5
FNH:0
FNDA:0,(anonymous_0)
FNDA:0,(anonymous_1)
FNDA:0,(anonymous_2)
FNDA:0,(anonymous_3)
FNDA:0,(anonymous_4)
DA:6,0
DA:7,0
DA:8,0
DA:9,0
DA:10,0
DA:12,0
DA:13,0
DA:16,0
DA:17,0
DA:20,0
DA:29,0
DA:30,0
DA:31,0
DA:35,0
DA:36,0
DA:99,0
DA:134,0
LF:17
LH:0
BRDA:30,0,0,0
BRDA:30,0,1,0
BRDA:115,1,0,0
BRDA:115,1,1,0
BRDA:121,2,0,0
BRDA:121,2,1,0
BRF:6
BRH:0
end_of_record
TN:
SF:src/components/CoeAndCaaScreen.tsx
FN:33,(anonymous_0)
FN:47,(anonymous_1)
FN:51,(anonymous_2)
FN:57,(anonymous_3)
FN:82,(anonymous_4)
FN:92,(anonymous_5)
FN:115,(anonymous_6)
FN:138,(anonymous_7)
FN:215,(anonymous_8)
FN:224,(anonymous_9)
FN:233,(anonymous_10)
FN:245,(anonymous_11)
FN:262,(anonymous_12)
FN:263,(anonymous_13)
FN:266,(anonymous_14)
FN:274,(anonymous_15)
FN:321,(anonymous_16)
FN:340,(anonymous_17)
FN:341,(anonymous_18)
FN:348,(anonymous_19)
FN:368,(anonymous_20)
FN:387,(anonymous_21)
FN:413,(anonymous_22)
FN:429,(anonymous_23)
FN:456,(anonymous_24)
FN:534,(anonymous_25)
FN:563,(anonymous_26)
FN:660,(anonymous_27)
FN:701,(anonymous_28)
FN:709,(anonymous_29)
FNF:30
FNH:0
FNDA:0,(anonymous_0)
FNDA:0,(anonymous_1)
FNDA:0,(anonymous_2)
FNDA:0,(anonymous_3)
FNDA:0,(anonymous_4)
FNDA:0,(anonymous_5)
FNDA:0,(anonymous_6)
FNDA:0,(anonymous_7)
FNDA:0,(anonymous_8)
FNDA:0,(anonymous_9)
FNDA:0,(anonymous_10)
FNDA:0,(anonymous_11)
FNDA:0,(anonymous_12)
FNDA:0,(anonymous_13)
FNDA:0,(anonymous_14)
FNDA:0,(anonymous_15)
FNDA:0,(anonymous_16)
FNDA:0,(anonymous_17)
FNDA:0,(anonymous_18)
FNDA:0,(anonymous_19)
FNDA:0,(anonymous_20)
FNDA:0,(anonymous_21)
FNDA:0,(anonymous_22)
FNDA:0,(anonymous_23)
FNDA:0,(anonymous_24)
FNDA:0,(anonymous_25)
FNDA:0,(anonymous_26)
FNDA:0,(anonymous_27)
FNDA:0,(anonymous_28)
FNDA:0,(anonymous_29)
DA:33,0
DA:34,0
DA:37,0
DA:38,0
DA:39,0
DA:40,0
DA:41,0
DA:42,0
DA:43,0
DA:45,0
DA:47,0
DA:48,0
DA:51,0
DA:52,0
DA:53,0
DA:57,0
DA:58,0
DA:59,0
DA:60,0
DA:70,0
DA:74,0
DA:77,0
DA:78,0
DA:82,0
DA:83,0
DA:84,0
DA:85,0
DA:91,0
DA:92,0
DA:94,0
DA:95,0
DA:103,0
DA:104,0
DA:110,0
DA:111,0
DA:115,0
DA:116,0
DA:117,0
DA:121,0
DA:123,0
DA:124,0
DA:125,0
DA:127,0
DA:128,0
DA:132,0
DA:135,0
DA:136,0
DA:137,0
DA:139,0
DA:140,0
DA:143,0
DA:153,0
DA:162,0
DA:166,0
DA:167,0
DA:168,0
DA:170,0
DA:174,0
DA:175,0
DA:180,0
DA:190,0
DA:191,0
DA:192,0
DA:193,0
DA:196,0
DA:204,0
DA:205,0
DA:206,0
DA:208,0
DA:209,0
DA:211,0
DA:215,0
DA:216,0
DA:225,0
DA:231,0
DA:233,0
DA:235,0
DA:240,0
DA:241,0
DA:245,0
DA:247,0
DA:252,0
DA:253,0
DA:262,0
DA:263,0
DA:266,0
DA:267,0
DA:274,0
DA:282,0
DA:283,0
DA:294,0
DA:295,0
DA:321,0
DA:322,0
DA:340,0
DA:342,0
DA:348,0
DA:368,0
DA:370,0
DA:372,0
DA:374,0
DA:388,0
DA:413,0
DA:430,0
DA:456,0
DA:475,0
DA:534,0
DA:563,0
DA:660,0
DA:701,0
DA:710,0
DA:732,0
LF:112
LH:0
BRDA:52,0,0,0
BRDA:52,0,1,0
BRDA:52,1,0,0
BRDA:52,1,1,0
BRDA:59,2,0,0
BRDA:59,2,1,0
BRDA:91,3,0,0
BRDA:91,3,1,0
BRDA:91,4,0,0
BRDA:91,4,1,0
BRDA:94,5,0,0
BRDA:94,5,1,0
BRDA:116,6,0,0
BRDA:116,6,1,0
BRDA:123,7,0,0
BRDA:123,7,1,0
BRDA:127,8,0,0
BRDA:127,8,1,0
BRDA:139,9,0,0
BRDA:139,9,1,0
BRDA:175,10,0,0
BRDA:175,10,1,0
BRDA:190,11,0,0
BRDA:190,11,1,0
BRDA:192,12,0,0
BRDA:192,12,1,0
BRDA:198,13,0,0
BRDA:198,13,1,0
BRDA:199,14,0,0
BRDA:199,14,1,0
BRDA:225,15,0,0
BRDA:225,15,1,0
BRDA:231,16,0,0
BRDA:231,16,1,0
BRDA:240,17,0,0
BRDA:240,17,1,0
BRDA:252,18,0,0
BRDA:252,18,1,0
BRDA:282,19,0,0
BRDA:282,19,1,0
BRDA:294,20,0,0
BRDA:294,20,1,0
BRDA:334,21,0,0
BRDA:334,21,1,0
BRDA:370,22,0,0
BRDA:370,22,1,0
BRDA:372,23,0,0
BRDA:372,23,1,0
BRDA:379,24,0,0
BRDA:379,24,1,0
BRDA:385,25,0,0
BRDA:385,25,1,0
BRDA:386,26,0,0
BRDA:386,26,1,0
BRDA:400,27,0,0
BRDA:400,27,1,0
BRDA:428,28,0,0
BRDA:428,28,1,0
BRDA:443,29,0,0
BRDA:443,29,1,0
BRDA:478,30,0,0
BRDA:478,30,1,0
BRDA:481,31,0,0
BRDA:481,31,1,0
BRDA:485,32,0,0
BRDA:485,32,1,0
BRDA:532,33,0,0
BRDA:532,33,1,0
BRDA:540,34,0,0
BRDA:540,34,1,0
BRDA:546,35,0,0
BRDA:546,35,1,0
BRDA:561,36,0,0
BRDA:561,36,1,0
BRDA:569,37,0,0
BRDA:569,37,1,0
BRDA:575,38,0,0
BRDA:575,38,1,0
BRDA:619,39,0,0
BRDA:619,39,1,0
BRDA:676,40,0,0
BRDA:676,40,1,0
BRDA:676,40,2,0
BRDA:681,41,0,0
BRDA:681,41,1,0
BRDA:681,41,2,0
BRF:86
BRH:0
end_of_record
TN:
SF:src/components/CompatibilitySegregationModal.tsx
FN:97,(anonymous_0)
FN:103,(anonymous_1)
FN:129,(anonymous_2)
FN:150,(anonymous_3)
FN:174,(anonymous_4)
FN:180,(anonymous_5)
FN:200,(anonymous_6)
FN:240,(anonymous_7)
FN:244,(anonymous_8)
FN:250,(anonymous_9)
FN:260,(anonymous_10)
FN:263,(anonymous_11)
FN:271,(anonymous_12)
FN:277,(anonymous_13)
FN:283,(anonymous_14)
FN:304,(anonymous_15)
FN:312,(anonymous_16)
FN:315,(anonymous_17)
FN:316,(anonymous_18)
FN:321,(anonymous_19)
FN:325,(anonymous_20)
FN:331,(anonymous_21)
FN:349,(anonymous_22)
FN:357,(anonymous_23)
FN:362,(anonymous_24)
FN:376,(anonymous_25)
FN:402,(anonymous_26)
FN:403,(anonymous_27)
FN:431,(anonymous_28)
FN:442,(anonymous_29)
FN:443,(anonymous_30)
FN:460,(anonymous_31)
FN:461,(anonymous_32)
FN:479,(anonymous_33)
FN:480,(anonymous_34)
FN:502,(anonymous_35)
FN:503,(anonymous_36)
FN:504,(anonymous_37)
FN:532,(anonymous_38)
FN:550,(anonymous_39)
FN:588,(anonymous_40)
FN:613,(anonymous_41)
FN:620,(anonymous_42)
FN:623,(anonymous_43)
FN:626,(anonymous_44)
FN:637,(anonymous_45)
FN:658,(anonymous_46)
FN:661,(anonymous_47)
FN:666,(anonymous_48)
FN:684,(anonymous_49)
FN:687,(anonymous_50)
FN:693,(anonymous_51)
FN:721,(anonymous_52)
FN:723,(anonymous_53)
FN:728,(anonymous_54)
FN:746,(anonymous_55)
FN:748,(anonymous_56)
FN:805,(anonymous_57)
FN:806,(anonymous_58)
FN:814,(anonymous_59)
FN:821,(anonymous_60)
FN:822,(anonymous_61)
FN:825,(anonymous_62)
FN:832,(anonymous_63)
FN:833,(anonymous_64)
FN:836,(anonymous_65)
FN:837,(anonymous_66)
FN:847,(anonymous_67)
FN:852,(anonymous_68)
FN:853,(anonymous_69)
FN:865,(anonymous_70)
FN:883,(anonymous_71)
FN:938,(anonymous_72)
FN:958,(anonymous_73)
FN:959,(anonymous_74)
FN:990,(anonymous_75)
FN:1029,(anonymous_76)
FN:1042,(anonymous_77)
FN:1056,(anonymous_78)
FN:1087,(anonymous_79)
FN:1104,(anonymous_80)
FN:1140,(anonymous_81)
FN:1171,(anonymous_82)
FN:1188,(anonymous_83)
FN:1223,(anonymous_84)
FN:1251,(anonymous_85)
FN:1270,(anonymous_86)
FN:1284,(anonymous_87)
FN:1300,(anonymous_88)
FN:1305,(anonymous_89)
FN:1311,(anonymous_90)
FN:1329,(anonymous_91)
FN:1332,(anonymous_92)
FN:1408,(anonymous_93)
FN:1467,(anonymous_94)
FN:1468,(anonymous_95)
FN:1481,(anonymous_96)
FN:1569,(anonymous_97)
FN:1603,(anonymous_98)
FN:1607,(anonymous_99)
FN:1613,(anonymous_100)
FN:1630,(anonymous_101)
FN:1632,(anonymous_102)
FN:1665,(anonymous_103)
FN:1668,(anonymous_104)
FN:1671,(anonymous_105)
FN:1695,(anonymous_106)
FN:1710,(anonymous_107)
FN:1724,(anonymous_108)
FN:1734,(anonymous_109)
FN:1738,(anonymous_110)
FN:1739,(anonymous_111)
FN:1769,(anonymous_112)
FN:1777,(anonymous_113)
FN:1802,(anonymous_114)
FN:1870,(anonymous_115)
FN:1876,(anonymous_116)
FNF:117
FNH:0
FNDA:0,(anonymous_0)
FNDA:0,(anonymous_1)
FNDA:0,(anonymous_2)
FNDA:0,(anonymous_3)
FNDA:0,(anonymous_4)
FNDA:0,(anonymous_5)
FNDA:0,(anonymous_6)
FNDA:0,(anonymous_7)
FNDA:0,(anonymous_8)
FNDA:0,(anonymous_9)
FNDA:0,(anonymous_10)
FNDA:0,(anonymous_11)
FNDA:0,(anonymous_12)
FNDA:0,(anonymous_13)
FNDA:0,(anonymous_14)
FNDA:0,(anonymous_15)
FNDA:0,(anonymous_16)
FNDA:0,(anonymous_17)
FNDA:0,(anonymous_18)
FNDA:0,(anonymous_19)
FNDA:0,(anonymous_20)
FNDA:0,(anonymous_21)
FNDA:0,(anonymous_22)
FNDA:0,(anonymous_23)
FNDA:0,(anonymous_24)
FNDA:0,(anonymous_25)
FNDA:0,(anonymous_26)
FNDA:0,(anonymous_27)
FNDA:0,(anonymous_28)
FNDA:0,(anonymous_29)
FNDA:0,(anonymous_30)
FNDA:0,(anonymous_31)
FNDA:0,(anonymous_32)
FNDA:0,(anonymous_33)
FNDA:0,(anonymous_34)
FNDA:0,(anonymous_35)
FNDA:0,(anonymous_36)
FNDA:0,(anonymous_37)
FNDA:0,(anonymous_38)
FNDA:0,(anonymous_39)
FNDA:0,(anonymous_40)
FNDA:0,(anonymous_41)
FNDA:0,(anonymous_42)
FNDA:0,(anonymous_43)
FNDA:0,(anonymous_44)
FNDA:0,(anonymous_45)
FNDA:0,(anonymous_46)
FNDA:0,(anonymous_47)
FNDA:0,(anonymous_48)
FNDA:0,(anonymous_49)
FNDA:0,(anonymous_50)
FNDA:0,(anonymous_51)
FNDA:0,(anonymous_52)
FNDA:0,(anonymous_53)
FNDA:0,(anonymous_54)
FNDA:0,(anonymous_55)
FNDA:0,(anonymous_56)
FNDA:0,(anonymous_57)
FNDA:0,(anonymous_58)
FNDA:0,(anonymous_59)
FNDA:0,(anonymous_60)
FNDA:0,(anonymous_61)
FNDA:0,(anonymous_62)
FNDA:0,(anonymous_63)
FNDA:0,(anonymous_64)
FNDA:0,(anonymous_65)
FNDA:0,(anonymous_66)
FNDA:0,(anonymous_67)
FNDA:0,(anonymous_68)
FNDA:0,(anonymous_69)
FNDA:0,(anonymous_70)
FNDA:0,(anonymous_71)
FNDA:0,(anonymous_72)
FNDA:0,(anonymous_73)
FNDA:0,(anonymous_74)
FNDA:0,(anonymous_75)
FNDA:0,(anonymous_76)
FNDA:0,(anonymous_77)
FNDA:0,(anonymous_78)
FNDA:0,(anonymous_79)
FNDA:0,(anonymous_80)
FNDA:0,(anonymous_81)
FNDA:0,(anonymous_82)
FNDA:0,(anonymous_83)
FNDA:0,(anonymous_84)
FNDA:0,(anonymous_85)
FNDA:0,(anonymous_86)
FNDA:0,(anonymous_87)
FNDA:0,(anonymous_88)
FNDA:0,(anonymous_89)
FNDA:0,(anonymous_90)
FNDA:0,(anonymous_91)
FNDA:0,(anonymous_92)
FNDA:0,(anonymous_93)
FNDA:0,(anonymous_94)
FNDA:0,(anonymous_95)
FNDA:0,(anonymous_96)
FNDA:0,(anonymous_97)
FNDA:0,(anonymous_98)
FNDA:0,(anonymous_99)
FNDA:0,(anonymous_100)
FNDA:0,(anonymous_101)
FNDA:0,(anonymous_102)
FNDA:0,(anonymous_103)
FNDA:0,(anonymous_104)
FNDA:0,(anonymous_105)
FNDA:0,(anonymous_106)
FNDA:0,(anonymous_107)
FNDA:0,(anonymous_108)
FNDA:0,(anonymous_109)
FNDA:0,(anonymous_110)
FNDA:0,(anonymous_111)
FNDA:0,(anonymous_112)
FNDA:0,(anonymous_113)
FNDA:0,(anonymous_114)
FNDA:0,(anonymous_115)
FNDA:0,(anonymous_116)
DA:29,0
DA:97,0
DA:101,0
DA:103,0
DA:104,0
DA:106,0
DA:107,0
DA:115,0
DA:116,0
DA:129,0
DA:130,0
DA:131,0
DA:132,0
DA:150,0
DA:158,0
DA:159,0
DA:167,0
DA:175,0
DA:176,0
DA:180,0
DA:200,0
DA:201,0
DA:210,0
DA:211,0
DA:212,0
DA:213,0
DA:214,0
DA:215,0
DA:219,0
DA:223,0
DA:226,0
DA:227,0
DA:228,0
DA:229,0
DA:233,0
DA:234,0
DA:235,0
DA:236,0
DA:238,0
DA:240,0
DA:241,0
DA:244,0
DA:245,0
DA:247,0
DA:248,0
DA:249,0
DA:250,0
DA:251,0
DA:253,0
DA:257,0
DA:260,0
DA:261,0
DA:264,0
DA:265,0
DA:269,0
DA:272,0
DA:273,0
DA:277,0
DA:278,0
DA:279,0
DA:283,0
DA:284,0
DA:293,0
DA:294,0
DA:295,0
DA:296,0
DA:297,0
DA:298,0
DA:299,0
DA:300,0
DA:301,0
DA:304,0
DA:305,0
DA:312,0
DA:315,0
DA:316,0
DA:317,0
DA:318,0
DA:319,0
DA:321,0
DA:325,0
DA:326,0
DA:332,0
DA:346,0
DA:348,0
DA:350,0
DA:351,0
DA:352,0
DA:356,0
DA:357,0
DA:359,0
DA:361,0
DA:362,0
DA:363,0
DA:365,0
DA:366,0
DA:367,0
DA:371,0
DA:372,0
DA:377,0
DA:386,0
DA:392,0
DA:393,0
DA:396,0
DA:400,0
DA:402,0
DA:403,0
DA:404,0
DA:405,0
DA:425,0
DA:429,0
DA:430,0
DA:432,0
DA:440,0
DA:441,0
DA:442,0
DA:443,0
DA:444,0
DA:445,0
DA:456,0
DA:460,0
DA:461,0
DA:462,0
DA:463,0
DA:474,0
DA:479,0
DA:480,0
DA:481,0
DA:482,0
DA:483,0
DA:484,0
DA:485,0
DA:486,0
DA:487,0
DA:488,0
DA:489,0
DA:491,0
DA:493,0
DA:501,0
DA:503,0
DA:504,0
DA:505,0
DA:507,0
DA:511,0
DA:513,0
DA:514,0
DA:531,0
DA:532,0
DA:533,0
DA:541,0
DA:543,0
DA:550,0
DA:551,0
DA:552,0
DA:553,0
DA:554,0
DA:556,0
DA:557,0
DA:559,0
DA:560,0
DA:561,0
DA:564,0
DA:573,0
DA:574,0
DA:576,0
DA:577,0
DA:579,0
DA:580,0
DA:581,0
DA:582,0
DA:583,0
DA:587,0
DA:589,0
DA:596,0
DA:613,0
DA:617,0
DA:618,0
DA:620,0
DA:621,0
DA:624,0
DA:626,0
DA:637,0
DA:640,0
DA:641,0
DA:642,0
DA:643,0
DA:644,0
DA:646,0
DA:650,0
DA:651,0
DA:652,0
DA:657,0
DA:658,0
DA:659,0
DA:660,0
DA:662,0
DA:665,0
DA:667,0
DA:671,0
DA:672,0
DA:673,0
DA:674,0
DA:675,0
DA:676,0
DA:677,0
DA:683,0
DA:684,0
DA:685,0
DA:686,0
DA:688,0
DA:692,0
DA:694,0
DA:699,0
DA:700,0
DA:701,0
DA:702,0
DA:703,0
DA:704,0
DA:705,0
DA:707,0
DA:709,0
DA:711,0
DA:720,0
DA:721,0
DA:722,0
DA:724,0
DA:727,0
DA:729,0
DA:733,0
DA:735,0
DA:736,0
DA:737,0
DA:738,0
DA:743,0
DA:746,0
DA:747,0
DA:749,0
DA:754,0
DA:755,0
DA:759,0
DA:762,0
DA:764,0
DA:765,0
DA:766,0
DA:768,0
DA:769,0
DA:771,0
DA:773,0
DA:777,0
DA:779,0
DA:781,0
DA:785,0
DA:786,0
DA:787,0
DA:790,0
DA:793,0
DA:795,0
DA:797,0
DA:798,0
DA:800,0
DA:805,0
DA:806,0
DA:807,0
DA:812,0
DA:814,0
DA:815,0
DA:816,0
DA:820,0
DA:821,0
DA:823,0
DA:825,0
DA:827,0
DA:828,0
DA:832,0
DA:833,0
DA:836,0
DA:837,0
DA:840,0
DA:847,0
DA:848,0
DA:849,0
DA:850,0
DA:852,0
DA:853,0
DA:854,0
DA:855,0
DA:856,0
DA:857,0
DA:862,0
DA:865,0
DA:866,0
DA:867,0
DA:868,0
DA:870,0
DA:883,0
DA:886,0
DA:891,0
DA:934,0
DA:938,0
DA:941,0
DA:943,0
DA:945,0
DA:947,0
DA:949,0
DA:954,0
DA:959,0
DA:961,0
DA:968,0
DA:974,0
DA:991,0
DA:1010,0
DA:1029,0
DA:1042,0
DA:1047,0
DA:1050,0
DA:1051,0
DA:1056,0
DA:1087,0
DA:1104,0
DA:1130,0
DA:1132,0
DA:1134,0
DA:1140,0
DA:1171,0
DA:1188,0
DA:1224,0
DA:1226,0
DA:1227,0
DA:1229,0
DA:1233,0
DA:1252,0
DA:1271,0
DA:1273,0
DA:1275,0
DA:1276,0
DA:1286,0
DA:1288,0
DA:1289,0
DA:1297,0
DA:1301,0
DA:1303,0
DA:1306,0
DA:1309,0
DA:1312,0
DA:1316,0
DA:1321,0
DA:1324,0
DA:1325,0
DA:1330,0
DA:1332,0
DA:1408,0
DA:1466,0
DA:1468,0
DA:1470,0
DA:1473,0
DA:1476,0
DA:1482,0
DA:1490,0
DA:1571,0
DA:1573,0
DA:1577,0
DA:1579,0
DA:1581,0
DA:1583,0
DA:1603,0
DA:1608,0
DA:1611,0
DA:1613,0
DA:1631,0
DA:1633,0
DA:1666,0
DA:1669,0
DA:1670,0
DA:1672,0
DA:1696,0
DA:1711,0
DA:1724,0
DA:1734,0
DA:1738,0
DA:1740,0
DA:1770,0
DA:1777,0
DA:1802,0
DA:1870,0
DA:1876,0
DA:1972,0
LF:386
LH:0
BRDA:106,0,0,0
BRDA:106,0,1,0
BRDA:155,1,0,0
BRDA:158,2,0,0
BRDA:158,2,1,0
BRDA:158,3,0,0
BRDA:158,3,1,0
BRDA:161,4,0,0
BRDA:161,4,1,0
BRDA:171,5,0,0
BRDA:171,5,1,0
BRDA:179,6,0,0
BRDA:179,6,1,0
BRDA:186,7,0,0
BRDA:186,7,1,0
BRDA:247,8,0,0
BRDA:247,8,1,0
BRDA:249,9,0,0
BRDA:249,9,1,0
BRDA:317,10,0,0
BRDA:317,10,1,0
BRDA:350,11,0,0
BRDA:350,11,1,0
BRDA:350,12,0,0
BRDA:350,12,1,0
BRDA:352,13,0,0
BRDA:352,13,1,0
BRDA:361,14,0,0
BRDA:361,14,1,0
BRDA:372,15,0,0
BRDA:372,15,1,0
BRDA:373,16,0,0
BRDA:373,16,1,0
BRDA:373,16,2,0
BRDA:373,16,3,0
BRDA:377,17,0,0
BRDA:377,17,1,0
BRDA:392,18,0,0
BRDA:392,18,1,0
BRDA:396,19,0,0
BRDA:396,19,1,0
BRDA:404,20,0,0
BRDA:404,20,1,0
BRDA:411,21,0,0
BRDA:411,21,1,0
BRDA:414,22,0,0
BRDA:414,22,1,0
BRDA:417,23,0,0
BRDA:417,23,1,0
BRDA:429,24,0,0
BRDA:429,24,1,0
BRDA:440,25,0,0
BRDA:440,25,1,0
BRDA:444,26,0,0
BRDA:444,26,1,0
BRDA:462,27,0,0
BRDA:462,27,1,0
BRDA:481,28,0,0
BRDA:481,28,1,0
BRDA:483,29,0,0
BRDA:483,29,1,0
BRDA:505,30,0,0
BRDA:505,30,1,0
BRDA:507,31,0,0
BRDA:507,31,1,0
BRDA:518,32,0,0
BRDA:518,32,1,0
BRDA:521,33,0,0
BRDA:521,33,1,0
BRDA:524,34,0,0
BRDA:524,34,1,0
BRDA:531,35,0,0
BRDA:531,35,1,0
BRDA:551,36,0,0
BRDA:551,36,1,0
BRDA:552,37,0,0
BRDA:552,37,1,0
BRDA:559,38,0,0
BRDA:559,38,1,0
BRDA:565,39,0,0
BRDA:565,39,1,0
BRDA:566,40,0,0
BRDA:566,40,1,0
BRDA:569,41,0,0
BRDA:569,41,1,0
BRDA:574,42,0,0
BRDA:574,42,1,0
BRDA:579,43,0,0
BRDA:579,43,1,0
BRDA:579,44,0,0
BRDA:579,44,1,0
BRDA:581,45,0,0
BRDA:581,45,1,0
BRDA:589,46,0,0
BRDA:589,46,1,0
BRDA:589,46,2,0
BRDA:591,47,0,0
BRDA:591,47,1,0
BRDA:597,48,0,0
BRDA:597,48,1,0
BRDA:599,49,0,0
BRDA:599,49,1,0
BRDA:599,49,2,0
BRDA:605,50,0,0
BRDA:605,50,1,0
BRDA:605,50,2,0
BRDA:609,51,0,0
BRDA:609,51,1,0
BRDA:650,52,0,0
BRDA:650,52,1,0
BRDA:657,53,0,0
BRDA:657,53,1,0
BRDA:659,54,0,0
BRDA:659,54,1,0
BRDA:662,55,0,0
BRDA:662,55,1,0
BRDA:667,56,0,0
BRDA:667,56,1,0
BRDA:671,57,0,0
BRDA:671,57,1,0
BRDA:671,58,0,0
BRDA:671,58,1,0
BRDA:671,58,2,0
BRDA:683,59,0,0
BRDA:683,59,1,0
BRDA:685,60,0,0
BRDA:685,60,1,0
BRDA:685,61,0,0
BRDA:685,61,1,0
BRDA:688,62,0,0
BRDA:688,62,1,0
BRDA:694,63,0,0
BRDA:694,63,1,0
BRDA:699,64,0,0
BRDA:699,64,1,0
BRDA:699,65,0,0
BRDA:699,65,1,0
BRDA:699,65,2,0
BRDA:700,66,0,0
BRDA:700,66,1,0
BRDA:706,67,0,0
BRDA:706,67,1,0
BRDA:708,68,0,0
BRDA:708,68,1,0
BRDA:710,69,0,0
BRDA:710,69,1,0
BRDA:712,70,0,0
BRDA:712,70,1,0
BRDA:720,71,0,0
BRDA:720,71,1,0
BRDA:724,72,0,0
BRDA:724,72,1,0
BRDA:729,73,0,0
BRDA:729,73,1,0
BRDA:733,74,0,0
BRDA:733,74,1,0
BRDA:733,75,0,0
BRDA:733,75,1,0
BRDA:749,76,0,0
BRDA:749,76,1,0
BRDA:749,76,2,0
BRDA:754,77,0,0
BRDA:754,77,1,0
BRDA:791,78,0,0
BRDA:791,78,1,0
BRDA:815,79,0,0
BRDA:815,79,1,0
BRDA:827,80,0,0
BRDA:827,80,1,0
BRDA:854,81,0,0
BRDA:854,81,1,0
BRDA:855,82,0,0
BRDA:855,82,1,0
BRDA:856,83,0,0
BRDA:856,83,1,0
BRDA:857,84,0,0
BRDA:857,84,1,0
BRDA:875,85,0,0
BRDA:875,85,1,0
BRDA:877,86,0,0
BRDA:877,86,1,0
BRDA:886,87,0,0
BRDA:886,87,1,0
BRDA:934,88,0,0
BRDA:934,88,1,0
BRDA:941,89,0,0
BRDA:941,89,1,0
BRDA:941,89,2,0
BRDA:941,89,3,0
BRDA:961,90,0,0
BRDA:961,90,1,0
BRDA:963,91,0,0
BRDA:963,91,1,0
BRDA:968,92,0,0
BRDA:968,92,1,0
BRDA:970,93,0,0
BRDA:970,93,1,0
BRDA:1024,94,0,0
BRDA:1024,94,1,0
BRDA:1050,95,0,0
BRDA:1050,95,1,0
BRDA:1050,96,0,0
BRDA:1050,96,1,0
BRDA:1079,97,0,0
BRDA:1079,97,1,0
BRDA:1085,98,0,0
BRDA:1085,98,1,0
BRDA:1092,99,0,0
BRDA:1092,99,1,0
BRDA:1102,100,0,0
BRDA:1102,100,1,0
BRDA:1109,101,0,0
BRDA:1109,101,1,0
BRDA:1163,102,0,0
BRDA:1163,102,1,0
BRDA:1169,103,0,0
BRDA:1169,103,1,0
BRDA:1176,104,0,0
BRDA:1176,104,1,0
BRDA:1186,105,0,0
BRDA:1186,105,1,0
BRDA:1193,106,0,0
BRDA:1193,106,1,0
BRDA:1226,107,0,0
BRDA:1226,107,1,0
BRDA:1227,108,0,0
BRDA:1227,108,1,0
BRDA:1229,109,0,0
BRDA:1229,109,1,0
BRDA:1229,110,0,0
BRDA:1229,110,1,0
BRDA:1256,111,0,0
BRDA:1256,111,1,0
BRDA:1273,112,0,0
BRDA:1273,112,1,0
BRDA:1275,113,0,0
BRDA:1275,113,1,0
BRDA:1276,114,0,0
BRDA:1276,114,1,0
BRDA:1276,115,0,0
BRDA:1276,115,1,0
BRDA:1286,116,0,0
BRDA:1286,116,1,0
BRDA:1289,117,0,0
BRDA:1289,117,1,0
BRDA:1291,118,0,0
BRDA:1291,118,1,0
BRDA:1293,119,0,0
BRDA:1293,119,1,0
BRDA:1301,120,0,0
BRDA:1301,120,1,0
BRDA:1301,121,0,0
BRDA:1301,121,1,0
BRDA:1303,122,0,0
BRDA:1303,122,1,0
BRDA:1309,123,0,0
BRDA:1309,123,1,0
BRDA:1316,124,0,0
BRDA:1316,124,1,0
BRDA:1317,125,0,0
BRDA:1317,125,1,0
BRDA:1336,126,0,0
BRDA:1336,126,1,0
BRDA:1337,127,0,0
BRDA:1337,127,1,0
BRDA:1337,127,2,0
BRDA:1340,128,0,0
BRDA:1340,128,1,0
BRDA:1340,128,2,0
BRDA:1343,129,0,0
BRDA:1343,129,1,0
BRDA:1343,129,2,0
BRDA:1346,130,0,0
BRDA:1346,130,1,0
BRDA:1346,130,2,0
BRDA:1350,131,0,0
BRDA:1350,131,1,0
BRDA:1352,132,0,0
BRDA:1352,132,1,0
BRDA:1363,133,0,0
BRDA:1363,133,1,0
BRDA:1384,134,0,0
BRDA:1384,134,1,0
BRDA:1403,135,0,0
BRDA:1403,135,1,0
BRDA:1470,136,0,0
BRDA:1470,136,1,0
BRDA:1470,136,2,0
BRDA:1473,137,0,0
BRDA:1473,137,1,0
BRDA:1473,138,0,0
BRDA:1473,138,1,0
BRDA:1476,139,0,0
BRDA:1476,139,1,0
BRDA:1483,140,0,0
BRDA:1483,140,1,0
BRDA:1498,141,0,0
BRDA:1498,141,1,0
BRDA:1501,142,0,0
BRDA:1501,142,1,0
BRDA:1502,143,0,0
BRDA:1502,143,1,0
BRDA:1571,144,0,0
BRDA:1571,144,1,0
BRDA:1571,144,2,0
BRDA:1573,145,0,0
BRDA:1573,145,1,0
BRDA:1573,146,0,0
BRDA:1573,146,1,0
BRDA:1577,147,0,0
BRDA:1577,147,1,0
BRDA:1579,148,0,0
BRDA:1579,148,1,0
BRDA:1579,148,2,0
BRDA:1588,149,0,0
BRDA:1588,149,1,0
BRDA:1589,150,0,0
BRDA:1589,150,1,0
BRDA:1589,150,2,0
BRDA:1596,151,0,0
BRDA:1596,151,1,0
BRDA:1596,151,2,0
BRDA:1614,152,0,0
BRDA:1614,152,1,0
BRDA:1623,153,0,0
BRDA:1623,153,1,0
BRDA:1623,154,0,0
BRDA:1623,154,1,0
BRDA:1633,155,0,0
BRDA:1633,155,1,0
BRDA:1659,156,0,0
BRDA:1659,156,1,0
BRDA:1659,156,2,0
BRDA:1669,157,0,0
BRDA:1669,157,1,0
BRDA:1672,158,0,0
BRDA:1672,158,1,0
BRDA:1691,159,0,0
BRDA:1691,159,1,0
BRDA:1691,159,2,0
BRDA:1714,160,0,0
BRDA:1714,160,1,0
BRDA:1714,160,2,0
BRDA:1714,160,3,0
BRDA:1722,161,0,0
BRDA:1722,161,1,0
BRDA:1734,162,0,0
BRDA:1734,162,1,0
BRDA:1751,163,0,0
BRDA:1751,163,1,0
BRDA:1754,164,0,0
BRDA:1754,164,1,0
BRDA:1759,165,0,0
BRDA:1759,165,1,0
BRDA:1759,165,2,0
BRDA:1774,166,0,0
BRDA:1774,166,1,0
BRDA:1781,167,0,0
BRDA:1781,167,1,0
BRDA:1784,168,0,0
BRDA:1784,168,1,0
BRDA:1786,169,0,0
BRDA:1786,169,1,0
BRDA:1787,170,0,0
BRDA:1787,170,1,0
BRDA:1790,171,0,0
BRDA:1790,171,1,0
BRDA:1813,172,0,0
BRDA:1813,172,1,0
BRDA:1840,173,0,0
BRDA:1840,173,1,0
BRDA:1841,174,0,0
BRDA:1841,174,1,0
BRDA:1846,175,0,0
BRDA:1846,175,1,0
BRDA:1884,176,0,0
BRDA:1884,176,1,0
BRDA:1911,177,0,0
BRDA:1911,177,1,0
BRDA:1913,178,0,0
BRDA:1913,178,1,0
BRDA:1915,179,0,0
BRDA:1915,179,1,0
BRDA:1920,180,0,0
BRDA:1920,180,1,0
BRDA:1922,181,0,0
BRDA:1922,181,1,0
BRDA:1932,182,0,0
BRDA:1932,182,1,0
BRDA:1932,182,2,0
BRDA:1956,183,0,0
BRDA:1956,183,1,0
BRDA:2560,184,0,0
BRDA:2560,184,1,0
BRDA:3086,185,0,0
BRDA:3086,185,1,0
BRDA:3099,186,0,0
BRDA:3099,186,1,0
BRF:398
BRH:0
end_of_record
TN:
SF:src/components/CustomDrawerContent.tsx
FN:10,(anonymous_0)
FN:13,(anonymous_1)
FN:25,(anonymous_2)
FNF:3
FNH:0
FNDA:0,(anonymous_0)
FNDA:0,(anonymous_1)
FNDA:0,(anonymous_2)
DA:10,0
DA:11,0
DA:13,0
DA:14,0
DA:26,0
DA:34,0
DA:51,0
LF:7
LH:0
BRF:0
BRH:0
end_of_record
TN:
SF:src/components/CylinderEntryScreen.tsx
FN:102,(anonymous_0)
FN:117,(anonymous_1)
FN:131,(anonymous_2)
FN:192,(anonymous_3)
FN:211,(anonymous_4)
FN:224,(anonymous_5)
FN:225,(anonymous_6)
FN:228,(anonymous_7)
FN:232,(anonymous_8)
FN:271,(anonymous_9)
FN:276,(anonymous_10)
FN:280,(anonymous_11)
FN:300,(anonymous_12)
FN:305,(anonymous_13)
FN:314,(anonymous_14)
FN:318,(anonymous_15)
FN:343,(anonymous_16)
FN:358,(anonymous_17)
FN:386,(anonymous_18)
FN:389,(anonymous_19)
FN:404,(anonymous_20)
FN:423,(anonymous_21)
FN:429,(anonymous_22)
FN:461,(anonymous_23)
FN:471,(anonymous_24)
FN:475,(anonymous_25)
FN:510,(anonymous_26)
FN:523,(anonymous_27)
FN:539,(anonymous_28)
FN:552,(anonymous_29)
FN:568,(anonymous_30)
FN:585,(anonymous_31)
FN:611,(anonymous_32)
FN:628,(anonymous_33)
FN:640,(anonymous_34)
FN:660,(anonymous_35)
FN:677,(anonymous_36)
FN:682,(anonymous_37)
FN:692,(anonymous_38)
FN:749,(anonymous_39)
FN:771,(anonymous_40)
FN:788,(anonymous_41)
FN:811,(anonymous_42)
FN:831,(anonymous_43)
FN:848,(anonymous_44)
FN:866,(anonymous_45)
FN:893,(anonymous_46)
FN:898,(anonymous_47)
FN:908,(anonymous_48)
FN:939,(anonymous_49)
FN:1003,(anonymous_50)
FN:1009,(anonymous_51)
FN:1027,(anonymous_52)
FN:1038,(anonymous_53)
FN:1039,(anonymous_54)
FN:1074,(anonymous_55)
FN:1084,(anonymous_56)
FN:1099,(anonymous_57)
FN:1116,(anonymous_58)
FN:1174,(anonymous_59)
FN:1191,(anonymous_60)
FN:1193,(anonymous_61)
FN:1201,(anonymous_62)
FN:1219,(anonymous_63)
FN:1224,(anonymous_64)
FN:1225,(anonymous_65)
FN:1235,(anonymous_66)
FN:1236,(anonymous_67)
FN:1267,(anonymous_68)
FN:1268,(anonymous_69)
FN:1292,(anonymous_70)
FN:1296,(anonymous_71)
FNF:72
FNH:0
FNDA:0,(anonymous_0)
FNDA:0,(anonymous_1)
FNDA:0,(anonymous_2)
FNDA:0,(anonymous_3)
FNDA:0,(anonymous_4)
FNDA:0,(anonymous_5)
FNDA:0,(anonymous_6)
FNDA:0,(anonymous_7)
FNDA:0,(anonymous_8)
FNDA:0,(anonymous_9)
FNDA:0,(anonymous_10)
FNDA:0,(anonymous_11)
FNDA:0,(anonymous_12)
FNDA:0,(anonymous_13)
FNDA:0,(anonymous_14)
FNDA:0,(anonymous_15)
FNDA:0,(anonymous_16)
FNDA:0,(anonymous_17)
FNDA:0,(anonymous_18)
FNDA:0,(anonymous_19)
FNDA:0,(anonymous_20)
FNDA:0,(anonymous_21)
FNDA:0,(anonymous_22)
FNDA:0,(anonymous_23)
FNDA:0,(anonymous_24)
FNDA:0,(anonymous_25)
FNDA:0,(anonymous_26)
FNDA:0,(anonymous_27)
FNDA:0,(anonymous_28)
FNDA:0,(anonymous_29)
FNDA:0,(anonymous_30)
FNDA:0,(anonymous_31)
FNDA:0,(anonymous_32)
FNDA:0,(anonymous_33)
FNDA:0,(anonymous_34)
FNDA:0,(anonymous_35)
FNDA:0,(anonymous_36)
FNDA:0,(anonymous_37)
FNDA:0,(anonymous_38)
FNDA:0,(anonymous_39)
FNDA:0,(anonymous_40)
FNDA:0,(anonymous_41)
FNDA:0,(anonymous_42)
FNDA:0,(anonymous_43)
FNDA:0,(anonymous_44)
FNDA:0,(anonymous_45)
FNDA:0,(anonymous_46)
FNDA:0,(anonymous_47)
FNDA:0,(anonymous_48)
FNDA:0,(anonymous_49)
FNDA:0,(anonymous_50)
FNDA:0,(anonymous_51)
FNDA:0,(anonymous_52)
FNDA:0,(anonymous_53)
FNDA:0,(anonymous_54)
FNDA:0,(anonymous_55)
FNDA:0,(anonymous_56)
FNDA:0,(anonymous_57)
FNDA:0,(anonymous_58)
FNDA:0,(anonymous_59)
FNDA:0,(anonymous_60)
FNDA:0,(anonymous_61)
FNDA:0,(anonymous_62)
FNDA:0,(anonymous_63)
FNDA:0,(anonymous_64)
FNDA:0,(anonymous_65)
FNDA:0,(anonymous_66)
FNDA:0,(anonymous_67)
FNDA:0,(anonymous_68)
FNDA:0,(anonymous_69)
FNDA:0,(anonymous_70)
FNDA:0,(anonymous_71)
DA:33,0
DA:102,0
DA:106,0
DA:118,0
DA:131,0
DA:139,0
DA:192,0
DA:193,0
DA:194,0
DA:195,0
DA:196,0
DA:197,0
DA:198,0
DA:199,0
DA:200,0
DA:201,0
DA:202,0
DA:205,0
DA:206,0
DA:207,0
DA:208,0
DA:211,0
DA:212,0
DA:214,0
DA:217,0
DA:218,0
DA:222,0
DA:224,0
DA:225,0
DA:226,0
DA:228,0
DA:229,0
DA:232,0
DA:233,0
DA:234,0
DA:239,0
DA:240,0
DA:241,0
DA:242,0
DA:243,0
DA:246,0
DA:249,0
DA:250,0
DA:253,0
DA:254,0
DA:255,0
DA:256,0
DA:257,0
DA:259,0
DA:261,0
DA:264,0
DA:271,0
DA:276,0
DA:277,0
DA:278,0
DA:280,0
DA:281,0
DA:283,0
DA:300,0
DA:305,0
DA:314,0
DA:316,0
DA:318,0
DA:319,0
DA:320,0
DA:324,0
DA:328,0
DA:329,0
DA:333,0
DA:337,0
DA:338,0
DA:340,0
DA:343,0
DA:344,0
DA:347,0
DA:351,0
DA:352,0
DA:355,0
DA:358,0
DA:359,0
DA:361,0
DA:363,0
DA:367,0
DA:371,0
DA:386,0
DA:387,0
DA:389,0
DA:404,0
DA:407,0
DA:409,0
DA:411,0
DA:412,0
DA:413,0
DA:415,0
DA:416,0
DA:419,0
DA:420,0
DA:423,0
DA:424,0
DA:425,0
DA:429,0
DA:430,0
DA:432,0
DA:434,0
DA:435,0
DA:439,0
DA:440,0
DA:441,0
DA:444,0
DA:445,0
DA:446,0
DA:449,0
DA:450,0
DA:451,0
DA:454,0
DA:457,0
DA:458,0
DA:460,0
DA:461,0
DA:463,0
DA:466,0
DA:470,0
DA:471,0
DA:475,0
DA:476,0
DA:477,0
DA:479,0
DA:480,0
DA:481,0
DA:485,0
DA:488,0
DA:490,0
DA:491,0
DA:495,0
DA:498,0
DA:502,0
DA:506,0
DA:510,0
DA:511,0
DA:512,0
DA:514,0
DA:515,0
DA:519,0
DA:523,0
DA:524,0
DA:525,0
DA:527,0
DA:531,0
DA:532,0
DA:533,0
DA:535,0
DA:539,0
DA:540,0
DA:542,0
DA:544,0
DA:546,0
DA:548,0
DA:552,0
DA:553,0
DA:568,0
DA:585,0
DA:611,0
DA:612,0
DA:613,0
DA:628,0
DA:641,0
DA:642,0
DA:643,0
DA:660,0
DA:677,0
DA:682,0
DA:693,0
DA:694,0
DA:695,0
DA:696,0
DA:697,0
DA:698,0
DA:699,0
DA:700,0
DA:734,0
DA:749,0
DA:771,0
DA:788,0
DA:812,0
DA:813,0
DA:814,0
DA:831,0
DA:848,0
DA:866,0
DA:893,0
DA:898,0
DA:909,0
DA:910,0
DA:911,0
DA:912,0
DA:913,0
DA:914,0
DA:915,0
DA:916,0
DA:939,0
DA:940,0
DA:941,0
DA:997,0
DA:1004,0
DA:1010,0
DA:1011,0
DA:1028,0
DA:1033,0
DA:1034,0
DA:1035,0
DA:1038,0
DA:1039,0
DA:1075,0
DA:1085,0
DA:1086,0
DA:1088,0
DA:1100,0
DA:1101,0
DA:1117,0
DA:1118,0
DA:1119,0
DA:1120,0
DA:1121,0
DA:1122,0
DA:1123,0
DA:1124,0
DA:1174,0
DA:1175,0
DA:1177,0
DA:1179,0
DA:1181,0
DA:1183,0
DA:1191,0
DA:1192,0
DA:1193,0
DA:1194,0
DA:1195,0
DA:1196,0
DA:1201,0
DA:1202,0
DA:1203,0
DA:1204,0
DA:1219,0
DA:1220,0
DA:1222,0
DA:1224,0
DA:1225,0
DA:1226,0
DA:1229,0
DA:1232,0
DA:1233,0
DA:1234,0
DA:1235,0
DA:1236,0
DA:1238,0
DA:1239,0
DA:1248,0
DA:1250,0
DA:1251,0
DA:1257,0
DA:1266,0
DA:1267,0
DA:1268,0
DA:1270,0
DA:1271,0
DA:1280,0
DA:1281,0
DA:1286,0
DA:1292,0
DA:1293,0
DA:1296,0
DA:1297,0
DA:1308,0
DA:1352,0
LF:274
LH:0
BRDA:122,0,0,0
BRDA:122,0,1,0
BRDA:141,1,0,0
BRDA:141,1,1,0
BRDA:172,2,0,0
BRDA:172,2,1,0
BRDA:177,3,0,0
BRDA:177,3,1,0
BRDA:183,4,0,0
BRDA:183,4,1,0
BRDA:185,5,0,0
BRDA:185,5,1,0
BRDA:212,6,0,0
BRDA:212,6,1,0
BRDA:217,7,0,0
BRDA:217,7,1,0
BRDA:264,8,0,0
BRDA:264,8,1,0
BRDA:278,9,0,0
BRDA:278,9,1,0
BRDA:278,10,0,0
BRDA:278,10,1,0
BRDA:281,11,0,0
BRDA:281,11,1,0
BRDA:285,12,0,0
BRDA:285,12,1,0
BRDA:285,13,0,0
BRDA:285,13,1,0
BRDA:286,14,0,0
BRDA:286,14,1,0
BRDA:286,15,0,0
BRDA:286,15,1,0
BRDA:287,16,0,0
BRDA:287,16,1,0
BRDA:287,17,0,0
BRDA:287,17,1,0
BRDA:314,18,0,0
BRDA:319,19,0,0
BRDA:319,19,1,0
BRDA:324,20,0,0
BRDA:324,20,1,0
BRDA:328,21,0,0
BRDA:328,21,1,0
BRDA:337,22,0,0
BRDA:337,22,1,0
BRDA:344,23,0,0
BRDA:344,23,1,0
BRDA:347,24,0,0
BRDA:347,24,1,0
BRDA:351,25,0,0
BRDA:351,25,1,0
BRDA:359,26,0,0
BRDA:359,26,1,0
BRDA:363,27,0,0
BRDA:363,27,1,0
BRDA:367,28,0,0
BRDA:367,28,1,0
BRDA:387,29,0,0
BRDA:387,29,1,0
BRDA:393,30,0,0
BRDA:393,30,1,0
BRDA:394,31,0,0
BRDA:394,31,1,0
BRDA:395,32,0,0
BRDA:395,32,1,0
BRDA:397,33,0,0
BRDA:397,33,1,0
BRDA:398,34,0,0
BRDA:398,34,1,0
BRDA:399,35,0,0
BRDA:399,35,1,0
BRDA:411,36,0,0
BRDA:411,36,1,0
BRDA:412,37,0,0
BRDA:412,37,1,0
BRDA:424,38,0,0
BRDA:424,38,1,0
BRDA:430,39,0,0
BRDA:430,39,1,0
BRDA:430,39,2,0
BRDA:430,39,3,0
BRDA:434,40,0,0
BRDA:434,40,1,0
BRDA:436,41,0,0
BRDA:436,41,1,0
BRDA:436,41,2,0
BRDA:440,42,0,0
BRDA:440,42,1,0
BRDA:440,43,0,0
BRDA:440,43,1,0
BRDA:444,44,0,0
BRDA:444,44,1,0
BRDA:445,45,0,0
BRDA:445,45,1,0
BRDA:445,46,0,0
BRDA:445,46,1,0
BRDA:449,47,0,0
BRDA:449,47,1,0
BRDA:449,48,0,0
BRDA:449,48,1,0
BRDA:450,49,0,0
BRDA:450,49,1,0
BRDA:450,50,0,0
BRDA:450,50,1,0
BRDA:450,50,2,0
BRDA:457,51,0,0
BRDA:457,51,1,0
BRDA:461,52,0,0
BRDA:461,52,1,0
BRDA:463,53,0,0
BRDA:463,53,1,0
BRDA:476,54,0,0
BRDA:476,54,1,0
BRDA:479,55,0,0
BRDA:479,55,1,0
BRDA:480,56,0,0
BRDA:480,56,1,0
BRDA:490,57,0,0
BRDA:490,57,1,0
BRDA:511,58,0,0
BRDA:511,58,1,0
BRDA:524,59,0,0
BRDA:524,59,1,0
BRDA:540,60,0,0
BRDA:540,60,1,0
BRDA:540,60,2,0
BRDA:540,60,3,0
BRDA:544,61,0,0
BRDA:544,61,1,0
BRDA:546,62,0,0
BRDA:546,62,1,0
BRDA:566,63,0,0
BRDA:566,63,1,0
BRDA:573,64,0,0
BRDA:573,64,1,0
BRDA:583,65,0,0
BRDA:583,65,1,0
BRDA:590,66,0,0
BRDA:590,66,1,0
BRDA:602,67,0,0
BRDA:602,67,1,0
BRDA:612,68,0,0
BRDA:612,68,1,0
BRDA:641,69,0,0
BRDA:641,69,1,0
BRDA:641,70,0,0
BRDA:641,70,1,0
BRDA:713,71,0,0
BRDA:713,71,1,0
BRDA:713,71,2,0
BRDA:718,72,0,0
BRDA:718,72,1,0
BRDA:754,73,0,0
BRDA:754,73,1,0
BRDA:769,74,0,0
BRDA:769,74,1,0
BRDA:776,75,0,0
BRDA:776,75,1,0
BRDA:786,76,0,0
BRDA:786,76,1,0
BRDA:793,77,0,0
BRDA:793,77,1,0
BRDA:802,78,0,0
BRDA:802,78,1,0
BRDA:812,79,0,0
BRDA:812,79,1,0
BRDA:812,80,0,0
BRDA:812,80,1,0
BRDA:846,81,0,0
BRDA:846,81,1,0
BRDA:853,82,0,0
BRDA:853,82,1,0
BRDA:864,83,0,0
BRDA:864,83,1,0
BRDA:871,84,0,0
BRDA:871,84,1,0
BRDA:881,85,0,0
BRDA:881,85,1,0
BRDA:940,86,0,0
BRDA:940,86,1,0
BRDA:968,87,0,0
BRDA:968,87,1,0
BRDA:980,88,0,0
BRDA:980,88,1,0
BRDA:1001,89,0,0
BRDA:1001,89,1,0
BRDA:1023,90,0,0
BRDA:1023,90,1,0
BRDA:1028,91,0,0
BRDA:1028,91,1,0
BRDA:1029,92,0,0
BRDA:1029,92,1,0
BRDA:1029,92,2,0
BRDA:1054,93,0,0
BRDA:1054,93,1,0
BRDA:1069,94,0,0
BRDA:1069,94,1,0
BRDA:1070,95,0,0
BRDA:1070,95,1,0
BRDA:1082,96,0,0
BRDA:1082,96,1,0
BRDA:1085,97,0,0
BRDA:1085,97,1,0
BRDA:1100,98,0,0
BRDA:1100,98,1,0
BRDA:1136,99,0,0
BRDA:1136,99,1,0
BRDA:1144,100,0,0
BRDA:1144,100,1,0
BRDA:1152,101,0,0
BRDA:1152,101,1,0
BRDA:1175,102,0,0
BRDA:1175,102,1,0
BRDA:1175,102,2,0
BRDA:1175,102,3,0
BRDA:1195,103,0,0
BRDA:1195,103,1,0
BRDA:1202,104,0,0
BRDA:1202,104,1,0
BRDA:1203,105,0,0
BRDA:1203,105,1,0
BRDA:1226,106,0,0
BRDA:1226,106,1,0
BRDA:1232,107,0,0
BRDA:1232,107,1,0
BRDA:1235,108,0,0
BRDA:1235,108,1,0
BRDA:1238,109,0,0
BRDA:1238,109,1,0
BRDA:1248,110,0,0
BRDA:1248,110,1,0
BRDA:1250,111,0,0
BRDA:1250,111,1,0
BRDA:1267,112,0,0
BRDA:1267,112,1,0
BRDA:1270,113,0,0
BRDA:1270,113,1,0
BRDA:1280,114,0,0
BRDA:1280,114,1,0
BRDA:1316,115,0,0
BRDA:1316,115,1,0
BRDA:1327,116,0,0
BRDA:1327,116,1,0
BRDA:1340,117,0,0
BRDA:1340,117,1,0
BRF:245
BRH:0
end_of_record
TN:
SF:src/components/CylinderMarkingExample.tsx
FN:10,(anonymous_0)
FNF:1
FNH:0
FNDA:0,(anonymous_0)
DA:4,0
DA:10,0
DA:11,0
DA:32,0
LF:4
LH:0
BRF:0
BRH:0
end_of_record
TN:
SF:src/components/DangerousGoods.tsx
FN:40,(anonymous_0)
FN:64,(anonymous_1)
FN:82,(anonymous_2)
FN:86,(anonymous_3)
FN:88,(anonymous_4)
FN:97,(anonymous_5)
FN:129,(anonymous_6)
FN:143,(anonymous_7)
FN:146,(anonymous_8)
FN:163,(anonymous_9)
FN:171,(anonymous_10)
FN:179,(anonymous_11)
FN:184,(anonymous_12)
FN:199,(anonymous_13)
FN:213,(anonymous_14)
FN:219,(anonymous_15)
FN:245,(anonymous_16)
FN:258,(anonymous_17)
FN:273,(anonymous_18)
FN:302,(anonymous_19)
FN:315,(anonymous_20)
FN:348,(anonymous_21)
FN:360,(anonymous_22)
FN:386,(anonymous_23)
FN:397,(anonymous_24)
FN:415,(anonymous_25)
FN:434,(anonymous_26)
FN:461,(anonymous_27)
FN:469,(anonymous_28)
FN:473,(anonymous_29)
FN:491,(anonymous_30)
FN:500,(anonymous_31)
FN:511,(anonymous_32)
FN:529,(anonymous_33)
FN:555,(anonymous_34)
FN:559,(anonymous_35)
FN:593,(anonymous_36)
FNF:37
FNH:0
FNDA:0,(anonymous_0)
FNDA:0,(anonymous_1)
FNDA:0,(anonymous_2)
FNDA:0,(anonymous_3)
FNDA:0,(anonymous_4)
FNDA:0,(anonymous_5)
FNDA:0,(anonymous_6)
FNDA:0,(anonymous_7)
FNDA:0,(anonymous_8)
FNDA:0,(anonymous_9)
FNDA:0,(anonymous_10)
FNDA:0,(anonymous_11)
FNDA:0,(anonymous_12)
FNDA:0,(anonymous_13)
FNDA:0,(anonymous_14)
FNDA:0,(anonymous_15)
FNDA:0,(anonymous_16)
FNDA:0,(anonymous_17)
FNDA:0,(anonymous_18)
FNDA:0,(anonymous_19)
FNDA:0,(anonymous_20)
FNDA:0,(anonymous_21)
FNDA:0,(anonymous_22)
FNDA:0,(anonymous_23)
FNDA:0,(anonymous_24)
FNDA:0,(anonymous_25)
FNDA:0,(anonymous_26)
FNDA:0,(anonymous_27)
FNDA:0,(anonymous_28)
FNDA:0,(anonymous_29)
FNDA:0,(anonymous_30)
FNDA:0,(anonymous_31)
FNDA:0,(anonymous_32)
FNDA:0,(anonymous_33)
FNDA:0,(anonymous_34)
FNDA:0,(anonymous_35)
FNDA:0,(anonymous_36)
DA:40,0
DA:41,0
DA:42,0
DA:43,0
DA:44,0
DA:45,0
DA:46,0
DA:49,0
DA:51,0
DA:52,0
DA:53,0
DA:55,0
DA:56,0
DA:57,0
DA:59,0
DA:60,0
DA:62,0
DA:64,0
DA:65,0
DA:67,0
DA:68,0
DA:69,0
DA:70,0
DA:71,0
DA:72,0
DA:75,0
DA:76,0
DA:82,0
DA:83,0
DA:86,0
DA:87,0
DA:88,0
DA:90,0
DA:97,0
DA:98,0
DA:100,0
DA:101,0
DA:104,0
DA:105,0
DA:106,0
DA:108,0
DA:109,0
DA:110,0
DA:112,0
DA:113,0
DA:114,0
DA:117,0
DA:124,0
DA:125,0
DA:126,0
DA:129,0
DA:130,0
DA:131,0
DA:132,0
DA:135,0
DA:136,0
DA:138,0
DA:142,0
DA:143,0
DA:144,0
DA:146,0
DA:147,0
DA:149,0
DA:151,0
DA:153,0
DA:155,0
DA:157,0
DA:159,0
DA:163,0
DA:164,0
DA:165,0
DA:166,0
DA:167,0
DA:171,0
DA:172,0
DA:173,0
DA:175,0
DA:179,0
DA:180,0
DA:181,0
DA:184,0
DA:185,0
DA:196,0
DA:199,0
DA:200,0
DA:202,0
DA:204,0
DA:206,0
DA:207,0
DA:213,0
DA:214,0
DA:215,0
DA:219,0
DA:220,0
DA:246,0
DA:258,0
DA:274,0
DA:275,0
DA:303,0
DA:315,0
DA:348,0
DA:349,0
DA:360,0
DA:386,0
DA:387,0
DA:397,0
DA:415,0
DA:435,0
DA:461,0
DA:462,0
DA:469,0
DA:474,0
DA:491,0
DA:500,0
DA:501,0
DA:511,0
DA:530,0
DA:555,0
DA:556,0
DA:560,0
DA:572,0
DA:593,0
DA:638,0
LF:123
LH:0
BRDA:43,0,0,0
BRDA:43,0,1,0
BRDA:67,1,0,0
BRDA:67,1,1,0
BRDA:68,2,0,0
BRDA:68,2,1,0
BRDA:69,3,0,0
BRDA:69,3,1,0
BRDA:70,4,0,0
BRDA:70,4,1,0
BRDA:71,5,0,0
BRDA:71,5,1,0
BRDA:73,6,0,0
BRDA:73,6,1,0
BRDA:75,7,0,0
BRDA:75,7,1,0
BRDA:77,8,0,0
BRDA:77,8,1,0
BRDA:91,9,0,0
BRDA:91,9,1,0
BRDA:93,10,0,0
BRDA:93,10,1,0
BRDA:98,11,0,0
BRDA:98,11,1,0
BRDA:98,12,0,0
BRDA:98,12,1,0
BRDA:101,13,0,0
BRDA:101,13,1,0
BRDA:104,14,0,0
BRDA:104,14,1,0
BRDA:104,15,0,0
BRDA:104,15,1,0
BRDA:108,16,0,0
BRDA:108,16,1,0
BRDA:108,17,0,0
BRDA:108,17,1,0
BRDA:112,18,0,0
BRDA:112,18,1,0
BRDA:112,19,0,0
BRDA:112,19,1,0
BRDA:136,20,0,0
BRDA:136,20,1,0
BRDA:138,21,0,0
BRDA:138,21,1,0
BRDA:138,21,2,0
BRDA:138,21,3,0
BRDA:142,22,0,0
BRDA:142,22,1,0
BRDA:144,23,0,0
BRDA:144,23,1,0
BRDA:147,24,0,0
BRDA:147,24,1,0
BRDA:147,24,2,0
BRDA:147,24,3,0
BRDA:147,24,4,0
BRDA:147,24,5,0
BRDA:164,25,0,0
BRDA:164,25,1,0
BRDA:164,26,0,0
BRDA:164,26,1,0
BRDA:166,27,0,0
BRDA:166,27,1,0
BRDA:172,28,0,0
BRDA:172,28,1,0
BRDA:200,29,0,0
BRDA:200,29,1,0
BRDA:206,30,0,0
BRDA:206,30,1,0
BRDA:224,31,0,0
BRDA:224,31,1,0
BRDA:230,32,0,0
BRDA:230,32,1,0
BRDA:275,33,0,0
BRDA:275,33,1,0
BRDA:328,34,0,0
BRDA:328,34,1,0
BRDA:328,34,2,0
BRDA:333,35,0,0
BRDA:333,35,1,0
BRDA:340,36,0,0
BRDA:340,36,1,0
BRDA:356,37,0,0
BRDA:356,37,1,0
BRDA:364,38,0,0
BRDA:364,38,1,0
BRDA:377,39,0,0
BRDA:377,39,1,0
BRDA:377,39,2,0
BRDA:401,40,0,0
BRDA:401,40,1,0
BRDA:419,41,0,0
BRDA:419,41,1,0
BRDA:430,42,0,0
BRDA:430,42,1,0
BRDA:440,43,0,0
BRDA:440,43,1,0
BRDA:453,44,0,0
BRDA:453,44,1,0
BRDA:469,45,0,0
BRDA:469,45,1,0
BRDA:479,46,0,0
BRDA:479,46,1,0
BRDA:491,47,0,0
BRDA:491,47,1,0
BRDA:491,47,2,0
BRDA:515,48,0,0
BRDA:515,48,1,0
BRDA:535,49,0,0
BRDA:535,49,1,0
BRDA:546,50,0,0
BRDA:546,50,1,0
BRDA:546,50,2,0
BRDA:564,51,0,0
BRDA:564,51,1,0
BRDA:575,52,0,0
BRDA:575,52,1,0
BRDA:582,53,0,0
BRDA:582,53,1,0
BRDA:583,54,0,0
BRDA:583,54,1,0
BRDA:584,55,0,0
BRDA:584,55,1,0
BRDA:585,56,0,0
BRDA:585,56,1,0
BRDA:586,57,0,0
BRDA:586,57,1,0
BRDA:605,58,0,0
BRDA:605,58,1,0
BRDA:609,59,0,0
BRDA:609,59,1,0
BRDA:620,60,0,0
BRDA:620,60,1,0
BRDA:623,61,0,0
BRDA:623,61,1,0
BRDA:625,62,0,0
BRDA:625,62,1,0
BRDA:772,63,0,0
BRDA:772,63,1,0
BRF:138
BRH:0
end_of_record
TN:
SF:src/components/Data.tsx
FN:6,renderDocumentNodesJSXTree
FN:12,renderNode
FN:16,(anonymous_2)
FN:22,(anonymous_3)
FNF:4
FNH:0
FNDA:0,renderDocumentNodesJSXTree
FNDA:0,renderNode
FNDA:0,(anonymous_2)
FNDA:0,(anonymous_3)
DA:10,0
DA:13,0
DA:14,0
DA:16,0
DA:17,0
DA:18,0
DA:19,0
DA:22,0
DA:23,0
DA:26,0
DA:52,0
DA:55,0
DA:151,0
DA:161,0
DA:203,0
DA:265,0
DA:291,0
DA:302,0
LF:18
LH:0
BRDA:13,0,0,0
BRDA:13,0,1,0
BRDA:17,1,0,0
BRDA:17,1,1,0
BRDA:22,2,0,0
BRDA:22,2,1,0
BRDA:31,3,0,0
BRDA:31,3,1,0
BRDA:37,4,0,0
BRDA:37,4,1,0
BRF:10
BRH:0
end_of_record
TN:
SF:src/components/DataSectionWithImage.tsx
FN:11,DataSectionWithImage
FNF:1
FNH:0
FNDA:0,DataSectionWithImage
DA:17,0
DA:46,0
LF:2
LH:0
BRDA:14,0,0,0
BRDA:25,1,0,0
BRDA:25,1,1,0
BRDA:30,2,0,0
BRDA:30,2,1,0
BRF:5
BRH:0
end_of_record
TN:
SF:src/components/DatabaseErrorDisplay.tsx
FN:23,(anonymous_0)
FN:36,(anonymous_1)
FN:47,(anonymous_2)
FN:77,(anonymous_3)
FN:154,(anonymous_4)
FNF:5
FNH:0
FNDA:0,(anonymous_0)
FNDA:0,(anonymous_1)
FNDA:0,(anonymous_2)
FNDA:0,(anonymous_3)
FNDA:0,(anonymous_4)
DA:23,0
DA:31,0
DA:33,0
DA:34,0
DA:36,0
DA:37,0
DA:38,0
DA:43,0
DA:47,0
DA:48,0
DA:50,0
DA:51,0
DA:52,0
DA:58,0
DA:59,0
DA:60,0
DA:62,0
DA:68,0
DA:73,0
DA:77,0
DA:78,0
DA:79,0
DA:80,0
DA:86,0
DA:90,0
DA:92,0
DA:154,0
DA:187,0
LF:28
LH:0
BRDA:25,0,0,0
BRDA:26,1,0,0
BRDA:29,2,0,0
BRDA:37,3,0,0
BRDA:37,3,1,0
BRDA:48,4,0,0
BRDA:48,4,1,0
BRDA:48,5,0,0
BRDA:48,5,1,0
BRDA:58,6,0,0
BRDA:58,6,1,0
BRDA:90,7,0,0
BRDA:90,7,1,0
BRDA:96,8,0,0
BRDA:96,8,1,0
BRDA:105,9,0,0
BRDA:105,9,1,0
BRDA:109,10,0,0
BRDA:109,10,1,0
BRDA:116,11,0,0
BRDA:116,11,1,0
BRDA:122,12,0,0
BRDA:122,12,1,0
BRDA:133,13,0,0
BRDA:133,13,1,0
BRDA:150,14,0,0
BRDA:150,14,1,0
BRDA:150,14,2,0
BRDA:157,15,0,0
BRDA:157,15,1,0
BRDA:161,16,0,0
BRDA:161,16,1,0
BRDA:166,17,0,0
BRDA:166,17,1,0
BRF:34
BRH:0
end_of_record
TN:
SF:src/components/DotSpScreen.tsx
FN:32,(anonymous_0)
FN:45,(anonymous_1)
FN:49,(anonymous_2)
FN:55,(anonymous_3)
FN:80,(anonymous_4)
FN:90,(anonymous_5)
FN:113,(anonymous_6)
FN:132,(anonymous_7)
FN:197,(anonymous_8)
FN:206,(anonymous_9)
FN:208,(anonymous_10)
FN:221,(anonymous_11)
FN:222,(anonymous_12)
FN:225,(anonymous_13)
FN:233,(anonymous_14)
FN:280,(anonymous_15)
FN:299,(anonymous_16)
FN:300,(anonymous_17)
FN:307,(anonymous_18)
FN:327,(anonymous_19)
FN:340,(anonymous_20)
FN:367,(anonymous_21)
FN:469,(anonymous_22)
FN:510,(anonymous_23)
FN:518,(anonymous_24)
FNF:25
FNH:0
FNDA:0,(anonymous_0)
FNDA:0,(anonymous_1)
FNDA:0,(anonymous_2)
FNDA:0,(anonymous_3)
FNDA:0,(anonymous_4)
FNDA:0,(anonymous_5)
FNDA:0,(anonymous_6)
FNDA:0,(anonymous_7)
FNDA:0,(anonymous_8)
FNDA:0,(anonymous_9)
FNDA:0,(anonymous_10)
FNDA:0,(anonymous_11)
FNDA:0,(anonymous_12)
FNDA:0,(anonymous_13)
FNDA:0,(anonymous_14)
FNDA:0,(anonymous_15)
FNDA:0,(anonymous_16)
FNDA:0,(anonymous_17)
FNDA:0,(anonymous_18)
FNDA:0,(anonymous_19)
FNDA:0,(anonymous_20)
FNDA:0,(anonymous_21)
FNDA:0,(anonymous_22)
FNDA:0,(anonymous_23)
FNDA:0,(anonymous_24)
DA:32,0
DA:33,0
DA:36,0
DA:37,0
DA:38,0
DA:39,0
DA:40,0
DA:41,0
DA:43,0
DA:45,0
DA:46,0
DA:49,0
DA:50,0
DA:51,0
DA:55,0
DA:56,0
DA:57,0
DA:58,0
DA:68,0
DA:72,0
DA:75,0
DA:76,0
DA:80,0
DA:81,0
DA:82,0
DA:83,0
DA:89,0
DA:90,0
DA:92,0
DA:93,0
DA:101,0
DA:102,0
DA:108,0
DA:109,0
DA:113,0
DA:114,0
DA:115,0
DA:119,0
DA:121,0
DA:122,0
DA:126,0
DA:129,0
DA:130,0
DA:131,0
DA:133,0
DA:134,0
DA:137,0
DA:147,0
DA:156,0
DA:160,0
DA:161,0
DA:162,0
DA:164,0
DA:168,0
DA:169,0
DA:171,0
DA:181,0
DA:182,0
DA:184,0
DA:185,0
DA:186,0
DA:187,0
DA:188,0
DA:190,0
DA:191,0
DA:193,0
DA:197,0
DA:198,0
DA:207,0
DA:208,0
DA:210,0
DA:212,0
DA:213,0
DA:221,0
DA:222,0
DA:225,0
DA:226,0
DA:233,0
DA:241,0
DA:242,0
DA:253,0
DA:254,0
DA:280,0
DA:281,0
DA:299,0
DA:301,0
DA:307,0
DA:327,0
DA:328,0
DA:330,0
DA:341,0
DA:367,0
DA:388,0
DA:469,0
DA:510,0
DA:519,0
DA:541,0
LF:97
LH:0
BRDA:50,0,0,0
BRDA:50,0,1,0
BRDA:50,1,0,0
BRDA:50,1,1,0
BRDA:57,2,0,0
BRDA:57,2,1,0
BRDA:89,3,0,0
BRDA:89,3,1,0
BRDA:89,4,0,0
BRDA:89,4,1,0
BRDA:92,5,0,0
BRDA:92,5,1,0
BRDA:114,6,0,0
BRDA:114,6,1,0
BRDA:121,7,0,0
BRDA:121,7,1,0
BRDA:133,8,0,0
BRDA:133,8,1,0
BRDA:169,9,0,0
BRDA:169,9,1,0
BRDA:207,10,0,0
BRDA:207,10,1,0
BRDA:212,11,0,0
BRDA:212,11,1,0
BRDA:241,12,0,0
BRDA:241,12,1,0
BRDA:253,13,0,0
BRDA:253,13,1,0
BRDA:293,14,0,0
BRDA:293,14,1,0
BRDA:328,15,0,0
BRDA:328,15,1,0
BRDA:339,16,0,0
BRDA:339,16,1,0
BRDA:351,17,0,0
BRDA:351,17,1,0
BRDA:354,18,0,0
BRDA:354,18,1,0
BRDA:391,19,0,0
BRDA:391,19,1,0
BRDA:394,20,0,0
BRDA:394,20,1,0
BRDA:398,21,0,0
BRDA:398,21,1,0
BRDA:485,22,0,0
BRDA:485,22,1,0
BRDA:485,22,2,0
BRDA:490,23,0,0
BRDA:490,23,1,0
BRDA:490,23,2,0
BRF:50
BRH:0
end_of_record
TN:
SF:src/components/DryIceCalculator.tsx
FN:71,(anonymous_0)
FN:96,(anonymous_1)
FN:110,(anonymous_2)
FN:117,(anonymous_3)
FN:124,(anonymous_4)
FN:144,(anonymous_5)
FN:168,(anonymous_6)
FN:175,(anonymous_7)
FN:182,(anonymous_8)
FN:193,(anonymous_9)
FN:204,(anonymous_10)
FN:212,(anonymous_11)
FN:225,(anonymous_12)
FN:241,(anonymous_13)
FN:247,(anonymous_14)
FN:253,(anonymous_15)
FN:260,(anonymous_16)
FN:362,(anonymous_17)
FN:425,(anonymous_18)
FN:443,(anonymous_19)
FN:473,(anonymous_20)
FN:483,(anonymous_21)
FN:564,(anonymous_22)
FN:670,(anonymous_23)
FN:676,(anonymous_24)
FNF:25
FNH:0
FNDA:0,(anonymous_0)
FNDA:0,(anonymous_1)
FNDA:0,(anonymous_2)
FNDA:0,(anonymous_3)
FNDA:0,(anonymous_4)
FNDA:0,(anonymous_5)
FNDA:0,(anonymous_6)
FNDA:0,(anonymous_7)
FNDA:0,(anonymous_8)
FNDA:0,(anonymous_9)
FNDA:0,(anonymous_10)
FNDA:0,(anonymous_11)
FNDA:0,(anonymous_12)
FNDA:0,(anonymous_13)
FNDA:0,(anonymous_14)
FNDA:0,(anonymous_15)
FNDA:0,(anonymous_16)
FNDA:0,(anonymous_17)
FNDA:0,(anonymous_18)
FNDA:0,(anonymous_19)
FNDA:0,(anonymous_20)
FNDA:0,(anonymous_21)
FNDA:0,(anonymous_22)
FNDA:0,(anonymous_23)
FNDA:0,(anonymous_24)
DA:21,0
DA:37,0
DA:53,0
DA:62,0
DA:71,0
DA:75,0
DA:76,0
DA:77,0
DA:78,0
DA:79,0
DA:81,0
DA:82,0
DA:83,0
DA:85,0
DA:86,0
DA:87,0
DA:88,0
DA:90,0
DA:91,0
DA:93,0
DA:96,0
DA:97,0
DA:100,0
DA:104,0
DA:106,0
DA:108,0
DA:110,0
DA:113,0
DA:115,0
DA:117,0
DA:120,0
DA:122,0
DA:124,0
DA:127,0
DA:129,0
DA:130,0
DA:132,0
DA:133,0
DA:134,0
DA:136,0
DA:137,0
DA:140,0
DA:144,0
DA:145,0
DA:148,0
DA:152,0
DA:155,0
DA:156,0
DA:160,0
DA:161,0
DA:164,0
DA:166,0
DA:168,0
DA:169,0
DA:170,0
DA:173,0
DA:175,0
DA:176,0
DA:177,0
DA:180,0
DA:182,0
DA:183,0
DA:184,0
DA:187,0
DA:190,0
DA:193,0
DA:194,0
DA:195,0
DA:196,0
DA:197,0
DA:198,0
DA:199,0
DA:200,0
DA:201,0
DA:204,0
DA:205,0
DA:206,0
DA:207,0
DA:208,0
DA:209,0
DA:212,0
DA:213,0
DA:214,0
DA:215,0
DA:218,0
DA:219,0
DA:220,0
DA:221,0
DA:222,0
DA:225,0
DA:226,0
DA:227,0
DA:228,0
DA:230,0
DA:231,0
DA:232,0
DA:234,0
DA:237,0
DA:241,0
DA:242,0
DA:243,0
DA:244,0
DA:247,0
DA:248,0
DA:249,0
DA:250,0
DA:253,0
DA:254,0
DA:255,0
DA:256,0
DA:260,0
DA:266,0
DA:267,0
DA:268,0
DA:270,0
DA:272,0
DA:273,0
DA:274,0
DA:275,0
DA:277,0
DA:278,0
DA:280,0
DA:282,0
DA:283,0
DA:284,0
DA:285,0
DA:287,0
DA:288,0
DA:290,0
DA:292,0
DA:293,0
DA:294,0
DA:295,0
DA:297,0
DA:298,0
DA:300,0
DA:302,0
DA:303,0
DA:304,0
DA:305,0
DA:307,0
DA:308,0
DA:309,0
DA:310,0
DA:312,0
DA:315,0
DA:317,0
DA:318,0
[...]
FN:18,buildStringHazProSafetyDeviceDataRecordEvent
FNF:1
FNH:0
FNDA:0,buildStringHazProSafetyDeviceDataRecordEvent
DA:19,0
LF:1
LH:0
BRDA:24,0,0,0
BRDA:24,0,1,0
BRF:2
BRH:0
end_of_record
TN:
SF:src/utils/valtio/types/StringHazProShipmentRecord.ts
FN:19,buildStringHazProShipmentRecord
FN:24,(anonymous_1)
FN:25,(anonymous_2)
FNF:3
FNH:0
FNDA:0,buildStringHazProShipmentRecord
FNDA:0,(anonymous_1)
FNDA:0,(anonymous_2)
DA:20,0
DA:24,0
DA:26,0
LF:3
LH:0
BRF:0
BRH:0
end_of_record
TN:
SF:src/utils/valtio/types/StringHazProShipmentRecordEvent.ts
FN:18,buildStringHazProShipmentRecordEvent
FNF:1
FNH:0
FNDA:0,buildStringHazProShipmentRecordEvent
DA:19,0
LF:1
LH:0
BRDA:24,0,0,0
BRDA:24,0,1,0
BRF:2
BRH:0
end_of_record
TN:
SF:src/utils/valtio/types/StringHazProShipperAddressRecord.ts
FN:19,buildStringHazProShipperAddressRecord
FN:24,(anonymous_1)
FN:25,(anonymous_2)
FNF:3
FNH:0
FNDA:0,buildStringHazProShipperAddressRecord
FNDA:0,(anonymous_1)
FNDA:0,(anonymous_2)
DA:20,0
DA:24,0
DA:26,0
LF:3
LH:0
BRF:0
BRH:0
end_of_record
TN:
SF:src/utils/valtio/types/StringHazProShipperAddressRecordEvent.ts
FN:18,buildStringHazProShipperAddressRecordEvent
FNF:1
FNH:0
FNDA:0,buildStringHazProShipperAddressRecordEvent
DA:19,0
LF:1
LH:0
BRDA:24,0,0,0
BRDA:24,0,1,0
BRF:2
BRH:0
end_of_record
TN:
SF:src/utils/valtio/types/User.ts
FN:21,buildLifeCycleUserEvents
FN:22,(anonymous_1)
FN:34,upsertUserValtioEntity
FNF:3
FNH:0
FNDA:0,buildLifeCycleUserEvents
FNDA:0,(anonymous_1)
FNDA:0,upsertUserValtioEntity
DA:22,0
DA:23,0
DA:35,0
DA:36,0
DA:39,0
DA:40,0
DA:41,0
DA:44,0
DA:45,0
DA:46,0
DA:47,0
DA:48,0
DA:49,0
DA:50,0
LF:14
LH:0
BRDA:27,0,0,0
BRDA:27,0,1,0
BRDA:35,1,0,0
BRDA:35,1,1,0
BRDA:40,2,0,0
BRDA:40,2,1,0
BRF:6
BRH:0
end_of_record
TN:
SF:src/utils/valtio/types/VehicleFuelTypeHazProEnginePreparationDataRecord.ts
FN:19,buildVehicleFuelTypeHazProEnginePreparationDataRecord
FN:24,(anonymous_1)
FN:25,(anonymous_2)
FNF:3
FNH:0
FNDA:0,buildVehicleFuelTypeHazProEnginePreparationDataRecord
FNDA:0,(anonymous_1)
FNDA:0,(anonymous_2)
DA:20,0
DA:24,0
DA:26,0
LF:3
LH:0
BRF:0
BRH:0
end_of_record
TN:
SF:src/utils/valtio/types/VehicleFuelTypeHazProEnginePreparationDataRecordEvent.ts
FN:18,buildVehicleFuelTypeHazProEnginePreparationDataRecordEvent
FNF:1
FNH:0
FNDA:0,buildVehicleFuelTypeHazProEnginePreparationDataRecordEvent
DA:19,0
LF:1
LH:0
BRF:0
BRH:0
end_of_record
TN:
SF:src/utils/valtio/types/VolumeValue.ts
FN:21,buildLifeCycleVolumeValueEvents
FN:22,(anonymous_1)
FN:34,upsertVolumeValueValtioEntity
FNF:3
FNH:0
FNDA:0,buildLifeCycleVolumeValueEvents
FNDA:0,(anonymous_1)
FNDA:0,upsertVolumeValueValtioEntity
DA:22,0
DA:23,0
DA:35,0
DA:36,0
DA:39,0
DA:40,0
DA:41,0
DA:44,0
DA:45,0
DA:46,0
DA:47,0
DA:48,0
DA:49,0
DA:50,0
LF:14
LH:0
BRDA:27,0,0,0
BRDA:27,0,1,0
BRDA:35,1,0,0
BRDA:35,1,1,0
BRDA:40,2,0,0
BRDA:40,2,1,0
BRF:6
BRH:0
end_of_record
TN:
SF:src/utils/yjs/index.ts
FNF:0
FNH:0
LF:0
LH:0
BRF:0
BRH:0
end_of_record
TN:
SF:src/utils/yjs/__generated__/types/Reference.ts
FNF:0
FNH:0
LF:0
LH:0
BRF:0
BRH:0
end_of_record
TN:
SF:src/utils/yjs/__generated__/types/YDocBatteryVehicleData.ts
FNF:0
FNH:0
LF:0
LH:0
BRF:0
BRH:0
end_of_record
TN:
SF:src/utils/yjs/__generated__/types/YDocBooleanHazProBatteryVehicleDataRecord.ts
FNF:0
FNH:0
LF:0
LH:0
BRF:0
BRH:0
end_of_record
TN:
SF:src/utils/yjs/__generated__/types/YDocBooleanHazProCapacitorDataRecord.ts
FNF:0
FNH:0
LF:0
LH:0
BRF:0
BRH:0
end_of_record
TN:
SF:src/utils/yjs/__generated__/types/YDocBooleanHazProDryIceDataRecord.ts
FNF:0
FNH:0
LF:0
LH:0
BRF:0
BRH:0
end_of_record
TN:
SF:src/utils/yjs/__generated__/types/YDocBooleanHazProEnginePreparationDataRecord.ts
FNF:0
FNH:0
LF:0
LH:0
BRF:0
BRH:0
end_of_record
TN:
SF:src/utils/yjs/__generated__/types/YDocBooleanHazProHazProPreparerContextRecord.ts
FNF:0
FNH:0
LF:0
LH:0
BRF:0
BRH:0
end_of_record
TN:
SF:src/utils/yjs/__generated__/types/YDocBooleanHazProInnerPackagingInspectionDataRecord.ts
FNF:0
FNH:0
LF:0
LH:0
BRF:0
BRH:0
end_of_record
TN:
SF:src/utils/yjs/__generated__/types/YDocBooleanHazProLithiumBatteryDataRecord.ts
FNF:0
FNH:0
LF:0
LH:0
BRF:0
BRH:0
end_of_record
TN:
SF:src/utils/yjs/__generated__/types/YDocBooleanHazProModifiersAndAcknowledgementsRecord.ts
FNF:0
FNH:0
LF:0
LH:0
BRF:0
BRH:0
end_of_record
TN:
SF:src/utils/yjs/__generated__/types/YDocBooleanHazProPackagingRecord.ts
FNF:0
FNH:0
LF:0
LH:0
BRF:0
BRH:0
end_of_record
TN:
SF:src/utils/yjs/__generated__/types/YDocBooleanHazProSafetyDeviceDataRecord.ts
FNF:0
FNH:0
LF:0
LH:0
BRF:0
BRH:0
end_of_record
TN:
SF:src/utils/yjs/__generated__/types/YDocCAADocument.ts
FNF:0
FNH:0
LF:0
LH:0
BRF:0
BRH:0
end_of_record
TN:
SF:src/utils/yjs/__generated__/types/YDocCOEDocument.ts
FNF:0
FNH:0
LF:0
LH:0
BRF:0
BRH:0
end_of_record
TN:
SF:src/utils/yjs/__generated__/types/YDocCapacitorData.ts
FNF:0
FNH:0
LF:0
LH:0
BRF:0
BRH:0
end_of_record
TN:
SF:src/utils/yjs/__generated__/types/YDocCombinationPackaging.ts
FNF:0
FNH:0
LF:0
LH:0
BRF:0
BRH:0
end_of_record
TN:
SF:src/utils/yjs/__generated__/types/YDocComplianceStatusHazProInnerPackagingInspectionDataRecord.ts
FNF:0
FNH:0
LF:0
LH:0
BRF:0
BRH:0
end_of_record
TN:
SF:src/utils/yjs/__generated__/types/YDocConsigneeAddress.ts
FNF:0
FNH:0
LF:0
LH:0
BRF:0
BRH:0
end_of_record
TN:
SF:src/utils/yjs/__generated__/types/YDocContainerTypeHazProInnerPackagingInspectionDataRecord.ts
FNF:0
FNH:0
LF:0
LH:0
BRF:0
BRH:0
end_of_record
TN:
SF:src/utils/yjs/__generated__/types/YDocCryogenicLiquidDetails.ts
FNF:0
FNH:0
LF:0
LH:0
BRF:0
BRH:0
end_of_record
TN:
SF:src/utils/yjs/__generated__/types/YDocCylinderDetails.ts
FNF:0
FNH:0
LF:0
LH:0
BRF:0
BRH:0
end_of_record
TN:
SF:src/utils/yjs/__generated__/types/YDocDOTSPWaiver.ts
FNF:0
FNH:0
LF:0
LH:0
BRF:0
BRH:0
end_of_record
TN:
SF:src/utils/yjs/__generated__/types/YDocDateHazProFrustrationRecord.ts
FNF:0
FNH:0
LF:0
LH:0
BRF:0
BRH:0
end_of_record
TN:
SF:src/utils/yjs/__generated__/types/YDocDateHazProInnerPackagingInspectionDataRecord.ts
FNF:0
FNH:0
LF:0
LH:0
BRF:0
BRH:0
end_of_record
TN:
SF:src/utils/yjs/__generated__/types/YDocDateHazProInspectorShipmentRecord.ts
FNF:0
FNH:0
LF:0
LH:0
BRF:0
BRH:0
end_of_record
TN:
SF:src/utils/yjs/__generated__/types/YDocDateHazProPackageFrustrationRecord.ts
FNF:0
FNH:0
LF:0
LH:0
BRF:0
BRH:0
end_of_record
TN:
SF:src/utils/yjs/__generated__/types/YDocDateHazProPreparerShipmentRecord.ts
FNF:0
FNH:0
LF:0
LH:0
BRF:0
BRH:0
end_of_record
TN:
SF:src/utils/yjs/__generated__/types/YDocDateHazProSDDGInspectionContextRecord.ts
FNF:0
FNH:0
LF:0
LH:0
BRF:0
BRH:0
end_of_record
TN:
SF:src/utils/yjs/__generated__/types/YDocDryIceData.ts
FNF:0
FNH:0
LF:0
LH:0
BRF:0
BRH:0
end_of_record
TN:
SF:src/utils/yjs/__generated__/types/YDocEmergencyPhoneNumber.ts
FNF:0
FNH:0
LF:0
LH:0
BRF:0
BRH:0
end_of_record
TN:
SF:src/utils/yjs/__generated__/types/YDocEnginePreparationData.ts
FNF:0
FNH:0
LF:0
LH:0
BRF:0
BRH:0
end_of_record
TN:
SF:src/utils/yjs/__generated__/types/YDocExplosiveContainer.ts
FNF:0
FNH:0
LF:0
LH:0
BRF:0
BRH:0
end_of_record
TN:
SF:src/utils/yjs/__generated__/types/YDocExtractedSDDGContent.ts
FNF:0
FNH:0
LF:0
LH:0
BRF:0
BRH:0
end_of_record
TN:
SF:src/utils/yjs/__generated__/types/YDocFloatHazProBatteryVehicleDataRecord.ts
FNF:0
FNH:0
LF:0
LH:0
BRF:0
BRH:0
end_of_record
TN:
SF:src/utils/yjs/__generated__/types/YDocFloatHazProCapacitorDataRecord.ts
FNF:0
FNH:0
LF:0
LH:0
BRF:0
BRH:0
end_of_record
TN:
SF:src/utils/yjs/__generated__/types/YDocFloatHazProEnginePreparationDataRecord.ts
FNF:0
FNH:0
LF:0
LH:0
BRF:0
BRH:0
end_of_record
TN:
SF:src/utils/yjs/__generated__/types/YDocFloatHazProExplosiveContainerRecord.ts
FNF:0
FNH:0
LF:0
LH:0
BRF:0
BRH:0
end_of_record
TN:
SF:src/utils/yjs/__generated__/types/YDocFloatHazProInspectorMagnetizedMaterialDataRecord.ts
FNF:0
FNH:0
LF:0
LH:0
BRF:0
BRH:0
end_of_record
TN:
SF:src/utils/yjs/__generated__/types/YDocFloatHazProLithiumBatteryDataRecord.ts
FNF:0
FNH:0
LF:0
LH:0
BRF:0
BRH:0
end_of_record
TN:
SF:src/utils/yjs/__generated__/types/YDocFloatHazProMagnetizedMaterialDataRecord.ts
FNF:0
FNH:0
LF:0
LH:0
BRF:0
BRH:0
end_of_record
TN:
SF:src/utils/yjs/__generated__/types/YDocFloatHazProMassValueRecord.ts
FNF:0
FNH:0
LF:0
LH:0
BRF:0
BRH:0
end_of_record
TN:
SF:src/utils/yjs/__generated__/types/YDocFloatHazProShipmentRecord.ts
FNF:0
FNH:0
LF:0
LH:0
BRF:0
BRH:0
end_of_record
TN:
SF:src/utils/yjs/__generated__/types/YDocFloatHazProVolumeValueRecord.ts
FNF:0
FNH:0
LF:0
LH:0
BRF:0
BRH:0
end_of_record
TN:
SF:src/utils/yjs/__generated__/types/YDocFrustration.ts
FNF:0
FNH:0
LF:0
LH:0
BRF:0
BRH:0
end_of_record
TN:
SF:src/utils/yjs/__generated__/types/YDocGMOShipmentData.ts
FNF:0
FNH:0
LF:0
LH:0
BRF:0
BRH:0
end_of_record
TN:
SF:src/utils/yjs/__generated__/types/YDocHazProPackageFrustrationCategoryRecord.ts
FNF:0
FNH:0
LF:0
LH:0
BRF:0
BRH:0
end_of_record
TN:
SF:src/utils/yjs/__generated__/types/YDocHazProPreparerContext.ts
FNF:0
FNH:0
LF:0
LH:0
BRF:0
BRH:0
end_of_record
TN:
SF:src/utils/yjs/__generated__/types/YDocHazProReinspectionAttemptActionRecord.ts
FNF:0
FNH:0
LF:0
LH:0
BRF:0
BRH:0
end_of_record
TN:
SF:src/utils/yjs/__generated__/types/YDocHazProReinspectionAttemptDateRecord.ts
FNF:0
FNH:0
LF:0
LH:0
BRF:0
BRH:0
end_of_record
TN:
SF:src/utils/yjs/__generated__/types/YDocHazardousMaterialItem.ts
FNF:0
FNH:0
LF:0
LH:0
BRF:0
BRH:0
end_of_record
TN:
SF:src/utils/yjs/__generated__/types/YDocInnerPackagingInspectionData.ts
FNF:0
FNH:0
LF:0
LH:0
BRF:0
BRH:0
end_of_record
TN:
SF:src/utils/yjs/__generated__/types/YDocInnerPackagingInspectionItem.ts
FNF:0
FNH:0
LF:0
LH:0
BRF:0
BRH:0
end_of_record
TN:
SF:src/utils/yjs/__generated__/types/YDocInnerPackagingInspectionItemStatusHazProInnerPackagingInspectionItemRecord.ts
FNF:0
FNH:0
LF:0
LH:0
BRF:0
BRH:0
end_of_record
TN:
SF:src/utils/yjs/__generated__/types/YDocInspectionItemStatusHazProInspectorShipmentRecord.ts
FNF:0
FNH:0
LF:0
LH:0
BRF:0
BRH:0
end_of_record
TN:
SF:src/utils/yjs/__generated__/types/YDocInspectionStatusHazProInspectorShipmentRecord.ts
FNF:0
FNH:0
LF:0
LH:0
BRF:0
BRH:0
end_of_record
TN:
SF:src/utils/yjs/__generated__/types/YDocInspector.ts
FNF:0
FNH:0
LF:0
LH:0
BRF:0
BRH:0
end_of_record
TN:
SF:src/utils/yjs/__generated__/types/YDocInspectorMagnetizedMaterialData.ts
FNF:0
FNH:0
LF:0
LH:0
BRF:0
BRH:0
end_of_record
TN:
SF:src/utils/yjs/__generated__/types/YDocInspectorShipment.ts
FNF:0
FNH:0
LF:0
LH:0
BRF:0
BRH:0
end_of_record
TN:
SF:src/utils/yjs/__generated__/types/YDocIntHazProBatteryVehicleDataRecord.ts
FNF:0
FNH:0
LF:0
LH:0
BRF:0
BRH:0
end_of_record
TN:
SF:src/utils/yjs/__generated__/types/YDocIntHazProCapacitorDataRecord.ts
FNF:0
FNH:0
LF:0
LH:0
BRF:0
BRH:0
end_of_record
TN:
SF:src/utils/yjs/__generated__/types/YDocIntHazProCombinationPackagingRecord.ts
FNF:0
FNH:0
LF:0
LH:0
BRF:0
BRH:0
end_of_record
TN:
SF:src/utils/yjs/__generated__/types/YDocIntHazProExplosiveContainerRecord.ts
FNF:0
FNH:0
LF:0
LH:0
BRF:0
BRH:0
end_of_record
TN:
SF:src/utils/yjs/__generated__/types/YDocIntHazProHazProPreparerContextRecord.ts
FNF:0
FNH:0
LF:0
LH:0
BRF:0
BRH:0
end_of_record
TN:
SF:src/utils/yjs/__generated__/types/YDocIntHazProInspectorCountRecord.ts
FNF:0
FNH:0
LF:0
LH:0
BRF:0
BRH:0
end_of_record
TN:
SF:src/utils/yjs/__generated__/types/YDocIntHazProInspectorShipmentRecord.ts
FNF:0
FNH:0
LF:0
LH:0
BRF:0
BRH:0
end_of_record
TN:
SF:src/utils/yjs/__generated__/types/YDocIntHazProLifeSavingApplianceDataRecord.ts
FNF:0
FNH:0
LF:0
LH:0
BRF:0
BRH:0
end_of_record
TN:
SF:src/utils/yjs/__generated__/types/YDocIntHazProLithiumBatteryDataRecord.ts
FNF:0
FNH:0
LF:0
LH:0
BRF:0
BRH:0
end_of_record
TN:
SF:src/utils/yjs/__generated__/types/YDocIntHazProSafetyDeviceDataRecord.ts
FNF:0
FNH:0
LF:0
LH:0
BRF:0
BRH:0
end_of_record
TN:
SF:src/utils/yjs/__generated__/types/YDocKitPreparationData.ts
FNF:0
FNH:0
LF:0
LH:0
BRF:0
BRH:0
end_of_record
TN:
SF:src/utils/yjs/__generated__/types/YDocLifeSavingApplianceData.ts
FNF:0
FNH:0
LF:0
LH:0
BRF:0
BRH:0
end_of_record
TN:
SF:src/utils/yjs/__generated__/types/YDocLithiumBatteryData.ts
FNF:0
FNH:0
LF:0
LH:0
BRF:0
BRH:0
end_of_record
TN:
SF:src/utils/yjs/__generated__/types/YDocMagnetizedMaterialData.ts
FNF:0
FNH:0
LF:0
LH:0
BRF:0
BRH:0
end_of_record
TN:
SF:src/utils/yjs/__generated__/types/YDocMagnetizedMaterialInspectionComplianceResultHazProInspectorMagnetizedMaterialDataRecord.ts
FNF:0
FNH:0
LF:0
LH:0
BRF:0
BRH:0
end_of_record
TN:
SF:src/utils/yjs/__generated__/types/YDocMagnetizedMaterialInspectionItemResultHazProInspectorMagnetizedMaterialDataRecord.ts
FNF:0
FNH:0
LF:0
LH:0
BRF:0
BRH:0
end_of_record
TN:
SF:src/utils/yjs/__generated__/types/YDocMassValue.ts
FNF:0
FNH:0
LF:0
LH:0
BRF:0
BRH:0
end_of_record
TN:
SF:src/utils/yjs/__generated__/types/YDocModifiersAndAcknowledgements.ts
FNF:0
FNH:0
LF:0
LH:0
BRF:0
BRH:0
end_of_record
TN:
SF:src/utils/yjs/__generated__/types/YDocPOPMarking.ts
FNF:0
FNH:0
LF:0
LH:0
BRF:0
BRH:0
end_of_record
TN:
SF:src/utils/yjs/__generated__/types/YDocPackageFrustration.ts
FNF:0
FNH:0
LF:0
LH:0
BRF:0
BRH:0
end_of_record
TN:
SF:src/utils/yjs/__generated__/types/YDocPackagePopMarking.ts
FNF:0
FNH:0
LF:0
LH:0
BRF:0
BRH:0
end_of_record
TN:
SF:src/utils/yjs/__generated__/types/YDocPackaging.ts
FNF:0
FNH:0
LF:0
LH:0
BRF:0
BRH:0
end_of_record
TN:
SF:src/utils/yjs/__generated__/types/YDocPackagingTypeHazProPackagingRecord.ts
FNF:0
FNH:0
LF:0
LH:0
BRF:0
BRH:0
end_of_record
TN:
SF:src/utils/yjs/__generated__/types/YDocPackagingTypeInfo.ts
FNF:0
FNH:0
LF:0
LH:0
BRF:0
BRH:0
end_of_record
TN:
SF:src/utils/yjs/__generated__/types/YDocPreparer.ts
FNF:0
FNH:0
LF:0
LH:0
BRF:0
BRH:0
end_of_record
TN:
SF:src/utils/yjs/__generated__/types/YDocPreparerShipment.ts
FNF:0
FNH:0
LF:0
LH:0
BRF:0
BRH:0
end_of_record
TN:
SF:src/utils/yjs/__generated__/types/YDocQuantityUnitHazProCylinderDetailsRecord.ts
FNF:0
FNH:0
LF:0
LH:0
BRF:0
BRH:0
end_of_record
TN:
SF:src/utils/yjs/__generated__/types/YDocQuantityValue.ts
FNF:0
FNH:0
LF:0
LH:0
BRF:0
BRH:0
end_of_record
TN:
SF:src/utils/yjs/__generated__/types/YDocReinspectionAttempt.ts
FNF:0
FNH:0
LF:0
LH:0
BRF:0
BRH:0
end_of_record
TN:
SF:src/utils/yjs/__generated__/types/YDocSDDGInspectionContext.ts
FNF:0
FNH:0
LF:0
LH:0
BRF:0
BRH:0
end_of_record
TN:
SF:src/utils/yjs/__generated__/types/YDocSafetyDeviceData.ts
FNF:0
FNH:0
LF:0
LH:0
BRF:0
BRH:0
end_of_record
TN:
SF:src/utils/yjs/__generated__/types/YDocShipment.ts
FNF:0
FNH:0
LF:0
LH:0
BRF:0
BRH:0
end_of_record
TN:
SF:src/utils/yjs/__generated__/types/YDocShipperAddress.ts
FNF:0
FNH:0
LF:0
LH:0
BRF:0
BRH:0
end_of_record
TN:
SF:src/utils/yjs/__generated__/types/YDocStringHazProBatteryVehicleDataRecord.ts
FNF:0
FNH:0
LF:0
LH:0
BRF:0
BRH:0
end_of_record
TN:
SF:src/utils/yjs/__generated__/types/YDocStringHazProCAADocumentRecord.ts
FNF:0
FNH:0
LF:0
LH:0
BRF:0
BRH:0
end_of_record
TN:
SF:src/utils/yjs/__generated__/types/YDocStringHazProCOEDocumentRecord.ts
FNF:0
FNH:0
LF:0
LH:0
BRF:0
BRH:0
end_of_record
TN:
SF:src/utils/yjs/__generated__/types/YDocStringHazProCapacitorDataRecord.ts
FNF:0
FNH:0
LF:0
LH:0
BRF:0
BRH:0
end_of_record
TN:
SF:src/utils/yjs/__generated__/types/YDocStringHazProCombinationPackagingRecord.ts
FNF:0
FNH:0
LF:0
LH:0
BRF:0
BRH:0
end_of_record
TN:
SF:src/utils/yjs/__generated__/types/YDocStringHazProConsigneeAddressRecord.ts
FNF:0
FNH:0
LF:0
LH:0
BRF:0
BRH:0
end_of_record
TN:
SF:src/utils/yjs/__generated__/types/YDocStringHazProCryogenicLiquidDetailsRecord.ts
FNF:0
FNH:0
LF:0
LH:0
BRF:0
BRH:0
end_of_record
TN:
SF:src/utils/yjs/__generated__/types/YDocStringHazProCylinderDetailsRecord.ts
FNF:0
FNH:0
LF:0
LH:0
BRF:0
BRH:0
end_of_record
TN:
SF:src/utils/yjs/__generated__/types/YDocStringHazProDOTSPWaiverRecord.ts
FNF:0
FNH:0
LF:0
LH:0
BRF:0
BRH:0
end_of_record
TN:
SF:src/utils/yjs/__generated__/types/YDocStringHazProDryIceDataRecord.ts
FNF:0
FNH:0
LF:0
LH:0
BRF:0
BRH:0
end_of_record
TN:
SF:src/utils/yjs/__generated__/types/YDocStringHazProEmergencyPhoneNumberRecord.ts
FNF:0
FNH:0
LF:0
LH:0
BRF:0
BRH:0
end_of_record
TN:
SF:src/utils/yjs/__generated__/types/YDocStringHazProEnginePreparationDataRecord.ts
FNF:0
FNH:0
LF:0
LH:0
BRF:0
BRH:0
end_of_record
TN:
SF:src/utils/yjs/__generated__/types/YDocStringHazProExplosiveContainerRecord.ts
FNF:0
FNH:0
LF:0
LH:0
BRF:0
BRH:0
end_of_record
TN:
SF:src/utils/yjs/__generated__/types/YDocStringHazProExtractedSDDGContentRecord.ts
FNF:0
FNH:0
LF:0
LH:0
BRF:0
BRH:0
end_of_record
TN:
SF:src/utils/yjs/__generated__/types/YDocStringHazProFrustrationRecord.ts
FNF:0
FNH:0
LF:0
LH:0
BRF:0
BRH:0
end_of_record
TN:
SF:src/utils/yjs/__generated__/types/YDocStringHazProGMOShipmentDataRecord.ts
FNF:0
FNH:0
LF:0
LH:0
BRF:0
BRH:0
end_of_record
TN:
SF:src/utils/yjs/__generated__/types/YDocStringHazProHazProPreparerContextRecord.ts
FNF:0
FNH:0
LF:0
LH:0
BRF:0
BRH:0
end_of_record
TN:
SF:src/utils/yjs/__generated__/types/YDocStringHazProHazardousMaterialItemRecord.ts
FNF:0
FNH:0
LF:0
LH:0
BRF:0
BRH:0
end_of_record
TN:
SF:src/utils/yjs/__generated__/types/YDocStringHazProInnerPackagingInspectionDataRecord.ts
FNF:0
FNH:0
LF:0
LH:0
BRF:0
BRH:0
end_of_record
TN:
SF:src/utils/yjs/__generated__/types/YDocStringHazProInnerPackagingInspectionItemRecord.ts
FNF:0
FNH:0
LF:0
LH:0
BRF:0
BRH:0
end_of_record
TN:
SF:src/utils/yjs/__generated__/types/YDocStringHazProInspectorMagnetizedMaterialDataRecord.ts
FNF:0
FNH:0
LF:0
LH:0
BRF:0
BRH:0
end_of_record
TN:
SF:src/utils/yjs/__generated__/types/YDocStringHazProInspectorRecord.ts
FNF:0
FNH:0
LF:0
LH:0
BRF:0
BRH:0
end_of_record
TN:
SF:src/utils/yjs/__generated__/types/YDocStringHazProInspectorShipmentRecord.ts
FNF:0
FNH:0
LF:0
LH:0
BRF:0
BRH:0
end_of_record
TN:
SF:src/utils/yjs/__generated__/types/YDocStringHazProKitPreparationDataRecord.ts
FNF:0
FNH:0
LF:0
LH:0
BRF:0
BRH:0
end_of_record
TN:
SF:src/utils/yjs/__generated__/types/YDocStringHazProLifeSavingApplianceDataRecord.ts
FNF:0
FNH:0
LF:0
LH:0
BRF:0
BRH:0
end_of_record
TN:
SF:src/utils/yjs/__generated__/types/YDocStringHazProLithiumBatteryDataRecord.ts
FNF:0
FNH:0
LF:0
LH:0
BRF:0
BRH:0
end_of_record
TN:
SF:src/utils/yjs/__generated__/types/YDocStringHazProMagnetizedMaterialDataRecord.ts
FNF:0
FNH:0
LF:0
LH:0
BRF:0
BRH:0
end_of_record
TN:
SF:src/utils/yjs/__generated__/types/YDocStringHazProPOPMarkingRecord.ts
FNF:0
FNH:0
LF:0
LH:0
BRF:0
BRH:0
end_of_record
TN:
SF:src/utils/yjs/__generated__/types/YDocStringHazProPackageFrustrationRecord.ts
FNF:0
FNH:0
LF:0
LH:0
BRF:0
BRH:0
end_of_record
TN:
SF:src/utils/yjs/__generated__/types/YDocStringHazProPackagePopMarkingRecord.ts
FNF:0
FNH:0
LF:0
LH:0
BRF:0
BRH:0
end_of_record
TN:
SF:src/utils/yjs/__generated__/types/YDocStringHazProPackagingRecord.ts
FNF:0
FNH:0
LF:0
LH:0
BRF:0
BRH:0
end_of_record
TN:
SF:src/utils/yjs/__generated__/types/YDocStringHazProPackagingTypeInfoRecord.ts
FNF:0
FNH:0
LF:0
LH:0
BRF:0
BRH:0
end_of_record
TN:
SF:src/utils/yjs/__generated__/types/YDocStringHazProPreparerRecord.ts
FNF:0
FNH:0
LF:0
LH:0
BRF:0
BRH:0
end_of_record
TN:
SF:src/utils/yjs/__generated__/types/YDocStringHazProPreparerShipmentRecord.ts
FNF:0
FNH:0
LF:0
LH:0
BRF:0
BRH:0
end_of_record
TN:
SF:src/utils/yjs/__generated__/types/YDocStringHazProQuantityValueRecord.ts
FNF:0
FNH:0
LF:0
LH:0
BRF:0
BRH:0
end_of_record
TN:
SF:src/utils/yjs/__generated__/types/YDocStringHazProReinspectionAttemptRecord.ts
FNF:0
FNH:0
LF:0
LH:0
BRF:0
BRH:0
end_of_record
TN:
SF:src/utils/yjs/__generated__/types/YDocStringHazProSDDGInspectionContextRecord.ts
FNF:0
FNH:0
LF:0
LH:0
BRF:0
BRH:0
end_of_record
TN:
SF:src/utils/yjs/__generated__/types/YDocStringHazProSafetyDeviceDataRecord.ts
FNF:0
FNH:0
LF:0
LH:0
BRF:0
BRH:0
end_of_record
TN:
SF:src/utils/yjs/__generated__/types/YDocStringHazProShipmentRecord.ts
FNF:0
FNH:0
LF:0
LH:0
BRF:0
BRH:0
end_of_record
TN:
SF:src/utils/yjs/__generated__/types/YDocStringHazProShipperAddressRecord.ts
FNF:0
FNH:0
LF:0
LH:0
BRF:0
BRH:0
end_of_record
TN:
SF:src/utils/yjs/__generated__/types/YDocUser.ts
FNF:0
FNH:0
LF:0
LH:0
BRF:0
BRH:0
end_of_record
TN:
SF:src/utils/yjs/__generated__/types/YDocVehicleFuelTypeHazProEnginePreparationDataRecord.ts
FNF:0
FNH:0
LF:0
LH:0
BRF:0
BRH:0
end_of_record
TN:
SF:src/utils/yjs/__generated__/types/YDocVolumeValue.ts
FNF:0
FNH:0
LF:0
LH:0
BRF:0
BRH:0
end_of_record
