TN:
SF:src/screens/preparer/LabelingAndMarkingScreen.tsx
FN:24,(anonymous_0)
FN:46,(anonymous_1)
FN:63,(anonymous_2)
FN:68,(anonymous_3)
FN:84,(anonymous_4)
FN:90,(anonymous_5)
FN:95,(anonymous_6)
FN:104,(anonymous_7)
FN:161,(anonymous_8)
FNF:9
FNH:6
FNDA:8,(anonymous_0)
FNDA:8,(anonymous_1)
FNDA:0,(anonymous_2)
FNDA:0,(anonymous_3)
FNDA:1,(anonymous_4)
FNDA:1,(anonymous_5)
FNDA:1,(anonymous_6)
FNDA:8,(anonymous_7)
FNDA:0,(anonymous_8)
DA:24,1
DA:34,8
DA:35,8
DA:37,8
DA:38,8
DA:40,8
DA:41,8
DA:42,8
DA:43,8
DA:46,8
DA:47,8
DA:48,8
DA:63,8
DA:64,0
DA:68,8
DA:70,0
DA:71,0
DA:72,0
DA:73,0
DA:74,0
DA:78,0
DA:79,0
DA:84,8
DA:85,1
DA:86,1
DA:87,1
DA:90,8
DA:91,1
DA:92,1
DA:95,8
DA:96,1
DA:100,1
DA:104,8
DA:105,8
DA:106,1
DA:110,8
DA:111,1
DA:115,7
DA:134,7
DA:135,1
DA:146,6
DA:161,0
DA:169,1
LF:43
LH:34
BRDA:43,0,0,8
BRDA:43,0,1,0
BRDA:71,1,0,0
BRDA:71,1,1,0
BRDA:105,2,0,1
BRDA:105,2,1,7
BRDA:110,3,0,1
BRDA:110,3,1,7
BRDA:134,4,0,1
BRDA:134,4,1,6
BRF:10
BRH:7
end_of_record
